2025-10-22 12:39:51,539 - INFO - Log file: logs/kafka_alter_20251022_123951.log
2025-10-22 12:39:51,543 - INFO - ✓ Configuration loaded and validated
2025-10-22 12:39:51,547 - INFO - Using Kafka tools: /usr/odp/3.2.2.0-1/kafka/bin
2025-10-22 12:39:51,547 - INFO - ================================================================================
2025-10-22 12:39:51,547 - INFO - KAFKA TOPIC ALTERATION
2025-10-22 12:39:51,547 - INFO - ================================================================================
2025-10-22 12:39:51,547 - INFO - Topic: user-events
2025-10-22 12:39:51,547 - INFO - Dry run: True
2025-10-22 12:39:51,548 - INFO - ================================================================================
2025-10-22 12:39:51,548 - INFO - Testing broker connectivity...
2025-10-22 12:39:51,548 - DEBUG - Running: /usr/odp/3.2.2.0-1/kafka/bin/kafka-broker-api-versions.sh --bootstrap-server stg-hdpashique101:6667,stg-hdpashique102:6667
2025-10-22 12:39:54,178 - INFO - ✓ Connected to brokers
2025-10-22 12:39:54,178 - INFO - 
================================================================================
2025-10-22 12:39:54,179 - INFO - PROCESSING: PARTITION ALTERATION
2025-10-22 12:39:54,179 - INFO - ================================================================================
2025-10-22 12:39:54,179 - INFO - ================================================================================
2025-10-22 12:39:54,179 - INFO - PARTITION INCREASE PRE-CHECKS
2025-10-22 12:39:54,179 - INFO - ================================================================================
2025-10-22 12:39:54,179 - DEBUG - Running: /usr/odp/3.2.2.0-1/kafka/bin/kafka-topics.sh --bootstrap-server stg-hdpashique101:6667,stg-hdpashique102:6667 --describe --topic user-events
2025-10-22 12:39:57,016 - INFO - ✓ Topic exists
2025-10-22 12:39:57,017 - INFO - Current partitions: 24
2025-10-22 12:39:57,017 - WARNING - ⚠ Partition count mismatch
2025-10-22 12:39:57,017 - ERROR - ✗ Invalid target partition count
2025-10-22 12:39:57,017 - ERROR - Pre-checks failed
2025-10-22 12:39:57,017 - INFO - 
================================================================================
2025-10-22 12:39:57,017 - INFO - OPERATION SUMMARY
2025-10-22 12:39:57,017 - INFO - ================================================================================
2025-10-22 12:39:57,017 - ERROR - Errors: 1
2025-10-22 12:39:57,017 - ERROR -   - Target (24) must be > current (24)
2025-10-22 12:39:57,017 - ERROR - ✗ Operation failed
2025-10-22 12:39:57,018 - INFO - ================================================================================
