2025-10-26 01:27:05,617 - KafkaLeaderDemotion - INFO - [setup_logging:77] - Logging initialized. Log file: ./logs/kafka_leader_demotion_20251026_012705.log
2025-10-26 01:27:05,617 - KafkaLeaderDemotion - INFO - [main:1602] - Loading configuration from leader-demoter-input.yaml
2025-10-26 01:27:05,620 - KafkaLeaderDemotion - INFO - [_load_config:106] - Configuration loaded from leader-demoter-input.yaml
2025-10-26 01:27:05,621 - KafkaLeaderDemotion - INFO - [_validate_config:132] - Configuration validation passed
2025-10-26 01:27:05,621 - KafkaLeaderDemotion - INFO - [main:1606] - Initializing Kafka cluster manager
2025-10-26 01:27:05,621 - KafkaLeaderDemotion - INFO - [main:1631] - Operating in DEMOTION mode for broker 1001
2025-10-26 01:27:05,621 - KafkaLeaderDemotion - INFO - [run_all_checks:660] - ======================================================================
2025-10-26 01:27:05,621 - KafkaLeaderDemotion - INFO - [run_all_checks:661] - STARTING PRE-CHECK VALIDATION
2025-10-26 01:27:05,621 - KafkaLeaderDemotion - INFO - [run_all_checks:662] - ======================================================================
2025-10-26 01:27:05,621 - KafkaLeaderDemotion - INFO - [run_all_checks:675] - 
──────────────────────────────────────────────────────────────────────
2025-10-26 01:27:05,621 - KafkaLeaderDemotion - INFO - [run_all_checks:676] - CHECK: Controller Health
2025-10-26 01:27:05,621 - KafkaLeaderDemotion - INFO - [run_all_checks:677] - ──────────────────────────────────────────────────────────────────────
2025-10-26 01:27:05,621 - KafkaLeaderDemotion - INFO - [check_controller_health:595] - Checking controller health
2025-10-26 01:27:07,761 - KafkaLeaderDemotion - INFO - [check_controller_health:613] - Controller is broker 1003
2025-10-26 01:27:07,761 - KafkaLeaderDemotion - INFO - [run_all_checks:681] - ✓ Controller Health: PASSED
2025-10-26 01:27:07,761 - KafkaLeaderDemotion - INFO - [run_all_checks:675] - 
──────────────────────────────────────────────────────────────────────
2025-10-26 01:27:07,761 - KafkaLeaderDemotion - INFO - [run_all_checks:676] - CHECK: Broker Existence
2025-10-26 01:27:07,761 - KafkaLeaderDemotion - INFO - [run_all_checks:677] - ──────────────────────────────────────────────────────────────────────
2025-10-26 01:27:07,762 - KafkaLeaderDemotion - INFO - [get_all_brokers:355] - Fetching all broker IDs
2025-10-26 01:27:09,774 - KafkaLeaderDemotion - DEBUG - [get_broker_hostname:307] - Fetching hostname for broker 1001
2025-10-26 01:27:11,803 - KafkaLeaderDemotion - INFO - [get_broker_hostname:325] - Broker 1001 hostname: stg-hdpashique103.phonepe.nb6
2025-10-26 01:27:11,803 - KafkaLeaderDemotion - DEBUG - [get_broker_hostname:307] - Fetching hostname for broker 1002
2025-10-26 01:27:13,775 - KafkaLeaderDemotion - INFO - [get_broker_hostname:325] - Broker 1002 hostname: stg-hdpashique102.phonepe.nb6
2025-10-26 01:27:13,775 - KafkaLeaderDemotion - DEBUG - [get_broker_hostname:307] - Fetching hostname for broker 1003
2025-10-26 01:27:15,753 - KafkaLeaderDemotion - INFO - [get_broker_hostname:325] - Broker 1003 hostname: stg-hdpashique101.phonepe.nb6
2025-10-26 01:27:15,753 - KafkaLeaderDemotion - DEBUG - [get_broker_hostname:307] - Fetching hostname for broker 1004
2025-10-26 01:27:17,704 - KafkaLeaderDemotion - INFO - [get_broker_hostname:325] - Broker 1004 hostname: stg-hdpashique104.phonepe.nb6
2025-10-26 01:27:17,705 - KafkaLeaderDemotion - INFO - [get_all_brokers:383] - Found 4 brokers in cluster
2025-10-26 01:27:17,705 - KafkaLeaderDemotion - INFO - [_check_broker_exists:707] - Broker 1001 found: stg-hdpashique103.phonepe.nb6
2025-10-26 01:27:17,705 - KafkaLeaderDemotion - INFO - [run_all_checks:681] - ✓ Broker Existence: PASSED
2025-10-26 01:27:17,705 - KafkaLeaderDemotion - INFO - [run_all_checks:675] - 
──────────────────────────────────────────────────────────────────────
2025-10-26 01:27:17,705 - KafkaLeaderDemotion - INFO - [run_all_checks:676] - CHECK: Under-Replicated Partitions
2025-10-26 01:27:17,705 - KafkaLeaderDemotion - INFO - [run_all_checks:677] - ──────────────────────────────────────────────────────────────────────
2025-10-26 01:27:17,705 - KafkaLeaderDemotion - INFO - [get_partition_metadata:404] - Fetching partition metadata
2025-10-26 01:27:20,617 - KafkaLeaderDemotion - DEBUG - [get_partition_metadata:433] - Found topic: secound
2025-10-26 01:27:20,617 - KafkaLeaderDemotion - DEBUG - [get_partition_metadata:472] - Added partition: secound-0, Leader=1004, Replicas=[1004, 1002, 1001], ISR=[1002, 1001, 1004]
2025-10-26 01:27:20,617 - KafkaLeaderDemotion - DEBUG - [get_partition_metadata:472] - Added partition: secound-1, Leader=1002, Replicas=[1002, 1004, 1001], ISR=[1002, 1004, 1001]
2025-10-26 01:27:20,617 - KafkaLeaderDemotion - DEBUG - [get_partition_metadata:472] - Added partition: secound-2, Leader=1001, Replicas=[1001, 1004, 1002], ISR=[1001, 1004, 1002]
2025-10-26 01:27:20,617 - KafkaLeaderDemotion - DEBUG - [get_partition_metadata:433] - Found topic: production2
2025-10-26 01:27:20,617 - KafkaLeaderDemotion - DEBUG - [get_partition_metadata:472] - Added partition: production2-0, Leader=1003, Replicas=[1003, 1004, 1002], ISR=[1004, 1003, 1002]
2025-10-26 01:27:20,618 - KafkaLeaderDemotion - DEBUG - [get_partition_metadata:472] - Added partition: production2-1, Leader=1003, Replicas=[1003, 1001, 1004], ISR=[1004, 1003, 1001]
2025-10-26 01:27:20,618 - KafkaLeaderDemotion - DEBUG - [get_partition_metadata:472] - Added partition: production2-2, Leader=1003, Replicas=[1003, 1002, 1001], ISR=[1001, 1003, 1002]
2025-10-26 01:27:20,618 - KafkaLeaderDemotion - DEBUG - [get_partition_metadata:472] - Added partition: production2-3, Leader=1002, Replicas=[1002, 1004, 1001], ISR=[1001, 1002, 1004]
2025-10-26 01:27:20,618 - KafkaLeaderDemotion - DEBUG - [get_partition_metadata:472] - Added partition: production2-4, Leader=1003, Replicas=[1003, 1004, 1002], ISR=[1004, 1002, 1003]
2025-10-26 01:27:20,618 - KafkaLeaderDemotion - DEBUG - [get_partition_metadata:472] - Added partition: production2-5, Leader=1003, Replicas=[1003, 1001, 1004], ISR=[1004, 1001, 1003]
2025-10-26 01:27:20,618 - KafkaLeaderDemotion - DEBUG - [get_partition_metadata:472] - Added partition: production2-6, Leader=1003, Replicas=[1003, 1002, 1001], ISR=[1001, 1002, 1003]
2025-10-26 01:27:20,618 - KafkaLeaderDemotion - DEBUG - [get_partition_metadata:472] - Added partition: production2-7, Leader=1002, Replicas=[1002, 1003, 1004], ISR=[1002, 1004, 1003]
2025-10-26 01:27:20,618 - KafkaLeaderDemotion - DEBUG - [get_partition_metadata:472] - Added partition: production2-8, Leader=1004, Replicas=[1004, 1001, 1003], ISR=[1001, 1004, 1003]
2025-10-26 01:27:20,618 - KafkaLeaderDemotion - DEBUG - [get_partition_metadata:472] - Added partition: production2-9, Leader=1001, Replicas=[1001, 1002, 1003], ISR=[1002, 1001, 1003]
2025-10-26 01:27:20,618 - KafkaLeaderDemotion - DEBUG - [get_partition_metadata:433] - Found topic: test.event
2025-10-26 01:27:20,618 - KafkaLeaderDemotion - DEBUG - [get_partition_metadata:472] - Added partition: test.event-0, Leader=1002, Replicas=[1002, 1004, 1001], ISR=[1002, 1004, 1001]
2025-10-26 01:27:20,618 - KafkaLeaderDemotion - DEBUG - [get_partition_metadata:472] - Added partition: test.event-1, Leader=1004, Replicas=[1004, 1003, 1002], ISR=[1004, 1003, 1002]
2025-10-26 01:27:20,619 - KafkaLeaderDemotion - DEBUG - [get_partition_metadata:472] - Added partition: test.event-2, Leader=1001, Replicas=[1001, 1003, 1004], ISR=[1001, 1003, 1004]
2025-10-26 01:27:20,619 - KafkaLeaderDemotion - DEBUG - [get_partition_metadata:472] - Added partition: test.event-3, Leader=1002, Replicas=[1002, 1001, 1003], ISR=[1002, 1003, 1001]
2025-10-26 01:27:20,619 - KafkaLeaderDemotion - DEBUG - [get_partition_metadata:472] - Added partition: test.event-4, Leader=1004, Replicas=[1004, 1002, 1001], ISR=[1001, 1004, 1002]
2025-10-26 01:27:20,619 - KafkaLeaderDemotion - DEBUG - [get_partition_metadata:472] - Added partition: test.event-5, Leader=1004, Replicas=[1004, 1003, 1002], ISR=[1002, 1003, 1004]
2025-10-26 01:27:20,619 - KafkaLeaderDemotion - DEBUG - [get_partition_metadata:433] - Found topic: user-events
2025-10-26 01:27:20,619 - KafkaLeaderDemotion - DEBUG - [get_partition_metadata:472] - Added partition: user-events-0, Leader=1004, Replicas=[1004, 1002, 1001], ISR=[1002, 1001, 1004]
2025-10-26 01:27:20,619 - KafkaLeaderDemotion - DEBUG - [get_partition_metadata:472] - Added partition: user-events-1, Leader=1002, Replicas=[1002, 1004, 1001], ISR=[1002, 1004, 1001]
2025-10-26 01:27:20,619 - KafkaLeaderDemotion - DEBUG - [get_partition_metadata:472] - Added partition: user-events-2, Leader=1004, Replicas=[1004, 1002, 1001], ISR=[1001, 1004, 1002]
2025-10-26 01:27:20,619 - KafkaLeaderDemotion - DEBUG - [get_partition_metadata:472] - Added partition: user-events-3, Leader=1001, Replicas=[1001, 1004, 1002], ISR=[1002, 1001, 1004]
2025-10-26 01:27:20,619 - KafkaLeaderDemotion - DEBUG - [get_partition_metadata:472] - Added partition: user-events-4, Leader=1002, Replicas=[1002, 1004, 1001], ISR=[1002, 1004, 1001]
2025-10-26 01:27:20,619 - KafkaLeaderDemotion - DEBUG - [get_partition_metadata:472] - Added partition: user-events-5, Leader=1004, Replicas=[1004, 1002, 1001], ISR=[1001, 1004, 1002]
2025-10-26 01:27:20,620 - KafkaLeaderDemotion - DEBUG - [get_partition_metadata:472] - Added partition: user-events-6, Leader=1001, Replicas=[1001, 1004, 1002], ISR=[1002, 1001, 1004]
2025-10-26 01:27:20,620 - KafkaLeaderDemotion - DEBUG - [get_partition_metadata:472] - Added partition: user-events-7, Leader=1002, Replicas=[1002, 1001, 1004], ISR=[1002, 1004, 1001]
2025-10-26 01:27:20,620 - KafkaLeaderDemotion - DEBUG - [get_partition_metadata:472] - Added partition: user-events-8, Leader=1004, Replicas=[1004, 1002, 1001], ISR=[1001, 1004, 1002]
2025-10-26 01:27:20,620 - KafkaLeaderDemotion - DEBUG - [get_partition_metadata:472] - Added partition: user-events-9, Leader=1001, Replicas=[1001, 1002, 1004], ISR=[1002, 1001, 1004]
2025-10-26 01:27:20,620 - KafkaLeaderDemotion - DEBUG - [get_partition_metadata:472] - Added partition: user-events-10, Leader=1002, Replicas=[1002, 1001, 1004], ISR=[1002, 1004, 1001]
2025-10-26 01:27:20,620 - KafkaLeaderDemotion - DEBUG - [get_partition_metadata:472] - Added partition: user-events-11, Leader=1004, Replicas=[1004, 1002, 1001], ISR=[1001, 1004, 1002]
2025-10-26 01:27:20,620 - KafkaLeaderDemotion - DEBUG - [get_partition_metadata:472] - Added partition: user-events-12, Leader=1001, Replicas=[1001, 1002, 1004], ISR=[1002, 1001, 1004]
2025-10-26 01:27:20,620 - KafkaLeaderDemotion - DEBUG - [get_partition_metadata:472] - Added partition: user-events-13, Leader=1002, Replicas=[1002, 1001, 1004], ISR=[1002, 1004, 1001]
2025-10-26 01:27:20,620 - KafkaLeaderDemotion - DEBUG - [get_partition_metadata:472] - Added partition: user-events-14, Leader=1004, Replicas=[1004, 1002, 1001], ISR=[1001, 1004, 1002]
2025-10-26 01:27:20,620 - KafkaLeaderDemotion - DEBUG - [get_partition_metadata:472] - Added partition: user-events-15, Leader=1001, Replicas=[1001, 1002, 1004], ISR=[1002, 1001, 1004]
2025-10-26 01:27:20,620 - KafkaLeaderDemotion - DEBUG - [get_partition_metadata:472] - Added partition: user-events-16, Leader=1002, Replicas=[1002, 1001, 1004], ISR=[1002, 1004, 1001]
2025-10-26 01:27:20,620 - KafkaLeaderDemotion - DEBUG - [get_partition_metadata:472] - Added partition: user-events-17, Leader=1003, Replicas=[1003, 1002, 1001], ISR=[1001, 1003, 1002]
2025-10-26 01:27:20,621 - KafkaLeaderDemotion - DEBUG - [get_partition_metadata:472] - Added partition: user-events-18, Leader=1004, Replicas=[1004, 1002, 1001], ISR=[1002, 1001, 1004]
2025-10-26 01:27:20,621 - KafkaLeaderDemotion - DEBUG - [get_partition_metadata:472] - Added partition: user-events-19, Leader=1003, Replicas=[1003, 1004, 1002], ISR=[1002, 1004, 1003]
2025-10-26 01:27:20,621 - KafkaLeaderDemotion - DEBUG - [get_partition_metadata:472] - Added partition: user-events-20, Leader=1003, Replicas=[1003, 1004, 1001], ISR=[1001, 1004, 1003]
2025-10-26 01:27:20,621 - KafkaLeaderDemotion - DEBUG - [get_partition_metadata:472] - Added partition: user-events-21, Leader=1003, Replicas=[1003, 1004, 1002], ISR=[1002, 1003, 1004]
2025-10-26 01:27:20,621 - KafkaLeaderDemotion - DEBUG - [get_partition_metadata:472] - Added partition: user-events-22, Leader=1003, Replicas=[1003, 1001, 1004], ISR=[1004, 1003, 1001]
2025-10-26 01:27:20,621 - KafkaLeaderDemotion - DEBUG - [get_partition_metadata:472] - Added partition: user-events-23, Leader=1003, Replicas=[1003, 1002, 1001], ISR=[1001, 1003, 1002]
2025-10-26 01:27:20,621 - KafkaLeaderDemotion - DEBUG - [get_partition_metadata:472] - Added partition: user-events-24, Leader=1001, Replicas=[1001, 1004, 1002], ISR=[1002, 1001, 1004]
2025-10-26 01:27:20,621 - KafkaLeaderDemotion - DEBUG - [get_partition_metadata:472] - Added partition: user-events-25, Leader=1003, Replicas=[1003, 1004, 1002], ISR=[1002, 1004, 1003]
2025-10-26 01:27:20,621 - KafkaLeaderDemotion - DEBUG - [get_partition_metadata:472] - Added partition: user-events-26, Leader=1003, Replicas=[1003, 1001, 1004], ISR=[1001, 1004, 1003]
2025-10-26 01:27:20,621 - KafkaLeaderDemotion - DEBUG - [get_partition_metadata:472] - Added partition: user-events-27, Leader=1003, Replicas=[1003, 1002, 1001], ISR=[1002, 1001, 1003]
2025-10-26 01:27:20,621 - KafkaLeaderDemotion - DEBUG - [get_partition_metadata:472] - Added partition: user-events-28, Leader=1002, Replicas=[1002, 1004, 1001], ISR=[1002, 1004, 1001]
2025-10-26 01:27:20,621 - KafkaLeaderDemotion - DEBUG - [get_partition_metadata:472] - Added partition: user-events-29, Leader=1003, Replicas=[1003, 1004, 1002], ISR=[1004, 1003, 1002]
2025-10-26 01:27:20,622 - KafkaLeaderDemotion - DEBUG - [get_partition_metadata:433] - Found topic: secound1
2025-10-26 01:27:20,622 - KafkaLeaderDemotion - DEBUG - [get_partition_metadata:472] - Added partition: secound1-0, Leader=1001, Replicas=[1001, 1003, 1004], ISR=[1004, 1003, 1001]
2025-10-26 01:27:20,622 - KafkaLeaderDemotion - DEBUG - [get_partition_metadata:472] - Added partition: secound1-1, Leader=1002, Replicas=[1002, 1001, 1003], ISR=[1001, 1003, 1002]
2025-10-26 01:27:20,622 - KafkaLeaderDemotion - DEBUG - [get_partition_metadata:472] - Added partition: secound1-2, Leader=1001, Replicas=[1001, 1004, 1002], ISR=[1001, 1002, 1004]
2025-10-26 01:27:20,622 - KafkaLeaderDemotion - DEBUG - [get_partition_metadata:433] - Found topic: production
2025-10-26 01:27:20,622 - KafkaLeaderDemotion - DEBUG - [get_partition_metadata:472] - Added partition: production-0, Leader=1003, Replicas=[1003, 1001, 1004], ISR=[1004, 1003, 1001]
2025-10-26 01:27:20,622 - KafkaLeaderDemotion - DEBUG - [get_partition_metadata:472] - Added partition: production-1, Leader=1003, Replicas=[1003, 1002, 1001], ISR=[1001, 1003, 1002]
2025-10-26 01:27:20,622 - KafkaLeaderDemotion - DEBUG - [get_partition_metadata:472] - Added partition: production-2, Leader=1001, Replicas=[1001, 1004, 1002], ISR=[1002, 1001, 1004]
2025-10-26 01:27:20,622 - KafkaLeaderDemotion - DEBUG - [get_partition_metadata:472] - Added partition: production-3, Leader=1003, Replicas=[1003, 1004, 1002], ISR=[1002, 1004, 1003]
2025-10-26 01:27:20,622 - KafkaLeaderDemotion - DEBUG - [get_partition_metadata:472] - Added partition: production-4, Leader=1003, Replicas=[1003, 1001, 1004], ISR=[1001, 1004, 1003]
2025-10-26 01:27:20,622 - KafkaLeaderDemotion - DEBUG - [get_partition_metadata:472] - Added partition: production-5, Leader=1003, Replicas=[1003, 1002, 1001], ISR=[1002, 1001, 1003]
2025-10-26 01:27:20,622 - KafkaLeaderDemotion - DEBUG - [get_partition_metadata:472] - Added partition: production-6, Leader=1003, Replicas=[1003, 1004, 1002], ISR=[1002, 1004, 1003]
2025-10-26 01:27:20,622 - KafkaLeaderDemotion - INFO - [get_partition_metadata:483] - Retrieved metadata for 6 topics
2025-10-26 01:27:20,623 - KafkaLeaderDemotion - INFO - [get_partition_metadata:487] - Total partitions: 59
2025-10-26 01:27:20,623 - KafkaLeaderDemotion - INFO - [get_under_replicated_partitions:516] - Total under-replicated partitions: 0
2025-10-26 01:27:20,623 - KafkaLeaderDemotion - INFO - [_check_urp:721] - No under-replicated partitions found
2025-10-26 01:27:20,623 - KafkaLeaderDemotion - INFO - [run_all_checks:681] - ✓ Under-Replicated Partitions: PASSED
2025-10-26 01:27:20,623 - KafkaLeaderDemotion - INFO - [run_all_checks:675] - 
──────────────────────────────────────────────────────────────────────
2025-10-26 01:27:20,623 - KafkaLeaderDemotion - INFO - [run_all_checks:676] - CHECK: Topic Min ISR Configuration
2025-10-26 01:27:20,623 - KafkaLeaderDemotion - INFO - [run_all_checks:677] - ──────────────────────────────────────────────────────────────────────
2025-10-26 01:27:20,623 - KafkaLeaderDemotion - INFO - [get_partition_metadata:404] - Fetching partition metadata
2025-10-26 01:27:23,471 - KafkaLeaderDemotion - DEBUG - [get_partition_metadata:433] - Found topic: secound
2025-10-26 01:27:23,472 - KafkaLeaderDemotion - DEBUG - [get_partition_metadata:472] - Added partition: secound-0, Leader=1004, Replicas=[1004, 1002, 1001], ISR=[1002, 1001, 1004]
2025-10-26 01:27:23,472 - KafkaLeaderDemotion - DEBUG - [get_partition_metadata:472] - Added partition: secound-1, Leader=1002, Replicas=[1002, 1004, 1001], ISR=[1002, 1004, 1001]
2025-10-26 01:27:23,472 - KafkaLeaderDemotion - DEBUG - [get_partition_metadata:472] - Added partition: secound-2, Leader=1001, Replicas=[1001, 1004, 1002], ISR=[1001, 1004, 1002]
2025-10-26 01:27:23,472 - KafkaLeaderDemotion - DEBUG - [get_partition_metadata:433] - Found topic: production2
2025-10-26 01:27:23,472 - KafkaLeaderDemotion - DEBUG - [get_partition_metadata:472] - Added partition: production2-0, Leader=1003, Replicas=[1003, 1004, 1002], ISR=[1004, 1003, 1002]
2025-10-26 01:27:23,472 - KafkaLeaderDemotion - DEBUG - [get_partition_metadata:472] - Added partition: production2-1, Leader=1003, Replicas=[1003, 1001, 1004], ISR=[1004, 1003, 1001]
2025-10-26 01:27:23,472 - KafkaLeaderDemotion - DEBUG - [get_partition_metadata:472] - Added partition: production2-2, Leader=1003, Replicas=[1003, 1002, 1001], ISR=[1001, 1003, 1002]
2025-10-26 01:27:23,472 - KafkaLeaderDemotion - DEBUG - [get_partition_metadata:472] - Added partition: production2-3, Leader=1002, Replicas=[1002, 1004, 1001], ISR=[1001, 1002, 1004]
2025-10-26 01:27:23,472 - KafkaLeaderDemotion - DEBUG - [get_partition_metadata:472] - Added partition: production2-4, Leader=1003, Replicas=[1003, 1004, 1002], ISR=[1004, 1002, 1003]
2025-10-26 01:27:23,472 - KafkaLeaderDemotion - DEBUG - [get_partition_metadata:472] - Added partition: production2-5, Leader=1003, Replicas=[1003, 1001, 1004], ISR=[1004, 1001, 1003]
2025-10-26 01:27:23,472 - KafkaLeaderDemotion - DEBUG - [get_partition_metadata:472] - Added partition: production2-6, Leader=1003, Replicas=[1003, 1002, 1001], ISR=[1001, 1002, 1003]
2025-10-26 01:27:23,473 - KafkaLeaderDemotion - DEBUG - [get_partition_metadata:472] - Added partition: production2-7, Leader=1002, Replicas=[1002, 1003, 1004], ISR=[1002, 1004, 1003]
2025-10-26 01:27:23,473 - KafkaLeaderDemotion - DEBUG - [get_partition_metadata:472] - Added partition: production2-8, Leader=1004, Replicas=[1004, 1001, 1003], ISR=[1001, 1004, 1003]
2025-10-26 01:27:23,473 - KafkaLeaderDemotion - DEBUG - [get_partition_metadata:472] - Added partition: production2-9, Leader=1001, Replicas=[1001, 1002, 1003], ISR=[1002, 1001, 1003]
2025-10-26 01:27:23,473 - KafkaLeaderDemotion - DEBUG - [get_partition_metadata:433] - Found topic: test.event
2025-10-26 01:27:23,473 - KafkaLeaderDemotion - DEBUG - [get_partition_metadata:472] - Added partition: test.event-0, Leader=1002, Replicas=[1002, 1004, 1001], ISR=[1002, 1004, 1001]
2025-10-26 01:27:23,473 - KafkaLeaderDemotion - DEBUG - [get_partition_metadata:472] - Added partition: test.event-1, Leader=1004, Replicas=[1004, 1003, 1002], ISR=[1004, 1003, 1002]
2025-10-26 01:27:23,473 - KafkaLeaderDemotion - DEBUG - [get_partition_metadata:472] - Added partition: test.event-2, Leader=1001, Replicas=[1001, 1003, 1004], ISR=[1001, 1003, 1004]
2025-10-26 01:27:23,473 - KafkaLeaderDemotion - DEBUG - [get_partition_metadata:472] - Added partition: test.event-3, Leader=1002, Replicas=[1002, 1001, 1003], ISR=[1002, 1003, 1001]
2025-10-26 01:27:23,473 - KafkaLeaderDemotion - DEBUG - [get_partition_metadata:472] - Added partition: test.event-4, Leader=1004, Replicas=[1004, 1002, 1001], ISR=[1001, 1004, 1002]
2025-10-26 01:27:23,473 - KafkaLeaderDemotion - DEBUG - [get_partition_metadata:472] - Added partition: test.event-5, Leader=1004, Replicas=[1004, 1003, 1002], ISR=[1002, 1003, 1004]
2025-10-26 01:27:23,473 - KafkaLeaderDemotion - DEBUG - [get_partition_metadata:433] - Found topic: user-events
2025-10-26 01:27:23,473 - KafkaLeaderDemotion - DEBUG - [get_partition_metadata:472] - Added partition: user-events-0, Leader=1004, Replicas=[1004, 1002, 1001], ISR=[1002, 1001, 1004]
2025-10-26 01:27:23,473 - KafkaLeaderDemotion - DEBUG - [get_partition_metadata:472] - Added partition: user-events-1, Leader=1002, Replicas=[1002, 1004, 1001], ISR=[1002, 1004, 1001]
2025-10-26 01:27:23,473 - KafkaLeaderDemotion - DEBUG - [get_partition_metadata:472] - Added partition: user-events-2, Leader=1004, Replicas=[1004, 1002, 1001], ISR=[1001, 1004, 1002]
2025-10-26 01:27:23,473 - KafkaLeaderDemotion - DEBUG - [get_partition_metadata:472] - Added partition: user-events-3, Leader=1001, Replicas=[1001, 1004, 1002], ISR=[1002, 1001, 1004]
2025-10-26 01:27:23,474 - KafkaLeaderDemotion - DEBUG - [get_partition_metadata:472] - Added partition: user-events-4, Leader=1002, Replicas=[1002, 1004, 1001], ISR=[1002, 1004, 1001]
2025-10-26 01:27:23,474 - KafkaLeaderDemotion - DEBUG - [get_partition_metadata:472] - Added partition: user-events-5, Leader=1004, Replicas=[1004, 1002, 1001], ISR=[1001, 1004, 1002]
2025-10-26 01:27:23,474 - KafkaLeaderDemotion - DEBUG - [get_partition_metadata:472] - Added partition: user-events-6, Leader=1001, Replicas=[1001, 1004, 1002], ISR=[1002, 1001, 1004]
2025-10-26 01:27:23,474 - KafkaLeaderDemotion - DEBUG - [get_partition_metadata:472] - Added partition: user-events-7, Leader=1002, Replicas=[1002, 1001, 1004], ISR=[1002, 1004, 1001]
2025-10-26 01:27:23,474 - KafkaLeaderDemotion - DEBUG - [get_partition_metadata:472] - Added partition: user-events-8, Leader=1004, Replicas=[1004, 1002, 1001], ISR=[1001, 1004, 1002]
2025-10-26 01:27:23,474 - KafkaLeaderDemotion - DEBUG - [get_partition_metadata:472] - Added partition: user-events-9, Leader=1001, Replicas=[1001, 1002, 1004], ISR=[1002, 1001, 1004]
2025-10-26 01:27:23,474 - KafkaLeaderDemotion - DEBUG - [get_partition_metadata:472] - Added partition: user-events-10, Leader=1002, Replicas=[1002, 1001, 1004], ISR=[1002, 1004, 1001]
2025-10-26 01:27:23,474 - KafkaLeaderDemotion - DEBUG - [get_partition_metadata:472] - Added partition: user-events-11, Leader=1004, Replicas=[1004, 1002, 1001], ISR=[1001, 1004, 1002]
2025-10-26 01:27:23,474 - KafkaLeaderDemotion - DEBUG - [get_partition_metadata:472] - Added partition: user-events-12, Leader=1001, Replicas=[1001, 1002, 1004], ISR=[1002, 1001, 1004]
2025-10-26 01:27:23,474 - KafkaLeaderDemotion - DEBUG - [get_partition_metadata:472] - Added partition: user-events-13, Leader=1002, Replicas=[1002, 1001, 1004], ISR=[1002, 1004, 1001]
2025-10-26 01:27:23,474 - KafkaLeaderDemotion - DEBUG - [get_partition_metadata:472] - Added partition: user-events-14, Leader=1004, Replicas=[1004, 1002, 1001], ISR=[1001, 1004, 1002]
2025-10-26 01:27:23,475 - KafkaLeaderDemotion - DEBUG - [get_partition_metadata:472] - Added partition: user-events-15, Leader=1001, Replicas=[1001, 1002, 1004], ISR=[1002, 1001, 1004]
2025-10-26 01:27:23,475 - KafkaLeaderDemotion - DEBUG - [get_partition_metadata:472] - Added partition: user-events-16, Leader=1002, Replicas=[1002, 1001, 1004], ISR=[1002, 1004, 1001]
2025-10-26 01:27:23,475 - KafkaLeaderDemotion - DEBUG - [get_partition_metadata:472] - Added partition: user-events-17, Leader=1003, Replicas=[1003, 1002, 1001], ISR=[1001, 1003, 1002]
2025-10-26 01:27:23,475 - KafkaLeaderDemotion - DEBUG - [get_partition_metadata:472] - Added partition: user-events-18, Leader=1004, Replicas=[1004, 1002, 1001], ISR=[1002, 1001, 1004]
2025-10-26 01:27:23,475 - KafkaLeaderDemotion - DEBUG - [get_partition_metadata:472] - Added partition: user-events-19, Leader=1003, Replicas=[1003, 1004, 1002], ISR=[1002, 1004, 1003]
2025-10-26 01:27:23,475 - KafkaLeaderDemotion - DEBUG - [get_partition_metadata:472] - Added partition: user-events-20, Leader=1003, Replicas=[1003, 1004, 1001], ISR=[1001, 1004, 1003]
2025-10-26 01:27:23,475 - KafkaLeaderDemotion - DEBUG - [get_partition_metadata:472] - Added partition: user-events-21, Leader=1003, Replicas=[1003, 1004, 1002], ISR=[1002, 1003, 1004]
2025-10-26 01:27:23,475 - KafkaLeaderDemotion - DEBUG - [get_partition_metadata:472] - Added partition: user-events-22, Leader=1003, Replicas=[1003, 1001, 1004], ISR=[1004, 1003, 1001]
2025-10-26 01:27:23,475 - KafkaLeaderDemotion - DEBUG - [get_partition_metadata:472] - Added partition: user-events-23, Leader=1003, Replicas=[1003, 1002, 1001], ISR=[1001, 1003, 1002]
2025-10-26 01:27:23,475 - KafkaLeaderDemotion - DEBUG - [get_partition_metadata:472] - Added partition: user-events-24, Leader=1001, Replicas=[1001, 1004, 1002], ISR=[1002, 1001, 1004]
2025-10-26 01:27:23,475 - KafkaLeaderDemotion - DEBUG - [get_partition_metadata:472] - Added partition: user-events-25, Leader=1003, Replicas=[1003, 1004, 1002], ISR=[1002, 1004, 1003]
2025-10-26 01:27:23,475 - KafkaLeaderDemotion - DEBUG - [get_partition_metadata:472] - Added partition: user-events-26, Leader=1003, Replicas=[1003, 1001, 1004], ISR=[1001, 1004, 1003]
2025-10-26 01:27:23,476 - KafkaLeaderDemotion - DEBUG - [get_partition_metadata:472] - Added partition: user-events-27, Leader=1003, Replicas=[1003, 1002, 1001], ISR=[1002, 1001, 1003]
2025-10-26 01:27:23,476 - KafkaLeaderDemotion - DEBUG - [get_partition_metadata:472] - Added partition: user-events-28, Leader=1002, Replicas=[1002, 1004, 1001], ISR=[1002, 1004, 1001]
2025-10-26 01:27:23,476 - KafkaLeaderDemotion - DEBUG - [get_partition_metadata:472] - Added partition: user-events-29, Leader=1003, Replicas=[1003, 1004, 1002], ISR=[1004, 1003, 1002]
2025-10-26 01:27:23,476 - KafkaLeaderDemotion - DEBUG - [get_partition_metadata:433] - Found topic: secound1
2025-10-26 01:27:23,476 - KafkaLeaderDemotion - DEBUG - [get_partition_metadata:472] - Added partition: secound1-0, Leader=1001, Replicas=[1001, 1003, 1004], ISR=[1004, 1003, 1001]
2025-10-26 01:27:23,476 - KafkaLeaderDemotion - DEBUG - [get_partition_metadata:472] - Added partition: secound1-1, Leader=1002, Replicas=[1002, 1001, 1003], ISR=[1001, 1003, 1002]
2025-10-26 01:27:23,476 - KafkaLeaderDemotion - DEBUG - [get_partition_metadata:472] - Added partition: secound1-2, Leader=1001, Replicas=[1001, 1004, 1002], ISR=[1001, 1002, 1004]
2025-10-26 01:27:23,476 - KafkaLeaderDemotion - DEBUG - [get_partition_metadata:433] - Found topic: production
2025-10-26 01:27:23,476 - KafkaLeaderDemotion - DEBUG - [get_partition_metadata:472] - Added partition: production-0, Leader=1003, Replicas=[1003, 1001, 1004], ISR=[1004, 1003, 1001]
2025-10-26 01:27:23,476 - KafkaLeaderDemotion - DEBUG - [get_partition_metadata:472] - Added partition: production-1, Leader=1003, Replicas=[1003, 1002, 1001], ISR=[1001, 1003, 1002]
2025-10-26 01:27:23,476 - KafkaLeaderDemotion - DEBUG - [get_partition_metadata:472] - Added partition: production-2, Leader=1001, Replicas=[1001, 1004, 1002], ISR=[1002, 1001, 1004]
2025-10-26 01:27:23,477 - KafkaLeaderDemotion - DEBUG - [get_partition_metadata:472] - Added partition: production-3, Leader=1003, Replicas=[1003, 1004, 1002], ISR=[1002, 1004, 1003]
2025-10-26 01:27:23,477 - KafkaLeaderDemotion - DEBUG - [get_partition_metadata:472] - Added partition: production-4, Leader=1003, Replicas=[1003, 1001, 1004], ISR=[1001, 1004, 1003]
2025-10-26 01:27:23,477 - KafkaLeaderDemotion - DEBUG - [get_partition_metadata:472] - Added partition: production-5, Leader=1003, Replicas=[1003, 1002, 1001], ISR=[1002, 1001, 1003]
2025-10-26 01:27:23,477 - KafkaLeaderDemotion - DEBUG - [get_partition_metadata:472] - Added partition: production-6, Leader=1003, Replicas=[1003, 1004, 1002], ISR=[1002, 1004, 1003]
2025-10-26 01:27:23,477 - KafkaLeaderDemotion - INFO - [get_partition_metadata:483] - Retrieved metadata for 6 topics
2025-10-26 01:27:23,477 - KafkaLeaderDemotion - INFO - [get_partition_metadata:487] - Total partitions: 59
2025-10-26 01:27:23,477 - KafkaLeaderDemotion - DEBUG - [get_topic_config:542] - Fetching config for topic secound
2025-10-26 01:27:26,292 - KafkaLeaderDemotion - DEBUG - [get_topic_config:571] - Parsed config: min.insync.replicas=2
2025-10-26 01:27:26,293 - KafkaLeaderDemotion - DEBUG - [get_topic_config:571] - Parsed config: retention.ms=604800000
2025-10-26 01:27:26,293 - KafkaLeaderDemotion - DEBUG - [get_topic_config:571] - Parsed config: unclean.leader.election.enable=false
2025-10-26 01:27:26,293 - KafkaLeaderDemotion - DEBUG - [_check_min_isr:751] - Topic secound: min.insync.replicas=2 ✓
2025-10-26 01:27:26,293 - KafkaLeaderDemotion - DEBUG - [get_topic_config:542] - Fetching config for topic production2
2025-10-26 01:27:29,168 - KafkaLeaderDemotion - DEBUG - [get_topic_config:571] - Parsed config: min.insync.replicas=2
2025-10-26 01:27:29,168 - KafkaLeaderDemotion - DEBUG - [get_topic_config:571] - Parsed config: retention.ms=604800000
2025-10-26 01:27:29,169 - KafkaLeaderDemotion - DEBUG - [_check_min_isr:751] - Topic production2: min.insync.replicas=2 ✓
2025-10-26 01:27:29,169 - KafkaLeaderDemotion - DEBUG - [get_topic_config:542] - Fetching config for topic test.event
2025-10-26 01:27:32,007 - KafkaLeaderDemotion - DEBUG - [get_topic_config:571] - Parsed config: min.insync.replicas=2
2025-10-26 01:27:32,008 - KafkaLeaderDemotion - DEBUG - [get_topic_config:571] - Parsed config: retention.ms=604800000
2025-10-26 01:27:32,008 - KafkaLeaderDemotion - DEBUG - [get_topic_config:571] - Parsed config: unclean.leader.election.enable=false
2025-10-26 01:27:32,008 - KafkaLeaderDemotion - DEBUG - [_check_min_isr:751] - Topic test.event: min.insync.replicas=2 ✓
2025-10-26 01:27:32,008 - KafkaLeaderDemotion - DEBUG - [get_topic_config:542] - Fetching config for topic user-events
2025-10-26 01:27:34,957 - KafkaLeaderDemotion - DEBUG - [get_topic_config:571] - Parsed config: min.insync.replicas=2
2025-10-26 01:27:34,957 - KafkaLeaderDemotion - DEBUG - [get_topic_config:571] - Parsed config: retention.ms=604800000
2025-10-26 01:27:34,957 - KafkaLeaderDemotion - DEBUG - [_check_min_isr:751] - Topic user-events: min.insync.replicas=2 ✓
2025-10-26 01:27:34,957 - KafkaLeaderDemotion - DEBUG - [get_topic_config:542] - Fetching config for topic secound1
2025-10-26 01:27:37,812 - KafkaLeaderDemotion - DEBUG - [get_topic_config:571] - Parsed config: min.insync.replicas=2
2025-10-26 01:27:37,812 - KafkaLeaderDemotion - DEBUG - [get_topic_config:571] - Parsed config: retention.ms=604800000
2025-10-26 01:27:37,812 - KafkaLeaderDemotion - DEBUG - [get_topic_config:571] - Parsed config: unclean.leader.election.enable=false
2025-10-26 01:27:37,812 - KafkaLeaderDemotion - DEBUG - [_check_min_isr:751] - Topic secound1: min.insync.replicas=2 ✓
2025-10-26 01:27:37,812 - KafkaLeaderDemotion - DEBUG - [get_topic_config:542] - Fetching config for topic production
2025-10-26 01:27:40,600 - KafkaLeaderDemotion - DEBUG - [get_topic_config:571] - Parsed config: min.insync.replicas=2
2025-10-26 01:27:40,600 - KafkaLeaderDemotion - DEBUG - [get_topic_config:571] - Parsed config: retention.ms=259200000
2025-10-26 01:27:40,600 - KafkaLeaderDemotion - DEBUG - [_check_min_isr:751] - Topic production: min.insync.replicas=2 ✓
2025-10-26 01:27:40,600 - KafkaLeaderDemotion - INFO - [run_all_checks:681] - ✓ Topic Min ISR Configuration: PASSED
2025-10-26 01:27:40,600 - KafkaLeaderDemotion - INFO - [run_all_checks:675] - 
──────────────────────────────────────────────────────────────────────
2025-10-26 01:27:40,601 - KafkaLeaderDemotion - INFO - [run_all_checks:676] - CHECK: Follower ISR Status
2025-10-26 01:27:40,601 - KafkaLeaderDemotion - INFO - [run_all_checks:677] - ──────────────────────────────────────────────────────────────────────
2025-10-26 01:27:40,601 - KafkaLeaderDemotion - INFO - [get_partition_metadata:404] - Fetching partition metadata
2025-10-26 01:27:43,444 - KafkaLeaderDemotion - DEBUG - [get_partition_metadata:433] - Found topic: secound
2025-10-26 01:27:43,445 - KafkaLeaderDemotion - DEBUG - [get_partition_metadata:472] - Added partition: secound-0, Leader=1004, Replicas=[1004, 1002, 1001], ISR=[1002, 1001, 1004]
2025-10-26 01:27:43,445 - KafkaLeaderDemotion - DEBUG - [get_partition_metadata:472] - Added partition: secound-1, Leader=1002, Replicas=[1002, 1004, 1001], ISR=[1002, 1004, 1001]
2025-10-26 01:27:43,445 - KafkaLeaderDemotion - DEBUG - [get_partition_metadata:472] - Added partition: secound-2, Leader=1001, Replicas=[1001, 1004, 1002], ISR=[1001, 1004, 1002]
2025-10-26 01:27:43,445 - KafkaLeaderDemotion - DEBUG - [get_partition_metadata:433] - Found topic: production2
2025-10-26 01:27:43,445 - KafkaLeaderDemotion - DEBUG - [get_partition_metadata:472] - Added partition: production2-0, Leader=1003, Replicas=[1003, 1004, 1002], ISR=[1004, 1003, 1002]
2025-10-26 01:27:43,445 - KafkaLeaderDemotion - DEBUG - [get_partition_metadata:472] - Added partition: production2-1, Leader=1003, Replicas=[1003, 1001, 1004], ISR=[1004, 1003, 1001]
2025-10-26 01:27:43,445 - KafkaLeaderDemotion - DEBUG - [get_partition_metadata:472] - Added partition: production2-2, Leader=1003, Replicas=[1003, 1002, 1001], ISR=[1001, 1003, 1002]
2025-10-26 01:27:43,445 - KafkaLeaderDemotion - DEBUG - [get_partition_metadata:472] - Added partition: production2-3, Leader=1002, Replicas=[1002, 1004, 1001], ISR=[1001, 1002, 1004]
2025-10-26 01:27:43,445 - KafkaLeaderDemotion - DEBUG - [get_partition_metadata:472] - Added partition: production2-4, Leader=1003, Replicas=[1003, 1004, 1002], ISR=[1004, 1002, 1003]
2025-10-26 01:27:43,446 - KafkaLeaderDemotion - DEBUG - [get_partition_metadata:472] - Added partition: production2-5, Leader=1003, Replicas=[1003, 1001, 1004], ISR=[1004, 1001, 1003]
2025-10-26 01:27:43,446 - KafkaLeaderDemotion - DEBUG - [get_partition_metadata:472] - Added partition: production2-6, Leader=1003, Replicas=[1003, 1002, 1001], ISR=[1001, 1002, 1003]
2025-10-26 01:27:43,446 - KafkaLeaderDemotion - DEBUG - [get_partition_metadata:472] - Added partition: production2-7, Leader=1002, Replicas=[1002, 1003, 1004], ISR=[1002, 1004, 1003]
2025-10-26 01:27:43,446 - KafkaLeaderDemotion - DEBUG - [get_partition_metadata:472] - Added partition: production2-8, Leader=1004, Replicas=[1004, 1001, 1003], ISR=[1001, 1004, 1003]
2025-10-26 01:27:43,446 - KafkaLeaderDemotion - DEBUG - [get_partition_metadata:472] - Added partition: production2-9, Leader=1001, Replicas=[1001, 1002, 1003], ISR=[1002, 1001, 1003]
2025-10-26 01:27:43,446 - KafkaLeaderDemotion - DEBUG - [get_partition_metadata:433] - Found topic: test.event
2025-10-26 01:27:43,446 - KafkaLeaderDemotion - DEBUG - [get_partition_metadata:472] - Added partition: test.event-0, Leader=1002, Replicas=[1002, 1004, 1001], ISR=[1002, 1004, 1001]
2025-10-26 01:27:43,446 - KafkaLeaderDemotion - DEBUG - [get_partition_metadata:472] - Added partition: test.event-1, Leader=1004, Replicas=[1004, 1003, 1002], ISR=[1004, 1003, 1002]
2025-10-26 01:27:43,446 - KafkaLeaderDemotion - DEBUG - [get_partition_metadata:472] - Added partition: test.event-2, Leader=1001, Replicas=[1001, 1003, 1004], ISR=[1001, 1003, 1004]
2025-10-26 01:27:43,446 - KafkaLeaderDemotion - DEBUG - [get_partition_metadata:472] - Added partition: test.event-3, Leader=1002, Replicas=[1002, 1001, 1003], ISR=[1002, 1003, 1001]
2025-10-26 01:27:43,446 - KafkaLeaderDemotion - DEBUG - [get_partition_metadata:472] - Added partition: test.event-4, Leader=1004, Replicas=[1004, 1002, 1001], ISR=[1001, 1004, 1002]
2025-10-26 01:27:43,446 - KafkaLeaderDemotion - DEBUG - [get_partition_metadata:472] - Added partition: test.event-5, Leader=1004, Replicas=[1004, 1003, 1002], ISR=[1002, 1003, 1004]
2025-10-26 01:27:43,447 - KafkaLeaderDemotion - DEBUG - [get_partition_metadata:433] - Found topic: user-events
2025-10-26 01:27:43,447 - KafkaLeaderDemotion - DEBUG - [get_partition_metadata:472] - Added partition: user-events-0, Leader=1004, Replicas=[1004, 1002, 1001], ISR=[1002, 1001, 1004]
2025-10-26 01:27:43,447 - KafkaLeaderDemotion - DEBUG - [get_partition_metadata:472] - Added partition: user-events-1, Leader=1002, Replicas=[1002, 1004, 1001], ISR=[1002, 1004, 1001]
2025-10-26 01:27:43,447 - KafkaLeaderDemotion - DEBUG - [get_partition_metadata:472] - Added partition: user-events-2, Leader=1004, Replicas=[1004, 1002, 1001], ISR=[1001, 1004, 1002]
2025-10-26 01:27:43,447 - KafkaLeaderDemotion - DEBUG - [get_partition_metadata:472] - Added partition: user-events-3, Leader=1001, Replicas=[1001, 1004, 1002], ISR=[1002, 1001, 1004]
2025-10-26 01:27:43,447 - KafkaLeaderDemotion - DEBUG - [get_partition_metadata:472] - Added partition: user-events-4, Leader=1002, Replicas=[1002, 1004, 1001], ISR=[1002, 1004, 1001]
2025-10-26 01:27:43,447 - KafkaLeaderDemotion - DEBUG - [get_partition_metadata:472] - Added partition: user-events-5, Leader=1004, Replicas=[1004, 1002, 1001], ISR=[1001, 1004, 1002]
2025-10-26 01:27:43,447 - KafkaLeaderDemotion - DEBUG - [get_partition_metadata:472] - Added partition: user-events-6, Leader=1001, Replicas=[1001, 1004, 1002], ISR=[1002, 1001, 1004]
2025-10-26 01:27:43,447 - KafkaLeaderDemotion - DEBUG - [get_partition_metadata:472] - Added partition: user-events-7, Leader=1002, Replicas=[1002, 1001, 1004], ISR=[1002, 1004, 1001]
2025-10-26 01:27:43,447 - KafkaLeaderDemotion - DEBUG - [get_partition_metadata:472] - Added partition: user-events-8, Leader=1004, Replicas=[1004, 1002, 1001], ISR=[1001, 1004, 1002]
2025-10-26 01:27:43,447 - KafkaLeaderDemotion - DEBUG - [get_partition_metadata:472] - Added partition: user-events-9, Leader=1001, Replicas=[1001, 1002, 1004], ISR=[1002, 1001, 1004]
2025-10-26 01:27:43,447 - KafkaLeaderDemotion - DEBUG - [get_partition_metadata:472] - Added partition: user-events-10, Leader=1002, Replicas=[1002, 1001, 1004], ISR=[1002, 1004, 1001]
2025-10-26 01:27:43,447 - KafkaLeaderDemotion - DEBUG - [get_partition_metadata:472] - Added partition: user-events-11, Leader=1004, Replicas=[1004, 1002, 1001], ISR=[1001, 1004, 1002]
2025-10-26 01:27:43,448 - KafkaLeaderDemotion - DEBUG - [get_partition_metadata:472] - Added partition: user-events-12, Leader=1001, Replicas=[1001, 1002, 1004], ISR=[1002, 1001, 1004]
2025-10-26 01:27:43,448 - KafkaLeaderDemotion - DEBUG - [get_partition_metadata:472] - Added partition: user-events-13, Leader=1002, Replicas=[1002, 1001, 1004], ISR=[1002, 1004, 1001]
2025-10-26 01:27:43,448 - KafkaLeaderDemotion - DEBUG - [get_partition_metadata:472] - Added partition: user-events-14, Leader=1004, Replicas=[1004, 1002, 1001], ISR=[1001, 1004, 1002]
2025-10-26 01:27:43,448 - KafkaLeaderDemotion - DEBUG - [get_partition_metadata:472] - Added partition: user-events-15, Leader=1001, Replicas=[1001, 1002, 1004], ISR=[1002, 1001, 1004]
2025-10-26 01:27:43,448 - KafkaLeaderDemotion - DEBUG - [get_partition_metadata:472] - Added partition: user-events-16, Leader=1002, Replicas=[1002, 1001, 1004], ISR=[1002, 1004, 1001]
2025-10-26 01:27:43,448 - KafkaLeaderDemotion - DEBUG - [get_partition_metadata:472] - Added partition: user-events-17, Leader=1003, Replicas=[1003, 1002, 1001], ISR=[1001, 1003, 1002]
2025-10-26 01:27:43,448 - KafkaLeaderDemotion - DEBUG - [get_partition_metadata:472] - Added partition: user-events-18, Leader=1004, Replicas=[1004, 1002, 1001], ISR=[1002, 1001, 1004]
2025-10-26 01:27:43,448 - KafkaLeaderDemotion - DEBUG - [get_partition_metadata:472] - Added partition: user-events-19, Leader=1003, Replicas=[1003, 1004, 1002], ISR=[1002, 1004, 1003]
2025-10-26 01:27:43,448 - KafkaLeaderDemotion - DEBUG - [get_partition_metadata:472] - Added partition: user-events-20, Leader=1003, Replicas=[1003, 1004, 1001], ISR=[1001, 1004, 1003]
2025-10-26 01:27:43,448 - KafkaLeaderDemotion - DEBUG - [get_partition_metadata:472] - Added partition: user-events-21, Leader=1003, Replicas=[1003, 1004, 1002], ISR=[1002, 1003, 1004]
2025-10-26 01:27:43,448 - KafkaLeaderDemotion - DEBUG - [get_partition_metadata:472] - Added partition: user-events-22, Leader=1003, Replicas=[1003, 1001, 1004], ISR=[1004, 1003, 1001]
2025-10-26 01:27:43,449 - KafkaLeaderDemotion - DEBUG - [get_partition_metadata:472] - Added partition: user-events-23, Leader=1003, Replicas=[1003, 1002, 1001], ISR=[1001, 1003, 1002]
2025-10-26 01:27:43,449 - KafkaLeaderDemotion - DEBUG - [get_partition_metadata:472] - Added partition: user-events-24, Leader=1001, Replicas=[1001, 1004, 1002], ISR=[1002, 1001, 1004]
2025-10-26 01:27:43,449 - KafkaLeaderDemotion - DEBUG - [get_partition_metadata:472] - Added partition: user-events-25, Leader=1003, Replicas=[1003, 1004, 1002], ISR=[1002, 1004, 1003]
2025-10-26 01:27:43,449 - KafkaLeaderDemotion - DEBUG - [get_partition_metadata:472] - Added partition: user-events-26, Leader=1003, Replicas=[1003, 1001, 1004], ISR=[1001, 1004, 1003]
2025-10-26 01:27:43,449 - KafkaLeaderDemotion - DEBUG - [get_partition_metadata:472] - Added partition: user-events-27, Leader=1003, Replicas=[1003, 1002, 1001], ISR=[1002, 1001, 1003]
2025-10-26 01:27:43,449 - KafkaLeaderDemotion - DEBUG - [get_partition_metadata:472] - Added partition: user-events-28, Leader=1002, Replicas=[1002, 1004, 1001], ISR=[1002, 1004, 1001]
2025-10-26 01:27:43,449 - KafkaLeaderDemotion - DEBUG - [get_partition_metadata:472] - Added partition: user-events-29, Leader=1003, Replicas=[1003, 1004, 1002], ISR=[1004, 1003, 1002]
2025-10-26 01:27:43,449 - KafkaLeaderDemotion - DEBUG - [get_partition_metadata:433] - Found topic: secound1
2025-10-26 01:27:43,449 - KafkaLeaderDemotion - DEBUG - [get_partition_metadata:472] - Added partition: secound1-0, Leader=1001, Replicas=[1001, 1003, 1004], ISR=[1004, 1003, 1001]
2025-10-26 01:27:43,449 - KafkaLeaderDemotion - DEBUG - [get_partition_metadata:472] - Added partition: secound1-1, Leader=1002, Replicas=[1002, 1001, 1003], ISR=[1001, 1003, 1002]
2025-10-26 01:27:43,449 - KafkaLeaderDemotion - DEBUG - [get_partition_metadata:472] - Added partition: secound1-2, Leader=1001, Replicas=[1001, 1004, 1002], ISR=[1001, 1002, 1004]
2025-10-26 01:27:43,449 - KafkaLeaderDemotion - DEBUG - [get_partition_metadata:433] - Found topic: production
2025-10-26 01:27:43,450 - KafkaLeaderDemotion - DEBUG - [get_partition_metadata:472] - Added partition: production-0, Leader=1003, Replicas=[1003, 1001, 1004], ISR=[1004, 1003, 1001]
2025-10-26 01:27:43,450 - KafkaLeaderDemotion - DEBUG - [get_partition_metadata:472] - Added partition: production-1, Leader=1003, Replicas=[1003, 1002, 1001], ISR=[1001, 1003, 1002]
2025-10-26 01:27:43,450 - KafkaLeaderDemotion - DEBUG - [get_partition_metadata:472] - Added partition: production-2, Leader=1001, Replicas=[1001, 1004, 1002], ISR=[1002, 1001, 1004]
2025-10-26 01:27:43,450 - KafkaLeaderDemotion - DEBUG - [get_partition_metadata:472] - Added partition: production-3, Leader=1003, Replicas=[1003, 1004, 1002], ISR=[1002, 1004, 1003]
2025-10-26 01:27:43,450 - KafkaLeaderDemotion - DEBUG - [get_partition_metadata:472] - Added partition: production-4, Leader=1003, Replicas=[1003, 1001, 1004], ISR=[1001, 1004, 1003]
2025-10-26 01:27:43,450 - KafkaLeaderDemotion - DEBUG - [get_partition_metadata:472] - Added partition: production-5, Leader=1003, Replicas=[1003, 1002, 1001], ISR=[1002, 1001, 1003]
2025-10-26 01:27:43,450 - KafkaLeaderDemotion - DEBUG - [get_partition_metadata:472] - Added partition: production-6, Leader=1003, Replicas=[1003, 1004, 1002], ISR=[1002, 1004, 1003]
2025-10-26 01:27:43,450 - KafkaLeaderDemotion - INFO - [get_partition_metadata:483] - Retrieved metadata for 6 topics
2025-10-26 01:27:43,450 - KafkaLeaderDemotion - INFO - [get_partition_metadata:487] - Total partitions: 59
2025-10-26 01:27:43,450 - KafkaLeaderDemotion - DEBUG - [_check_followers_in_sync:777] - Partition secound-2 - all replicas in sync
2025-10-26 01:27:43,450 - KafkaLeaderDemotion - DEBUG - [_check_followers_in_sync:777] - Partition production2-9 - all replicas in sync
2025-10-26 01:27:43,450 - KafkaLeaderDemotion - DEBUG - [_check_followers_in_sync:777] - Partition test.event-2 - all replicas in sync
2025-10-26 01:27:43,451 - KafkaLeaderDemotion - DEBUG - [_check_followers_in_sync:777] - Partition user-events-3 - all replicas in sync
2025-10-26 01:27:43,451 - KafkaLeaderDemotion - DEBUG - [_check_followers_in_sync:777] - Partition user-events-6 - all replicas in sync
2025-10-26 01:27:43,451 - KafkaLeaderDemotion - DEBUG - [_check_followers_in_sync:777] - Partition user-events-9 - all replicas in sync
2025-10-26 01:27:43,451 - KafkaLeaderDemotion - DEBUG - [_check_followers_in_sync:777] - Partition user-events-12 - all replicas in sync
2025-10-26 01:27:43,451 - KafkaLeaderDemotion - DEBUG - [_check_followers_in_sync:777] - Partition user-events-15 - all replicas in sync
2025-10-26 01:27:43,451 - KafkaLeaderDemotion - DEBUG - [_check_followers_in_sync:777] - Partition user-events-24 - all replicas in sync
2025-10-26 01:27:43,451 - KafkaLeaderDemotion - DEBUG - [_check_followers_in_sync:777] - Partition secound1-0 - all replicas in sync
2025-10-26 01:27:43,451 - KafkaLeaderDemotion - DEBUG - [_check_followers_in_sync:777] - Partition secound1-2 - all replicas in sync
2025-10-26 01:27:43,451 - KafkaLeaderDemotion - DEBUG - [_check_followers_in_sync:777] - Partition production-2 - all replicas in sync
2025-10-26 01:27:43,451 - KafkaLeaderDemotion - INFO - [run_all_checks:681] - ✓ Follower ISR Status: PASSED
2025-10-26 01:27:43,451 - KafkaLeaderDemotion - INFO - [_print_summary:785] - 
======================================================================
2025-10-26 01:27:43,451 - KafkaLeaderDemotion - INFO - [_print_summary:786] - PRE-CHECK SUMMARY
2025-10-26 01:27:43,451 - KafkaLeaderDemotion - INFO - [_print_summary:787] - ======================================================================
2025-10-26 01:27:43,451 - KafkaLeaderDemotion - INFO - [_print_summary:788] - Passed: 5
2025-10-26 01:27:43,452 - KafkaLeaderDemotion - INFO - [_print_summary:789] - Failed: 0
2025-10-26 01:27:43,452 - KafkaLeaderDemotion - INFO - [_print_summary:797] - 
Passed Checks:
2025-10-26 01:27:43,452 - KafkaLeaderDemotion - INFO - [_print_summary:799] -   ✓ Controller Health
2025-10-26 01:27:43,452 - KafkaLeaderDemotion - INFO - [_print_summary:799] -   ✓ Broker Existence
2025-10-26 01:27:43,452 - KafkaLeaderDemotion - INFO - [_print_summary:799] -   ✓ Under-Replicated Partitions
2025-10-26 01:27:43,452 - KafkaLeaderDemotion - INFO - [_print_summary:799] -   ✓ Topic Min ISR Configuration
2025-10-26 01:27:43,452 - KafkaLeaderDemotion - INFO - [_print_summary:799] -   ✓ Follower ISR Status
2025-10-26 01:27:43,452 - KafkaLeaderDemotion - INFO - [_print_summary:801] - ======================================================================

2025-10-26 01:27:43,453 - KafkaLeaderDemotion - INFO - [demote_broker:1236] - ======================================================================
2025-10-26 01:27:43,453 - KafkaLeaderDemotion - INFO - [demote_broker:1240] - STARTING LEADER DEMOTION FOR BROKER 1001
2025-10-26 01:27:43,453 - KafkaLeaderDemotion - INFO - [demote_broker:1241] - ======================================================================
2025-10-26 01:27:43,453 - KafkaLeaderDemotion - INFO - [get_partition_metadata:404] - Fetching partition metadata
2025-10-26 01:27:46,377 - KafkaLeaderDemotion - DEBUG - [get_partition_metadata:433] - Found topic: secound
2025-10-26 01:27:46,378 - KafkaLeaderDemotion - DEBUG - [get_partition_metadata:472] - Added partition: secound-0, Leader=1004, Replicas=[1004, 1002, 1001], ISR=[1002, 1001, 1004]
2025-10-26 01:27:46,378 - KafkaLeaderDemotion - DEBUG - [get_partition_metadata:472] - Added partition: secound-1, Leader=1002, Replicas=[1002, 1004, 1001], ISR=[1002, 1004, 1001]
2025-10-26 01:27:46,378 - KafkaLeaderDemotion - DEBUG - [get_partition_metadata:472] - Added partition: secound-2, Leader=1001, Replicas=[1001, 1004, 1002], ISR=[1001, 1004, 1002]
2025-10-26 01:27:46,378 - KafkaLeaderDemotion - DEBUG - [get_partition_metadata:433] - Found topic: production2
2025-10-26 01:27:46,378 - KafkaLeaderDemotion - DEBUG - [get_partition_metadata:472] - Added partition: production2-0, Leader=1003, Replicas=[1003, 1004, 1002], ISR=[1004, 1003, 1002]
2025-10-26 01:27:46,378 - KafkaLeaderDemotion - DEBUG - [get_partition_metadata:472] - Added partition: production2-1, Leader=1003, Replicas=[1003, 1001, 1004], ISR=[1004, 1003, 1001]
2025-10-26 01:27:46,378 - KafkaLeaderDemotion - DEBUG - [get_partition_metadata:472] - Added partition: production2-2, Leader=1003, Replicas=[1003, 1002, 1001], ISR=[1001, 1003, 1002]
2025-10-26 01:27:46,378 - KafkaLeaderDemotion - DEBUG - [get_partition_metadata:472] - Added partition: production2-3, Leader=1002, Replicas=[1002, 1004, 1001], ISR=[1001, 1002, 1004]
2025-10-26 01:27:46,378 - KafkaLeaderDemotion - DEBUG - [get_partition_metadata:472] - Added partition: production2-4, Leader=1003, Replicas=[1003, 1004, 1002], ISR=[1004, 1002, 1003]
2025-10-26 01:27:46,378 - KafkaLeaderDemotion - DEBUG - [get_partition_metadata:472] - Added partition: production2-5, Leader=1003, Replicas=[1003, 1001, 1004], ISR=[1004, 1001, 1003]
2025-10-26 01:27:46,378 - KafkaLeaderDemotion - DEBUG - [get_partition_metadata:472] - Added partition: production2-6, Leader=1003, Replicas=[1003, 1002, 1001], ISR=[1001, 1002, 1003]
2025-10-26 01:27:46,379 - KafkaLeaderDemotion - DEBUG - [get_partition_metadata:472] - Added partition: production2-7, Leader=1002, Replicas=[1002, 1003, 1004], ISR=[1002, 1004, 1003]
2025-10-26 01:27:46,379 - KafkaLeaderDemotion - DEBUG - [get_partition_metadata:472] - Added partition: production2-8, Leader=1004, Replicas=[1004, 1001, 1003], ISR=[1001, 1004, 1003]
2025-10-26 01:27:46,379 - KafkaLeaderDemotion - DEBUG - [get_partition_metadata:472] - Added partition: production2-9, Leader=1001, Replicas=[1001, 1002, 1003], ISR=[1002, 1001, 1003]
2025-10-26 01:27:46,379 - KafkaLeaderDemotion - DEBUG - [get_partition_metadata:433] - Found topic: test.event
2025-10-26 01:27:46,379 - KafkaLeaderDemotion - DEBUG - [get_partition_metadata:472] - Added partition: test.event-0, Leader=1002, Replicas=[1002, 1004, 1001], ISR=[1002, 1004, 1001]
2025-10-26 01:27:46,379 - KafkaLeaderDemotion - DEBUG - [get_partition_metadata:472] - Added partition: test.event-1, Leader=1004, Replicas=[1004, 1003, 1002], ISR=[1004, 1003, 1002]
2025-10-26 01:27:46,379 - KafkaLeaderDemotion - DEBUG - [get_partition_metadata:472] - Added partition: test.event-2, Leader=1001, Replicas=[1001, 1003, 1004], ISR=[1001, 1003, 1004]
2025-10-26 01:27:46,379 - KafkaLeaderDemotion - DEBUG - [get_partition_metadata:472] - Added partition: test.event-3, Leader=1002, Replicas=[1002, 1001, 1003], ISR=[1002, 1003, 1001]
2025-10-26 01:27:46,379 - KafkaLeaderDemotion - DEBUG - [get_partition_metadata:472] - Added partition: test.event-4, Leader=1004, Replicas=[1004, 1002, 1001], ISR=[1001, 1004, 1002]
2025-10-26 01:27:46,379 - KafkaLeaderDemotion - DEBUG - [get_partition_metadata:472] - Added partition: test.event-5, Leader=1004, Replicas=[1004, 1003, 1002], ISR=[1002, 1003, 1004]
2025-10-26 01:27:46,379 - KafkaLeaderDemotion - DEBUG - [get_partition_metadata:433] - Found topic: user-events
2025-10-26 01:27:46,379 - KafkaLeaderDemotion - DEBUG - [get_partition_metadata:472] - Added partition: user-events-0, Leader=1004, Replicas=[1004, 1002, 1001], ISR=[1002, 1001, 1004]
2025-10-26 01:27:46,380 - KafkaLeaderDemotion - DEBUG - [get_partition_metadata:472] - Added partition: user-events-1, Leader=1002, Replicas=[1002, 1004, 1001], ISR=[1002, 1004, 1001]
2025-10-26 01:27:46,380 - KafkaLeaderDemotion - DEBUG - [get_partition_metadata:472] - Added partition: user-events-2, Leader=1004, Replicas=[1004, 1002, 1001], ISR=[1001, 1004, 1002]
2025-10-26 01:27:46,380 - KafkaLeaderDemotion - DEBUG - [get_partition_metadata:472] - Added partition: user-events-3, Leader=1001, Replicas=[1001, 1004, 1002], ISR=[1002, 1001, 1004]
2025-10-26 01:27:46,380 - KafkaLeaderDemotion - DEBUG - [get_partition_metadata:472] - Added partition: user-events-4, Leader=1002, Replicas=[1002, 1004, 1001], ISR=[1002, 1004, 1001]
2025-10-26 01:27:46,380 - KafkaLeaderDemotion - DEBUG - [get_partition_metadata:472] - Added partition: user-events-5, Leader=1004, Replicas=[1004, 1002, 1001], ISR=[1001, 1004, 1002]
2025-10-26 01:27:46,380 - KafkaLeaderDemotion - DEBUG - [get_partition_metadata:472] - Added partition: user-events-6, Leader=1001, Replicas=[1001, 1004, 1002], ISR=[1002, 1001, 1004]
2025-10-26 01:27:46,380 - KafkaLeaderDemotion - DEBUG - [get_partition_metadata:472] - Added partition: user-events-7, Leader=1002, Replicas=[1002, 1001, 1004], ISR=[1002, 1004, 1001]
2025-10-26 01:27:46,380 - KafkaLeaderDemotion - DEBUG - [get_partition_metadata:472] - Added partition: user-events-8, Leader=1004, Replicas=[1004, 1002, 1001], ISR=[1001, 1004, 1002]
2025-10-26 01:27:46,380 - KafkaLeaderDemotion - DEBUG - [get_partition_metadata:472] - Added partition: user-events-9, Leader=1001, Replicas=[1001, 1002, 1004], ISR=[1002, 1001, 1004]
2025-10-26 01:27:46,380 - KafkaLeaderDemotion - DEBUG - [get_partition_metadata:472] - Added partition: user-events-10, Leader=1002, Replicas=[1002, 1001, 1004], ISR=[1002, 1004, 1001]
2025-10-26 01:27:46,380 - KafkaLeaderDemotion - DEBUG - [get_partition_metadata:472] - Added partition: user-events-11, Leader=1004, Replicas=[1004, 1002, 1001], ISR=[1001, 1004, 1002]
2025-10-26 01:27:46,380 - KafkaLeaderDemotion - DEBUG - [get_partition_metadata:472] - Added partition: user-events-12, Leader=1001, Replicas=[1001, 1002, 1004], ISR=[1002, 1001, 1004]
2025-10-26 01:27:46,381 - KafkaLeaderDemotion - DEBUG - [get_partition_metadata:472] - Added partition: user-events-13, Leader=1002, Replicas=[1002, 1001, 1004], ISR=[1002, 1004, 1001]
2025-10-26 01:27:46,381 - KafkaLeaderDemotion - DEBUG - [get_partition_metadata:472] - Added partition: user-events-14, Leader=1004, Replicas=[1004, 1002, 1001], ISR=[1001, 1004, 1002]
2025-10-26 01:27:46,381 - KafkaLeaderDemotion - DEBUG - [get_partition_metadata:472] - Added partition: user-events-15, Leader=1001, Replicas=[1001, 1002, 1004], ISR=[1002, 1001, 1004]
2025-10-26 01:27:46,381 - KafkaLeaderDemotion - DEBUG - [get_partition_metadata:472] - Added partition: user-events-16, Leader=1002, Replicas=[1002, 1001, 1004], ISR=[1002, 1004, 1001]
2025-10-26 01:27:46,381 - KafkaLeaderDemotion - DEBUG - [get_partition_metadata:472] - Added partition: user-events-17, Leader=1003, Replicas=[1003, 1002, 1001], ISR=[1001, 1003, 1002]
2025-10-26 01:27:46,381 - KafkaLeaderDemotion - DEBUG - [get_partition_metadata:472] - Added partition: user-events-18, Leader=1004, Replicas=[1004, 1002, 1001], ISR=[1002, 1001, 1004]
2025-10-26 01:27:46,381 - KafkaLeaderDemotion - DEBUG - [get_partition_metadata:472] - Added partition: user-events-19, Leader=1003, Replicas=[1003, 1004, 1002], ISR=[1002, 1004, 1003]
2025-10-26 01:27:46,381 - KafkaLeaderDemotion - DEBUG - [get_partition_metadata:472] - Added partition: user-events-20, Leader=1003, Replicas=[1003, 1004, 1001], ISR=[1001, 1004, 1003]
2025-10-26 01:27:46,381 - KafkaLeaderDemotion - DEBUG - [get_partition_metadata:472] - Added partition: user-events-21, Leader=1003, Replicas=[1003, 1004, 1002], ISR=[1002, 1003, 1004]
2025-10-26 01:27:46,381 - KafkaLeaderDemotion - DEBUG - [get_partition_metadata:472] - Added partition: user-events-22, Leader=1003, Replicas=[1003, 1001, 1004], ISR=[1004, 1003, 1001]
2025-10-26 01:27:46,381 - KafkaLeaderDemotion - DEBUG - [get_partition_metadata:472] - Added partition: user-events-23, Leader=1003, Replicas=[1003, 1002, 1001], ISR=[1001, 1003, 1002]
2025-10-26 01:27:46,381 - KafkaLeaderDemotion - DEBUG - [get_partition_metadata:472] - Added partition: user-events-24, Leader=1001, Replicas=[1001, 1004, 1002], ISR=[1002, 1001, 1004]
2025-10-26 01:27:46,382 - KafkaLeaderDemotion - DEBUG - [get_partition_metadata:472] - Added partition: user-events-25, Leader=1003, Replicas=[1003, 1004, 1002], ISR=[1002, 1004, 1003]
2025-10-26 01:27:46,382 - KafkaLeaderDemotion - DEBUG - [get_partition_metadata:472] - Added partition: user-events-26, Leader=1003, Replicas=[1003, 1001, 1004], ISR=[1001, 1004, 1003]
2025-10-26 01:27:46,382 - KafkaLeaderDemotion - DEBUG - [get_partition_metadata:472] - Added partition: user-events-27, Leader=1003, Replicas=[1003, 1002, 1001], ISR=[1002, 1001, 1003]
2025-10-26 01:27:46,382 - KafkaLeaderDemotion - DEBUG - [get_partition_metadata:472] - Added partition: user-events-28, Leader=1002, Replicas=[1002, 1004, 1001], ISR=[1002, 1004, 1001]
2025-10-26 01:27:46,382 - KafkaLeaderDemotion - DEBUG - [get_partition_metadata:472] - Added partition: user-events-29, Leader=1003, Replicas=[1003, 1004, 1002], ISR=[1004, 1003, 1002]
2025-10-26 01:27:46,382 - KafkaLeaderDemotion - DEBUG - [get_partition_metadata:433] - Found topic: secound1
2025-10-26 01:27:46,382 - KafkaLeaderDemotion - DEBUG - [get_partition_metadata:472] - Added partition: secound1-0, Leader=1001, Replicas=[1001, 1003, 1004], ISR=[1004, 1003, 1001]
2025-10-26 01:27:46,382 - KafkaLeaderDemotion - DEBUG - [get_partition_metadata:472] - Added partition: secound1-1, Leader=1002, Replicas=[1002, 1001, 1003], ISR=[1001, 1003, 1002]
2025-10-26 01:27:46,382 - KafkaLeaderDemotion - DEBUG - [get_partition_metadata:472] - Added partition: secound1-2, Leader=1001, Replicas=[1001, 1004, 1002], ISR=[1001, 1002, 1004]
2025-10-26 01:27:46,382 - KafkaLeaderDemotion - DEBUG - [get_partition_metadata:433] - Found topic: production
2025-10-26 01:27:46,382 - KafkaLeaderDemotion - DEBUG - [get_partition_metadata:472] - Added partition: production-0, Leader=1003, Replicas=[1003, 1001, 1004], ISR=[1004, 1003, 1001]
2025-10-26 01:27:46,382 - KafkaLeaderDemotion - DEBUG - [get_partition_metadata:472] - Added partition: production-1, Leader=1003, Replicas=[1003, 1002, 1001], ISR=[1001, 1003, 1002]
2025-10-26 01:27:46,382 - KafkaLeaderDemotion - DEBUG - [get_partition_metadata:472] - Added partition: production-2, Leader=1001, Replicas=[1001, 1004, 1002], ISR=[1002, 1001, 1004]
2025-10-26 01:27:46,383 - KafkaLeaderDemotion - DEBUG - [get_partition_metadata:472] - Added partition: production-3, Leader=1003, Replicas=[1003, 1004, 1002], ISR=[1002, 1004, 1003]
2025-10-26 01:27:46,383 - KafkaLeaderDemotion - DEBUG - [get_partition_metadata:472] - Added partition: production-4, Leader=1003, Replicas=[1003, 1001, 1004], ISR=[1001, 1004, 1003]
2025-10-26 01:27:46,383 - KafkaLeaderDemotion - DEBUG - [get_partition_metadata:472] - Added partition: production-5, Leader=1003, Replicas=[1003, 1002, 1001], ISR=[1002, 1001, 1003]
2025-10-26 01:27:46,383 - KafkaLeaderDemotion - DEBUG - [get_partition_metadata:472] - Added partition: production-6, Leader=1003, Replicas=[1003, 1004, 1002], ISR=[1002, 1004, 1003]
2025-10-26 01:27:46,383 - KafkaLeaderDemotion - INFO - [get_partition_metadata:483] - Retrieved metadata for 6 topics
2025-10-26 01:27:46,383 - KafkaLeaderDemotion - INFO - [get_partition_metadata:487] - Total partitions: 59
2025-10-26 01:27:46,383 - KafkaLeaderDemotion - INFO - [find_partitions_to_demote:863] - Found 12 partitions where broker 1001 is leader
2025-10-26 01:27:46,384 - KafkaLeaderDemotion - INFO - [save_current_state:989] - Current state saved to /data/kafka_demotion_state/demotion_state_broker_1001_20251026_012746.json
2025-10-26 01:27:46,385 - KafkaLeaderDemotion - INFO - [get_brokers_resource_info:929] - Gathering resource information for brokers
2025-10-26 01:27:46,385 - KafkaLeaderDemotion - DEBUG - [get_broker_hostname:307] - Fetching hostname for broker 1001
2025-10-26 01:27:48,525 - KafkaLeaderDemotion - INFO - [get_broker_hostname:325] - Broker 1001 hostname: stg-hdpashique103.phonepe.nb6
2025-10-26 01:27:48,526 - KafkaLeaderDemotion - DEBUG - [get_broker_cpu_usage:181] - Querying CPU metrics for stg-hdpashique103.phonepe.nb6
2025-10-26 01:27:48,713 - KafkaLeaderDemotion - INFO - [get_broker_cpu_usage:200] - CPU usage for stg-hdpashique103.phonepe.nb6: 8.83%
2025-10-26 01:27:48,713 - KafkaLeaderDemotion - DEBUG - [get_broker_disk_usage:235] - Querying disk metrics for stg-hdpashique103.phonepe.nb6:/data
2025-10-26 01:27:48,797 - KafkaLeaderDemotion - INFO - [get_broker_disk_usage:253] - Disk usage for stg-hdpashique103.phonepe.nb6:/data: 1.44%
2025-10-26 01:27:48,798 - KafkaLeaderDemotion - DEBUG - [get_broker_hostname:307] - Fetching hostname for broker 1002
2025-10-26 01:27:50,759 - KafkaLeaderDemotion - INFO - [get_broker_hostname:325] - Broker 1002 hostname: stg-hdpashique102.phonepe.nb6
2025-10-26 01:27:50,759 - KafkaLeaderDemotion - DEBUG - [get_broker_cpu_usage:181] - Querying CPU metrics for stg-hdpashique102.phonepe.nb6
2025-10-26 01:27:50,927 - KafkaLeaderDemotion - INFO - [get_broker_cpu_usage:200] - CPU usage for stg-hdpashique102.phonepe.nb6: 5.03%
2025-10-26 01:27:50,928 - KafkaLeaderDemotion - DEBUG - [get_broker_disk_usage:235] - Querying disk metrics for stg-hdpashique102.phonepe.nb6:/data
2025-10-26 01:27:50,974 - KafkaLeaderDemotion - INFO - [get_broker_disk_usage:253] - Disk usage for stg-hdpashique102.phonepe.nb6:/data: 1.44%
2025-10-26 01:27:50,975 - KafkaLeaderDemotion - DEBUG - [get_broker_hostname:307] - Fetching hostname for broker 1003
2025-10-26 01:27:52,947 - KafkaLeaderDemotion - INFO - [get_broker_hostname:325] - Broker 1003 hostname: stg-hdpashique101.phonepe.nb6
2025-10-26 01:27:52,948 - KafkaLeaderDemotion - DEBUG - [get_broker_cpu_usage:181] - Querying CPU metrics for stg-hdpashique101.phonepe.nb6
2025-10-26 01:27:53,043 - KafkaLeaderDemotion - INFO - [get_broker_cpu_usage:200] - CPU usage for stg-hdpashique101.phonepe.nb6: 13.76%
2025-10-26 01:27:53,044 - KafkaLeaderDemotion - DEBUG - [get_broker_disk_usage:235] - Querying disk metrics for stg-hdpashique101.phonepe.nb6:/data
2025-10-26 01:27:53,104 - KafkaLeaderDemotion - INFO - [get_broker_disk_usage:253] - Disk usage for stg-hdpashique101.phonepe.nb6:/data: 1.49%
2025-10-26 01:27:53,104 - KafkaLeaderDemotion - DEBUG - [get_broker_hostname:307] - Fetching hostname for broker 1004
2025-10-26 01:27:55,129 - KafkaLeaderDemotion - INFO - [get_broker_hostname:325] - Broker 1004 hostname: stg-hdpashique104.phonepe.nb6
2025-10-26 01:27:55,130 - KafkaLeaderDemotion - DEBUG - [get_broker_cpu_usage:181] - Querying CPU metrics for stg-hdpashique104.phonepe.nb6
2025-10-26 01:27:55,293 - KafkaLeaderDemotion - INFO - [get_broker_cpu_usage:200] - CPU usage for stg-hdpashique104.phonepe.nb6: 5.35%
2025-10-26 01:27:55,294 - KafkaLeaderDemotion - DEBUG - [get_broker_disk_usage:235] - Querying disk metrics for stg-hdpashique104.phonepe.nb6:/data
2025-10-26 01:27:55,483 - KafkaLeaderDemotion - INFO - [get_broker_disk_usage:253] - Disk usage for stg-hdpashique104.phonepe.nb6:/data: 0.00%
2025-10-26 01:27:55,484 - KafkaLeaderDemotion - DEBUG - [select_best_replica:896] - Broker 1004 eligible: CPU=5.35%, Disk=0.00%
2025-10-26 01:27:55,484 - KafkaLeaderDemotion - DEBUG - [select_best_replica:896] - Broker 1002 eligible: CPU=5.03%, Disk=1.44%
2025-10-26 01:27:55,484 - KafkaLeaderDemotion - INFO - [select_best_replica:913] - Selected broker 1002 as new leader (CPU=5.03%, Disk=1.44%)
2025-10-26 01:27:55,484 - KafkaLeaderDemotion - DEBUG - [select_best_replica:896] - Broker 1002 eligible: CPU=5.03%, Disk=1.44%
2025-10-26 01:27:55,484 - KafkaLeaderDemotion - DEBUG - [select_best_replica:896] - Broker 1003 eligible: CPU=13.76%, Disk=1.49%
2025-10-26 01:27:55,484 - KafkaLeaderDemotion - INFO - [select_best_replica:913] - Selected broker 1002 as new leader (CPU=5.03%, Disk=1.44%)
2025-10-26 01:27:55,484 - KafkaLeaderDemotion - DEBUG - [select_best_replica:896] - Broker 1003 eligible: CPU=13.76%, Disk=1.49%
2025-10-26 01:27:55,485 - KafkaLeaderDemotion - DEBUG - [select_best_replica:896] - Broker 1004 eligible: CPU=5.35%, Disk=0.00%
2025-10-26 01:27:55,485 - KafkaLeaderDemotion - INFO - [select_best_replica:913] - Selected broker 1004 as new leader (CPU=5.35%, Disk=0.00%)
2025-10-26 01:27:55,485 - KafkaLeaderDemotion - DEBUG - [select_best_replica:896] - Broker 1004 eligible: CPU=5.35%, Disk=0.00%
2025-10-26 01:27:55,485 - KafkaLeaderDemotion - DEBUG - [select_best_replica:896] - Broker 1002 eligible: CPU=5.03%, Disk=1.44%
2025-10-26 01:27:55,485 - KafkaLeaderDemotion - INFO - [select_best_replica:913] - Selected broker 1002 as new leader (CPU=5.03%, Disk=1.44%)
2025-10-26 01:27:55,485 - KafkaLeaderDemotion - DEBUG - [select_best_replica:896] - Broker 1004 eligible: CPU=5.35%, Disk=0.00%
2025-10-26 01:27:55,485 - KafkaLeaderDemotion - DEBUG - [select_best_replica:896] - Broker 1002 eligible: CPU=5.03%, Disk=1.44%
2025-10-26 01:27:55,485 - KafkaLeaderDemotion - INFO - [select_best_replica:913] - Selected broker 1002 as new leader (CPU=5.03%, Disk=1.44%)
2025-10-26 01:27:55,485 - KafkaLeaderDemotion - DEBUG - [select_best_replica:896] - Broker 1002 eligible: CPU=5.03%, Disk=1.44%
2025-10-26 01:27:55,485 - KafkaLeaderDemotion - DEBUG - [select_best_replica:896] - Broker 1004 eligible: CPU=5.35%, Disk=0.00%
2025-10-26 01:27:55,485 - KafkaLeaderDemotion - INFO - [select_best_replica:913] - Selected broker 1002 as new leader (CPU=5.03%, Disk=1.44%)
2025-10-26 01:27:55,485 - KafkaLeaderDemotion - DEBUG - [select_best_replica:896] - Broker 1002 eligible: CPU=5.03%, Disk=1.44%
2025-10-26 01:27:55,485 - KafkaLeaderDemotion - DEBUG - [select_best_replica:896] - Broker 1004 eligible: CPU=5.35%, Disk=0.00%
2025-10-26 01:27:55,486 - KafkaLeaderDemotion - INFO - [select_best_replica:913] - Selected broker 1002 as new leader (CPU=5.03%, Disk=1.44%)
2025-10-26 01:27:55,486 - KafkaLeaderDemotion - DEBUG - [select_best_replica:896] - Broker 1002 eligible: CPU=5.03%, Disk=1.44%
2025-10-26 01:27:55,486 - KafkaLeaderDemotion - DEBUG - [select_best_replica:896] - Broker 1004 eligible: CPU=5.35%, Disk=0.00%
2025-10-26 01:27:55,486 - KafkaLeaderDemotion - INFO - [select_best_replica:913] - Selected broker 1002 as new leader (CPU=5.03%, Disk=1.44%)
2025-10-26 01:27:55,486 - KafkaLeaderDemotion - DEBUG - [select_best_replica:896] - Broker 1004 eligible: CPU=5.35%, Disk=0.00%
2025-10-26 01:27:55,486 - KafkaLeaderDemotion - DEBUG - [select_best_replica:896] - Broker 1002 eligible: CPU=5.03%, Disk=1.44%
2025-10-26 01:27:55,486 - KafkaLeaderDemotion - INFO - [select_best_replica:913] - Selected broker 1002 as new leader (CPU=5.03%, Disk=1.44%)
2025-10-26 01:27:55,486 - KafkaLeaderDemotion - DEBUG - [select_best_replica:896] - Broker 1003 eligible: CPU=13.76%, Disk=1.49%
2025-10-26 01:27:55,486 - KafkaLeaderDemotion - DEBUG - [select_best_replica:896] - Broker 1004 eligible: CPU=5.35%, Disk=0.00%
2025-10-26 01:27:55,486 - KafkaLeaderDemotion - INFO - [select_best_replica:913] - Selected broker 1004 as new leader (CPU=5.35%, Disk=0.00%)
2025-10-26 01:27:55,486 - KafkaLeaderDemotion - DEBUG - [select_best_replica:896] - Broker 1004 eligible: CPU=5.35%, Disk=0.00%
2025-10-26 01:27:55,486 - KafkaLeaderDemotion - DEBUG - [select_best_replica:896] - Broker 1002 eligible: CPU=5.03%, Disk=1.44%
2025-10-26 01:27:55,486 - KafkaLeaderDemotion - INFO - [select_best_replica:913] - Selected broker 1002 as new leader (CPU=5.03%, Disk=1.44%)
2025-10-26 01:27:55,487 - KafkaLeaderDemotion - DEBUG - [select_best_replica:896] - Broker 1004 eligible: CPU=5.35%, Disk=0.00%
2025-10-26 01:27:55,487 - KafkaLeaderDemotion - DEBUG - [select_best_replica:896] - Broker 1002 eligible: CPU=5.03%, Disk=1.44%
2025-10-26 01:27:55,487 - KafkaLeaderDemotion - INFO - [select_best_replica:913] - Selected broker 1002 as new leader (CPU=5.03%, Disk=1.44%)
2025-10-26 01:27:55,488 - KafkaLeaderDemotion - INFO - [create_reassignment_json:1049] - Reassignment JSON created: /data/kafka_demotion_state/reassignment_20251026_012755.json
2025-10-26 01:27:55,488 - KafkaLeaderDemotion - INFO - [demote_broker:1271] - 
Leadership Transfer Plan:
2025-10-26 01:27:55,488 - KafkaLeaderDemotion - INFO - [demote_broker:1272] - ──────────────────────────────────────────────────────────────────────
2025-10-26 01:27:55,488 - KafkaLeaderDemotion - INFO - [demote_broker:1277] - secound-2: 1001 → 1002
2025-10-26 01:27:55,488 - KafkaLeaderDemotion - INFO - [demote_broker:1277] - production2-9: 1001 → 1002
2025-10-26 01:27:55,488 - KafkaLeaderDemotion - INFO - [demote_broker:1277] - test.event-2: 1001 → 1004
2025-10-26 01:27:55,488 - KafkaLeaderDemotion - INFO - [demote_broker:1277] - user-events-3: 1001 → 1002
2025-10-26 01:27:55,488 - KafkaLeaderDemotion - INFO - [demote_broker:1277] - user-events-6: 1001 → 1002
2025-10-26 01:27:55,488 - KafkaLeaderDemotion - INFO - [demote_broker:1277] - user-events-9: 1001 → 1002
2025-10-26 01:27:55,489 - KafkaLeaderDemotion - INFO - [demote_broker:1277] - user-events-12: 1001 → 1002
2025-10-26 01:27:55,489 - KafkaLeaderDemotion - INFO - [demote_broker:1277] - user-events-15: 1001 → 1002
2025-10-26 01:27:55,489 - KafkaLeaderDemotion - INFO - [demote_broker:1277] - user-events-24: 1001 → 1002
2025-10-26 01:27:55,489 - KafkaLeaderDemotion - INFO - [demote_broker:1277] - secound1-0: 1001 → 1004
2025-10-26 01:27:55,489 - KafkaLeaderDemotion - INFO - [demote_broker:1277] - secound1-2: 1001 → 1002
2025-10-26 01:27:55,489 - KafkaLeaderDemotion - INFO - [demote_broker:1277] - production-2: 1001 → 1002
2025-10-26 01:27:55,489 - KafkaLeaderDemotion - INFO - [demote_broker:1278] - ──────────────────────────────────────────────────────────────────────
2025-10-26 01:27:55,489 - KafkaLeaderDemotion - INFO - [execute_reassignment:1090] - Executing partition reassignment
2025-10-26 01:27:55,489 - KafkaLeaderDemotion - DEBUG - [execute_reassignment:1091] - Command: /usr/odp/3.2.2.0-1/kafka/bin/kafka-reassign-partitions.sh --bootstrap-server stg-hdpashique103:6667 --reassignment-json-file /data/kafka_demotion_state/reassignment_20251026_012755.json --execute
2025-10-26 01:27:58,750 - KafkaLeaderDemotion - INFO - [execute_reassignment:1100] - Reassignment output:
Current partition replica assignment

{"version":1,"partitions":[{"topic":"production","partition":2,"replicas":[1001,1004,1002],"log_dirs":["any","any","any"]},{"topic":"production2","partition":9,"replicas":[1001,1002,1003],"log_dirs":["any","any","any"]},{"topic":"secound","partition":2,"replicas":[1001,1004,1002],"log_dirs":["any","any","any"]},{"topic":"secound1","partition":0,"replicas":[1001,1003,1004],"log_dirs":["any","any","any"]},{"topic":"secound1","partition":2,"replicas":[1001,1004,1002],"log_dirs":["any","any","any"]},{"topic":"test.event","partition":2,"replicas":[1001,1003,1004],"log_dirs":["any","any","any"]},{"topic":"user-events","partition":3,"replicas":[1001,1004,1002],"log_dirs":["any","any","any"]},{"topic":"user-events","partition":6,"replicas":[1001,1004,1002],"log_dirs":["any","any","any"]},{"topic":"user-events","partition":9,"replicas":[1001,1002,1004],"log_dirs":["any","any","any"]},{"topic":"user-events","partition":12,"replicas":[1001,1002,1004],"log_dirs":["any","any","any"]},{"topic":"user-events","partition":15,"replicas":[1001,1002,1004],"log_dirs":["any","any","any"]},{"topic":"user-events","partition":24,"replicas":[1001,1004,1002],"log_dirs":["any","any","any"]}]}

Save this to use as the --reassignment-json-file option during rollback
Successfully started partition reassignments for production-2,production2-9,secound-2,secound1-0,secound1-2,test.event-2,user-events-3,user-events-6,user-events-9,user-events-12,user-events-15,user-events-24

2025-10-26 01:27:58,751 - KafkaLeaderDemotion - INFO - [verify_reassignment:1140] - Verifying partition reassignment
2025-10-26 01:28:02,044 - KafkaLeaderDemotion - INFO - [verify_reassignment:1159] - Reassignment in progress, waiting...
2025-10-26 01:28:14,975 - KafkaLeaderDemotion - INFO - [verify_reassignment:1159] - Reassignment in progress, waiting...
2025-10-26 01:28:28,245 - KafkaLeaderDemotion - INFO - [verify_reassignment:1159] - Reassignment in progress, waiting...
2025-10-26 01:28:41,226 - KafkaLeaderDemotion - INFO - [verify_reassignment:1159] - Reassignment in progress, waiting...
2025-10-26 01:28:54,414 - KafkaLeaderDemotion - INFO - [verify_reassignment:1159] - Reassignment in progress, waiting...
2025-10-26 01:29:07,394 - KafkaLeaderDemotion - INFO - [verify_reassignment:1159] - Reassignment in progress, waiting...
2025-10-26 01:29:20,436 - KafkaLeaderDemotion - INFO - [verify_reassignment:1159] - Reassignment in progress, waiting...
2025-10-26 01:29:33,418 - KafkaLeaderDemotion - INFO - [verify_reassignment:1159] - Reassignment in progress, waiting...
2025-10-26 01:29:46,649 - KafkaLeaderDemotion - INFO - [verify_reassignment:1159] - Reassignment in progress, waiting...
2025-10-26 01:29:59,534 - KafkaLeaderDemotion - INFO - [verify_reassignment:1159] - Reassignment in progress, waiting...
2025-10-26 01:30:12,749 - KafkaLeaderDemotion - INFO - [verify_reassignment:1159] - Reassignment in progress, waiting...
2025-10-26 01:30:25,766 - KafkaLeaderDemotion - INFO - [verify_reassignment:1159] - Reassignment in progress, waiting...
2025-10-26 01:30:38,809 - KafkaLeaderDemotion - INFO - [verify_reassignment:1159] - Reassignment in progress, waiting...
2025-10-26 01:30:51,764 - KafkaLeaderDemotion - INFO - [verify_reassignment:1159] - Reassignment in progress, waiting...
2025-10-26 01:31:04,824 - KafkaLeaderDemotion - INFO - [verify_reassignment:1159] - Reassignment in progress, waiting...
2025-10-26 01:31:17,927 - KafkaLeaderDemotion - INFO - [verify_reassignment:1159] - Reassignment in progress, waiting...
2025-10-26 01:31:31,028 - KafkaLeaderDemotion - INFO - [verify_reassignment:1159] - Reassignment in progress, waiting...
2025-10-26 01:31:44,026 - KafkaLeaderDemotion - INFO - [verify_reassignment:1159] - Reassignment in progress, waiting...
2025-10-26 01:31:57,072 - KafkaLeaderDemotion - INFO - [verify_reassignment:1159] - Reassignment in progress, waiting...
2025-10-26 01:32:10,078 - KafkaLeaderDemotion - INFO - [verify_reassignment:1159] - Reassignment in progress, waiting...
2025-10-26 01:32:23,174 - KafkaLeaderDemotion - INFO - [verify_reassignment:1159] - Reassignment in progress, waiting...
2025-10-26 01:32:28,296 - KafkaLeaderDemotion - WARNING - [main:1664] - 
Operation interrupted by user
