2025-10-26 01:46:40,259 - KafkaLeaderDemotion - INFO - [setup_logging:77] - Logging initialized. Log file: ./logs/kafka_leader_demotion_20251026_014640.log
2025-10-26 01:46:40,259 - KafkaLeaderDemotion - INFO - [main:1696] - Loading configuration from leader-demoter-input.yaml
2025-10-26 01:46:40,263 - KafkaLeaderDemotion - INFO - [_load_config:106] - Configuration loaded from leader-demoter-input.yaml
2025-10-26 01:46:40,263 - KafkaLeaderDemotion - INFO - [_validate_config:132] - Configuration validation passed
2025-10-26 01:46:40,263 - KafkaLeaderDemotion - INFO - [main:1700] - Initializing Kafka cluster manager
2025-10-26 01:46:40,263 - KafkaLeaderDemotion - INFO - [main:1725] - Operating in DEMOTION mode for broker 1001
2025-10-26 01:46:40,263 - KafkaLeaderDemotion - INFO - [run_all_checks:660] - ======================================================================
2025-10-26 01:46:40,263 - KafkaLeaderDemotion - INFO - [run_all_checks:661] - STARTING PRE-CHECK VALIDATION
2025-10-26 01:46:40,263 - KafkaLeaderDemotion - INFO - [run_all_checks:662] - ======================================================================
2025-10-26 01:46:40,264 - KafkaLeaderDemotion - INFO - [run_all_checks:675] - 
──────────────────────────────────────────────────────────────────────
2025-10-26 01:46:40,264 - KafkaLeaderDemotion - INFO - [run_all_checks:676] - CHECK: Controller Health
2025-10-26 01:46:40,264 - KafkaLeaderDemotion - INFO - [run_all_checks:677] - ──────────────────────────────────────────────────────────────────────
2025-10-26 01:46:40,264 - KafkaLeaderDemotion - INFO - [check_controller_health:595] - Checking controller health
2025-10-26 01:46:42,311 - KafkaLeaderDemotion - INFO - [check_controller_health:613] - Controller is broker 1003
2025-10-26 01:46:42,311 - KafkaLeaderDemotion - INFO - [run_all_checks:681] - ✓ Controller Health: PASSED
2025-10-26 01:46:42,311 - KafkaLeaderDemotion - INFO - [run_all_checks:675] - 
──────────────────────────────────────────────────────────────────────
2025-10-26 01:46:42,311 - KafkaLeaderDemotion - INFO - [run_all_checks:676] - CHECK: Broker Existence
2025-10-26 01:46:42,312 - KafkaLeaderDemotion - INFO - [run_all_checks:677] - ──────────────────────────────────────────────────────────────────────
2025-10-26 01:46:42,312 - KafkaLeaderDemotion - INFO - [get_all_brokers:355] - Fetching all broker IDs
2025-10-26 01:46:44,373 - KafkaLeaderDemotion - DEBUG - [get_broker_hostname:307] - Fetching hostname for broker 1001
2025-10-26 01:46:46,561 - KafkaLeaderDemotion - INFO - [get_broker_hostname:325] - Broker 1001 hostname: stg-hdpashique103.phonepe.nb6
2025-10-26 01:46:46,562 - KafkaLeaderDemotion - DEBUG - [get_broker_hostname:307] - Fetching hostname for broker 1002
2025-10-26 01:46:48,687 - KafkaLeaderDemotion - INFO - [get_broker_hostname:325] - Broker 1002 hostname: stg-hdpashique102.phonepe.nb6
2025-10-26 01:46:48,688 - KafkaLeaderDemotion - DEBUG - [get_broker_hostname:307] - Fetching hostname for broker 1003
2025-10-26 01:46:50,739 - KafkaLeaderDemotion - INFO - [get_broker_hostname:325] - Broker 1003 hostname: stg-hdpashique101.phonepe.nb6
2025-10-26 01:46:50,740 - KafkaLeaderDemotion - DEBUG - [get_broker_hostname:307] - Fetching hostname for broker 1004
2025-10-26 01:46:52,711 - KafkaLeaderDemotion - INFO - [get_broker_hostname:325] - Broker 1004 hostname: stg-hdpashique104.phonepe.nb6
2025-10-26 01:46:52,711 - KafkaLeaderDemotion - INFO - [get_all_brokers:383] - Found 4 brokers in cluster
2025-10-26 01:46:52,711 - KafkaLeaderDemotion - INFO - [_check_broker_exists:707] - Broker 1001 found: stg-hdpashique103.phonepe.nb6
2025-10-26 01:46:52,712 - KafkaLeaderDemotion - INFO - [run_all_checks:681] - ✓ Broker Existence: PASSED
2025-10-26 01:46:52,712 - KafkaLeaderDemotion - INFO - [run_all_checks:675] - 
──────────────────────────────────────────────────────────────────────
2025-10-26 01:46:52,712 - KafkaLeaderDemotion - INFO - [run_all_checks:676] - CHECK: Under-Replicated Partitions
2025-10-26 01:46:52,712 - KafkaLeaderDemotion - INFO - [run_all_checks:677] - ──────────────────────────────────────────────────────────────────────
2025-10-26 01:46:52,712 - KafkaLeaderDemotion - INFO - [get_partition_metadata:404] - Fetching partition metadata
2025-10-26 01:46:55,613 - KafkaLeaderDemotion - DEBUG - [get_partition_metadata:433] - Found topic: secound
2025-10-26 01:46:55,613 - KafkaLeaderDemotion - DEBUG - [get_partition_metadata:472] - Added partition: secound-0, Leader=1004, Replicas=[1004, 1002, 1001], ISR=[1002, 1001, 1004]
2025-10-26 01:46:55,613 - KafkaLeaderDemotion - DEBUG - [get_partition_metadata:472] - Added partition: secound-1, Leader=1002, Replicas=[1002, 1004, 1001], ISR=[1002, 1004, 1001]
2025-10-26 01:46:55,613 - KafkaLeaderDemotion - DEBUG - [get_partition_metadata:472] - Added partition: secound-2, Leader=1002, Replicas=[1002, 1001, 1004], ISR=[1001, 1004, 1002]
2025-10-26 01:46:55,613 - KafkaLeaderDemotion - DEBUG - [get_partition_metadata:433] - Found topic: production2
2025-10-26 01:46:55,613 - KafkaLeaderDemotion - DEBUG - [get_partition_metadata:472] - Added partition: production2-0, Leader=1003, Replicas=[1003, 1004, 1002], ISR=[1004, 1003, 1002]
2025-10-26 01:46:55,613 - KafkaLeaderDemotion - DEBUG - [get_partition_metadata:472] - Added partition: production2-1, Leader=1003, Replicas=[1003, 1001, 1004], ISR=[1004, 1003, 1001]
2025-10-26 01:46:55,614 - KafkaLeaderDemotion - DEBUG - [get_partition_metadata:472] - Added partition: production2-2, Leader=1003, Replicas=[1003, 1002, 1001], ISR=[1001, 1003, 1002]
2025-10-26 01:46:55,614 - KafkaLeaderDemotion - DEBUG - [get_partition_metadata:472] - Added partition: production2-3, Leader=1002, Replicas=[1002, 1004, 1001], ISR=[1001, 1002, 1004]
2025-10-26 01:46:55,614 - KafkaLeaderDemotion - DEBUG - [get_partition_metadata:472] - Added partition: production2-4, Leader=1003, Replicas=[1003, 1004, 1002], ISR=[1004, 1002, 1003]
2025-10-26 01:46:55,614 - KafkaLeaderDemotion - DEBUG - [get_partition_metadata:472] - Added partition: production2-5, Leader=1003, Replicas=[1003, 1001, 1004], ISR=[1004, 1001, 1003]
2025-10-26 01:46:55,614 - KafkaLeaderDemotion - DEBUG - [get_partition_metadata:472] - Added partition: production2-6, Leader=1003, Replicas=[1003, 1002, 1001], ISR=[1001, 1002, 1003]
2025-10-26 01:46:55,614 - KafkaLeaderDemotion - DEBUG - [get_partition_metadata:472] - Added partition: production2-7, Leader=1002, Replicas=[1002, 1003, 1004], ISR=[1002, 1004, 1003]
2025-10-26 01:46:55,614 - KafkaLeaderDemotion - DEBUG - [get_partition_metadata:472] - Added partition: production2-8, Leader=1004, Replicas=[1004, 1001, 1003], ISR=[1001, 1004, 1003]
2025-10-26 01:46:55,614 - KafkaLeaderDemotion - DEBUG - [get_partition_metadata:472] - Added partition: production2-9, Leader=1002, Replicas=[1002, 1001, 1003], ISR=[1002, 1001, 1003]
2025-10-26 01:46:55,614 - KafkaLeaderDemotion - DEBUG - [get_partition_metadata:433] - Found topic: test.event
2025-10-26 01:46:55,614 - KafkaLeaderDemotion - DEBUG - [get_partition_metadata:472] - Added partition: test.event-0, Leader=1002, Replicas=[1002, 1004, 1001], ISR=[1002, 1004, 1001]
2025-10-26 01:46:55,614 - KafkaLeaderDemotion - DEBUG - [get_partition_metadata:472] - Added partition: test.event-1, Leader=1004, Replicas=[1004, 1003, 1002], ISR=[1004, 1003, 1002]
2025-10-26 01:46:55,614 - KafkaLeaderDemotion - DEBUG - [get_partition_metadata:472] - Added partition: test.event-2, Leader=1004, Replicas=[1004, 1001, 1003], ISR=[1001, 1003, 1004]
2025-10-26 01:46:55,615 - KafkaLeaderDemotion - DEBUG - [get_partition_metadata:472] - Added partition: test.event-3, Leader=1002, Replicas=[1002, 1001, 1003], ISR=[1002, 1003, 1001]
2025-10-26 01:46:55,615 - KafkaLeaderDemotion - DEBUG - [get_partition_metadata:472] - Added partition: test.event-4, Leader=1004, Replicas=[1004, 1002, 1001], ISR=[1001, 1004, 1002]
2025-10-26 01:46:55,615 - KafkaLeaderDemotion - DEBUG - [get_partition_metadata:472] - Added partition: test.event-5, Leader=1004, Replicas=[1004, 1003, 1002], ISR=[1002, 1003, 1004]
2025-10-26 01:46:55,615 - KafkaLeaderDemotion - DEBUG - [get_partition_metadata:433] - Found topic: user-events
2025-10-26 01:46:55,615 - KafkaLeaderDemotion - DEBUG - [get_partition_metadata:472] - Added partition: user-events-0, Leader=1004, Replicas=[1004, 1002, 1001], ISR=[1002, 1001, 1004]
2025-10-26 01:46:55,615 - KafkaLeaderDemotion - DEBUG - [get_partition_metadata:472] - Added partition: user-events-1, Leader=1002, Replicas=[1002, 1004, 1001], ISR=[1002, 1004, 1001]
2025-10-26 01:46:55,615 - KafkaLeaderDemotion - DEBUG - [get_partition_metadata:472] - Added partition: user-events-2, Leader=1004, Replicas=[1004, 1002, 1001], ISR=[1001, 1004, 1002]
2025-10-26 01:46:55,615 - KafkaLeaderDemotion - DEBUG - [get_partition_metadata:472] - Added partition: user-events-3, Leader=1002, Replicas=[1002, 1001, 1004], ISR=[1002, 1001, 1004]
2025-10-26 01:46:55,615 - KafkaLeaderDemotion - DEBUG - [get_partition_metadata:472] - Added partition: user-events-4, Leader=1002, Replicas=[1002, 1004, 1001], ISR=[1002, 1004, 1001]
2025-10-26 01:46:55,615 - KafkaLeaderDemotion - DEBUG - [get_partition_metadata:472] - Added partition: user-events-5, Leader=1004, Replicas=[1004, 1002, 1001], ISR=[1001, 1004, 1002]
2025-10-26 01:46:55,615 - KafkaLeaderDemotion - DEBUG - [get_partition_metadata:472] - Added partition: user-events-6, Leader=1002, Replicas=[1002, 1001, 1004], ISR=[1002, 1001, 1004]
2025-10-26 01:46:55,615 - KafkaLeaderDemotion - DEBUG - [get_partition_metadata:472] - Added partition: user-events-7, Leader=1002, Replicas=[1002, 1001, 1004], ISR=[1002, 1004, 1001]
2025-10-26 01:46:55,615 - KafkaLeaderDemotion - DEBUG - [get_partition_metadata:472] - Added partition: user-events-8, Leader=1004, Replicas=[1004, 1002, 1001], ISR=[1001, 1004, 1002]
2025-10-26 01:46:55,616 - KafkaLeaderDemotion - DEBUG - [get_partition_metadata:472] - Added partition: user-events-9, Leader=1002, Replicas=[1002, 1001, 1004], ISR=[1002, 1001, 1004]
2025-10-26 01:46:55,616 - KafkaLeaderDemotion - DEBUG - [get_partition_metadata:472] - Added partition: user-events-10, Leader=1002, Replicas=[1002, 1001, 1004], ISR=[1002, 1004, 1001]
2025-10-26 01:46:55,616 - KafkaLeaderDemotion - DEBUG - [get_partition_metadata:472] - Added partition: user-events-11, Leader=1004, Replicas=[1004, 1002, 1001], ISR=[1001, 1004, 1002]
2025-10-26 01:46:55,616 - KafkaLeaderDemotion - DEBUG - [get_partition_metadata:472] - Added partition: user-events-12, Leader=1002, Replicas=[1002, 1001, 1004], ISR=[1002, 1001, 1004]
2025-10-26 01:46:55,616 - KafkaLeaderDemotion - DEBUG - [get_partition_metadata:472] - Added partition: user-events-13, Leader=1002, Replicas=[1002, 1001, 1004], ISR=[1002, 1004, 1001]
2025-10-26 01:46:55,616 - KafkaLeaderDemotion - DEBUG - [get_partition_metadata:472] - Added partition: user-events-14, Leader=1004, Replicas=[1004, 1002, 1001], ISR=[1001, 1004, 1002]
2025-10-26 01:46:55,616 - KafkaLeaderDemotion - DEBUG - [get_partition_metadata:472] - Added partition: user-events-15, Leader=1002, Replicas=[1002, 1001, 1004], ISR=[1002, 1001, 1004]
2025-10-26 01:46:55,616 - KafkaLeaderDemotion - DEBUG - [get_partition_metadata:472] - Added partition: user-events-16, Leader=1002, Replicas=[1002, 1001, 1004], ISR=[1002, 1004, 1001]
2025-10-26 01:46:55,616 - KafkaLeaderDemotion - DEBUG - [get_partition_metadata:472] - Added partition: user-events-17, Leader=1003, Replicas=[1003, 1002, 1001], ISR=[1001, 1003, 1002]
2025-10-26 01:46:55,616 - KafkaLeaderDemotion - DEBUG - [get_partition_metadata:472] - Added partition: user-events-18, Leader=1004, Replicas=[1004, 1002, 1001], ISR=[1002, 1001, 1004]
2025-10-26 01:46:55,616 - KafkaLeaderDemotion - DEBUG - [get_partition_metadata:472] - Added partition: user-events-19, Leader=1003, Replicas=[1003, 1004, 1002], ISR=[1002, 1004, 1003]
2025-10-26 01:46:55,616 - KafkaLeaderDemotion - DEBUG - [get_partition_metadata:472] - Added partition: user-events-20, Leader=1003, Replicas=[1003, 1004, 1001], ISR=[1001, 1004, 1003]
2025-10-26 01:46:55,617 - KafkaLeaderDemotion - DEBUG - [get_partition_metadata:472] - Added partition: user-events-21, Leader=1003, Replicas=[1003, 1004, 1002], ISR=[1002, 1003, 1004]
2025-10-26 01:46:55,617 - KafkaLeaderDemotion - DEBUG - [get_partition_metadata:472] - Added partition: user-events-22, Leader=1003, Replicas=[1003, 1001, 1004], ISR=[1004, 1003, 1001]
2025-10-26 01:46:55,617 - KafkaLeaderDemotion - DEBUG - [get_partition_metadata:472] - Added partition: user-events-23, Leader=1003, Replicas=[1003, 1002, 1001], ISR=[1001, 1003, 1002]
2025-10-26 01:46:55,617 - KafkaLeaderDemotion - DEBUG - [get_partition_metadata:472] - Added partition: user-events-24, Leader=1002, Replicas=[1002, 1001, 1004], ISR=[1002, 1001, 1004]
2025-10-26 01:46:55,617 - KafkaLeaderDemotion - DEBUG - [get_partition_metadata:472] - Added partition: user-events-25, Leader=1003, Replicas=[1003, 1004, 1002], ISR=[1002, 1004, 1003]
2025-10-26 01:46:55,617 - KafkaLeaderDemotion - DEBUG - [get_partition_metadata:472] - Added partition: user-events-26, Leader=1003, Replicas=[1003, 1001, 1004], ISR=[1001, 1004, 1003]
2025-10-26 01:46:55,617 - KafkaLeaderDemotion - DEBUG - [get_partition_metadata:472] - Added partition: user-events-27, Leader=1003, Replicas=[1003, 1002, 1001], ISR=[1002, 1001, 1003]
2025-10-26 01:46:55,617 - KafkaLeaderDemotion - DEBUG - [get_partition_metadata:472] - Added partition: user-events-28, Leader=1002, Replicas=[1002, 1004, 1001], ISR=[1002, 1004, 1001]
2025-10-26 01:46:55,617 - KafkaLeaderDemotion - DEBUG - [get_partition_metadata:472] - Added partition: user-events-29, Leader=1003, Replicas=[1003, 1004, 1002], ISR=[1004, 1003, 1002]
2025-10-26 01:46:55,617 - KafkaLeaderDemotion - DEBUG - [get_partition_metadata:433] - Found topic: secound1
2025-10-26 01:46:55,617 - KafkaLeaderDemotion - DEBUG - [get_partition_metadata:472] - Added partition: secound1-0, Leader=1004, Replicas=[1004, 1001, 1003], ISR=[1004, 1003, 1001]
2025-10-26 01:46:55,617 - KafkaLeaderDemotion - DEBUG - [get_partition_metadata:472] - Added partition: secound1-1, Leader=1002, Replicas=[1002, 1001, 1003], ISR=[1001, 1003, 1002]
2025-10-26 01:46:55,618 - KafkaLeaderDemotion - DEBUG - [get_partition_metadata:472] - Added partition: secound1-2, Leader=1002, Replicas=[1002, 1001, 1004], ISR=[1001, 1002, 1004]
2025-10-26 01:46:55,618 - KafkaLeaderDemotion - DEBUG - [get_partition_metadata:433] - Found topic: production
2025-10-26 01:46:55,618 - KafkaLeaderDemotion - DEBUG - [get_partition_metadata:472] - Added partition: production-0, Leader=1003, Replicas=[1003, 1001, 1004], ISR=[1004, 1003, 1001]
2025-10-26 01:46:55,618 - KafkaLeaderDemotion - DEBUG - [get_partition_metadata:472] - Added partition: production-1, Leader=1003, Replicas=[1003, 1002, 1001], ISR=[1001, 1003, 1002]
2025-10-26 01:46:55,618 - KafkaLeaderDemotion - DEBUG - [get_partition_metadata:472] - Added partition: production-2, Leader=1002, Replicas=[1002, 1001, 1004], ISR=[1002, 1001, 1004]
2025-10-26 01:46:55,618 - KafkaLeaderDemotion - DEBUG - [get_partition_metadata:472] - Added partition: production-3, Leader=1003, Replicas=[1003, 1004, 1002], ISR=[1002, 1004, 1003]
2025-10-26 01:46:55,618 - KafkaLeaderDemotion - DEBUG - [get_partition_metadata:472] - Added partition: production-4, Leader=1003, Replicas=[1003, 1001, 1004], ISR=[1001, 1004, 1003]
2025-10-26 01:46:55,618 - KafkaLeaderDemotion - DEBUG - [get_partition_metadata:472] - Added partition: production-5, Leader=1003, Replicas=[1003, 1002, 1001], ISR=[1002, 1001, 1003]
2025-10-26 01:46:55,618 - KafkaLeaderDemotion - DEBUG - [get_partition_metadata:472] - Added partition: production-6, Leader=1003, Replicas=[1003, 1004, 1002], ISR=[1002, 1004, 1003]
2025-10-26 01:46:55,618 - KafkaLeaderDemotion - INFO - [get_partition_metadata:483] - Retrieved metadata for 6 topics
2025-10-26 01:46:55,618 - KafkaLeaderDemotion - INFO - [get_partition_metadata:487] - Total partitions: 59
2025-10-26 01:46:55,619 - KafkaLeaderDemotion - INFO - [get_under_replicated_partitions:516] - Total under-replicated partitions: 0
2025-10-26 01:46:55,619 - KafkaLeaderDemotion - INFO - [_check_urp:721] - No under-replicated partitions found
2025-10-26 01:46:55,619 - KafkaLeaderDemotion - INFO - [run_all_checks:681] - ✓ Under-Replicated Partitions: PASSED
2025-10-26 01:46:55,619 - KafkaLeaderDemotion - INFO - [run_all_checks:675] - 
──────────────────────────────────────────────────────────────────────
2025-10-26 01:46:55,619 - KafkaLeaderDemotion - INFO - [run_all_checks:676] - CHECK: Topic Min ISR Configuration
2025-10-26 01:46:55,619 - KafkaLeaderDemotion - INFO - [run_all_checks:677] - ──────────────────────────────────────────────────────────────────────
2025-10-26 01:46:55,619 - KafkaLeaderDemotion - INFO - [get_partition_metadata:404] - Fetching partition metadata
2025-10-26 01:46:58,479 - KafkaLeaderDemotion - DEBUG - [get_partition_metadata:433] - Found topic: secound
2025-10-26 01:46:58,480 - KafkaLeaderDemotion - DEBUG - [get_partition_metadata:472] - Added partition: secound-0, Leader=1004, Replicas=[1004, 1002, 1001], ISR=[1002, 1001, 1004]
2025-10-26 01:46:58,480 - KafkaLeaderDemotion - DEBUG - [get_partition_metadata:472] - Added partition: secound-1, Leader=1002, Replicas=[1002, 1004, 1001], ISR=[1002, 1004, 1001]
2025-10-26 01:46:58,480 - KafkaLeaderDemotion - DEBUG - [get_partition_metadata:472] - Added partition: secound-2, Leader=1002, Replicas=[1002, 1001, 1004], ISR=[1001, 1004, 1002]
2025-10-26 01:46:58,480 - KafkaLeaderDemotion - DEBUG - [get_partition_metadata:433] - Found topic: production2
2025-10-26 01:46:58,480 - KafkaLeaderDemotion - DEBUG - [get_partition_metadata:472] - Added partition: production2-0, Leader=1003, Replicas=[1003, 1004, 1002], ISR=[1004, 1003, 1002]
2025-10-26 01:46:58,480 - KafkaLeaderDemotion - DEBUG - [get_partition_metadata:472] - Added partition: production2-1, Leader=1003, Replicas=[1003, 1001, 1004], ISR=[1004, 1003, 1001]
2025-10-26 01:46:58,480 - KafkaLeaderDemotion - DEBUG - [get_partition_metadata:472] - Added partition: production2-2, Leader=1003, Replicas=[1003, 1002, 1001], ISR=[1001, 1003, 1002]
2025-10-26 01:46:58,480 - KafkaLeaderDemotion - DEBUG - [get_partition_metadata:472] - Added partition: production2-3, Leader=1002, Replicas=[1002, 1004, 1001], ISR=[1001, 1002, 1004]
2025-10-26 01:46:58,480 - KafkaLeaderDemotion - DEBUG - [get_partition_metadata:472] - Added partition: production2-4, Leader=1003, Replicas=[1003, 1004, 1002], ISR=[1004, 1002, 1003]
2025-10-26 01:46:58,480 - KafkaLeaderDemotion - DEBUG - [get_partition_metadata:472] - Added partition: production2-5, Leader=1003, Replicas=[1003, 1001, 1004], ISR=[1004, 1001, 1003]
2025-10-26 01:46:58,481 - KafkaLeaderDemotion - DEBUG - [get_partition_metadata:472] - Added partition: production2-6, Leader=1003, Replicas=[1003, 1002, 1001], ISR=[1001, 1002, 1003]
2025-10-26 01:46:58,481 - KafkaLeaderDemotion - DEBUG - [get_partition_metadata:472] - Added partition: production2-7, Leader=1002, Replicas=[1002, 1003, 1004], ISR=[1002, 1004, 1003]
2025-10-26 01:46:58,481 - KafkaLeaderDemotion - DEBUG - [get_partition_metadata:472] - Added partition: production2-8, Leader=1004, Replicas=[1004, 1001, 1003], ISR=[1001, 1004, 1003]
2025-10-26 01:46:58,481 - KafkaLeaderDemotion - DEBUG - [get_partition_metadata:472] - Added partition: production2-9, Leader=1002, Replicas=[1002, 1001, 1003], ISR=[1002, 1001, 1003]
2025-10-26 01:46:58,481 - KafkaLeaderDemotion - DEBUG - [get_partition_metadata:433] - Found topic: test.event
2025-10-26 01:46:58,481 - KafkaLeaderDemotion - DEBUG - [get_partition_metadata:472] - Added partition: test.event-0, Leader=1002, Replicas=[1002, 1004, 1001], ISR=[1002, 1004, 1001]
2025-10-26 01:46:58,481 - KafkaLeaderDemotion - DEBUG - [get_partition_metadata:472] - Added partition: test.event-1, Leader=1004, Replicas=[1004, 1003, 1002], ISR=[1004, 1003, 1002]
2025-10-26 01:46:58,481 - KafkaLeaderDemotion - DEBUG - [get_partition_metadata:472] - Added partition: test.event-2, Leader=1004, Replicas=[1004, 1001, 1003], ISR=[1001, 1003, 1004]
2025-10-26 01:46:58,481 - KafkaLeaderDemotion - DEBUG - [get_partition_metadata:472] - Added partition: test.event-3, Leader=1002, Replicas=[1002, 1001, 1003], ISR=[1002, 1003, 1001]
2025-10-26 01:46:58,481 - KafkaLeaderDemotion - DEBUG - [get_partition_metadata:472] - Added partition: test.event-4, Leader=1004, Replicas=[1004, 1002, 1001], ISR=[1001, 1004, 1002]
2025-10-26 01:46:58,481 - KafkaLeaderDemotion - DEBUG - [get_partition_metadata:472] - Added partition: test.event-5, Leader=1004, Replicas=[1004, 1003, 1002], ISR=[1002, 1003, 1004]
2025-10-26 01:46:58,481 - KafkaLeaderDemotion - DEBUG - [get_partition_metadata:433] - Found topic: user-events
2025-10-26 01:46:58,481 - KafkaLeaderDemotion - DEBUG - [get_partition_metadata:472] - Added partition: user-events-0, Leader=1004, Replicas=[1004, 1002, 1001], ISR=[1002, 1001, 1004]
2025-10-26 01:46:58,482 - KafkaLeaderDemotion - DEBUG - [get_partition_metadata:472] - Added partition: user-events-1, Leader=1002, Replicas=[1002, 1004, 1001], ISR=[1002, 1004, 1001]
2025-10-26 01:46:58,482 - KafkaLeaderDemotion - DEBUG - [get_partition_metadata:472] - Added partition: user-events-2, Leader=1004, Replicas=[1004, 1002, 1001], ISR=[1001, 1004, 1002]
2025-10-26 01:46:58,482 - KafkaLeaderDemotion - DEBUG - [get_partition_metadata:472] - Added partition: user-events-3, Leader=1002, Replicas=[1002, 1001, 1004], ISR=[1002, 1001, 1004]
2025-10-26 01:46:58,482 - KafkaLeaderDemotion - DEBUG - [get_partition_metadata:472] - Added partition: user-events-4, Leader=1002, Replicas=[1002, 1004, 1001], ISR=[1002, 1004, 1001]
2025-10-26 01:46:58,482 - KafkaLeaderDemotion - DEBUG - [get_partition_metadata:472] - Added partition: user-events-5, Leader=1004, Replicas=[1004, 1002, 1001], ISR=[1001, 1004, 1002]
2025-10-26 01:46:58,482 - KafkaLeaderDemotion - DEBUG - [get_partition_metadata:472] - Added partition: user-events-6, Leader=1002, Replicas=[1002, 1001, 1004], ISR=[1002, 1001, 1004]
2025-10-26 01:46:58,482 - KafkaLeaderDemotion - DEBUG - [get_partition_metadata:472] - Added partition: user-events-7, Leader=1002, Replicas=[1002, 1001, 1004], ISR=[1002, 1004, 1001]
2025-10-26 01:46:58,482 - KafkaLeaderDemotion - DEBUG - [get_partition_metadata:472] - Added partition: user-events-8, Leader=1004, Replicas=[1004, 1002, 1001], ISR=[1001, 1004, 1002]
2025-10-26 01:46:58,482 - KafkaLeaderDemotion - DEBUG - [get_partition_metadata:472] - Added partition: user-events-9, Leader=1002, Replicas=[1002, 1001, 1004], ISR=[1002, 1001, 1004]
2025-10-26 01:46:58,482 - KafkaLeaderDemotion - DEBUG - [get_partition_metadata:472] - Added partition: user-events-10, Leader=1002, Replicas=[1002, 1001, 1004], ISR=[1002, 1004, 1001]
2025-10-26 01:46:58,482 - KafkaLeaderDemotion - DEBUG - [get_partition_metadata:472] - Added partition: user-events-11, Leader=1004, Replicas=[1004, 1002, 1001], ISR=[1001, 1004, 1002]
2025-10-26 01:46:58,482 - KafkaLeaderDemotion - DEBUG - [get_partition_metadata:472] - Added partition: user-events-12, Leader=1002, Replicas=[1002, 1001, 1004], ISR=[1002, 1001, 1004]
2025-10-26 01:46:58,483 - KafkaLeaderDemotion - DEBUG - [get_partition_metadata:472] - Added partition: user-events-13, Leader=1002, Replicas=[1002, 1001, 1004], ISR=[1002, 1004, 1001]
2025-10-26 01:46:58,483 - KafkaLeaderDemotion - DEBUG - [get_partition_metadata:472] - Added partition: user-events-14, Leader=1004, Replicas=[1004, 1002, 1001], ISR=[1001, 1004, 1002]
2025-10-26 01:46:58,483 - KafkaLeaderDemotion - DEBUG - [get_partition_metadata:472] - Added partition: user-events-15, Leader=1002, Replicas=[1002, 1001, 1004], ISR=[1002, 1001, 1004]
2025-10-26 01:46:58,483 - KafkaLeaderDemotion - DEBUG - [get_partition_metadata:472] - Added partition: user-events-16, Leader=1002, Replicas=[1002, 1001, 1004], ISR=[1002, 1004, 1001]
2025-10-26 01:46:58,483 - KafkaLeaderDemotion - DEBUG - [get_partition_metadata:472] - Added partition: user-events-17, Leader=1003, Replicas=[1003, 1002, 1001], ISR=[1001, 1003, 1002]
2025-10-26 01:46:58,483 - KafkaLeaderDemotion - DEBUG - [get_partition_metadata:472] - Added partition: user-events-18, Leader=1004, Replicas=[1004, 1002, 1001], ISR=[1002, 1001, 1004]
2025-10-26 01:46:58,483 - KafkaLeaderDemotion - DEBUG - [get_partition_metadata:472] - Added partition: user-events-19, Leader=1003, Replicas=[1003, 1004, 1002], ISR=[1002, 1004, 1003]
2025-10-26 01:46:58,483 - KafkaLeaderDemotion - DEBUG - [get_partition_metadata:472] - Added partition: user-events-20, Leader=1003, Replicas=[1003, 1004, 1001], ISR=[1001, 1004, 1003]
2025-10-26 01:46:58,483 - KafkaLeaderDemotion - DEBUG - [get_partition_metadata:472] - Added partition: user-events-21, Leader=1003, Replicas=[1003, 1004, 1002], ISR=[1002, 1003, 1004]
2025-10-26 01:46:58,483 - KafkaLeaderDemotion - DEBUG - [get_partition_metadata:472] - Added partition: user-events-22, Leader=1003, Replicas=[1003, 1001, 1004], ISR=[1004, 1003, 1001]
2025-10-26 01:46:58,483 - KafkaLeaderDemotion - DEBUG - [get_partition_metadata:472] - Added partition: user-events-23, Leader=1003, Replicas=[1003, 1002, 1001], ISR=[1001, 1003, 1002]
2025-10-26 01:46:58,483 - KafkaLeaderDemotion - DEBUG - [get_partition_metadata:472] - Added partition: user-events-24, Leader=1002, Replicas=[1002, 1001, 1004], ISR=[1002, 1001, 1004]
2025-10-26 01:46:58,483 - KafkaLeaderDemotion - DEBUG - [get_partition_metadata:472] - Added partition: user-events-25, Leader=1003, Replicas=[1003, 1004, 1002], ISR=[1002, 1004, 1003]
2025-10-26 01:46:58,484 - KafkaLeaderDemotion - DEBUG - [get_partition_metadata:472] - Added partition: user-events-26, Leader=1003, Replicas=[1003, 1001, 1004], ISR=[1001, 1004, 1003]
2025-10-26 01:46:58,484 - KafkaLeaderDemotion - DEBUG - [get_partition_metadata:472] - Added partition: user-events-27, Leader=1003, Replicas=[1003, 1002, 1001], ISR=[1002, 1001, 1003]
2025-10-26 01:46:58,484 - KafkaLeaderDemotion - DEBUG - [get_partition_metadata:472] - Added partition: user-events-28, Leader=1002, Replicas=[1002, 1004, 1001], ISR=[1002, 1004, 1001]
2025-10-26 01:46:58,484 - KafkaLeaderDemotion - DEBUG - [get_partition_metadata:472] - Added partition: user-events-29, Leader=1003, Replicas=[1003, 1004, 1002], ISR=[1004, 1003, 1002]
2025-10-26 01:46:58,484 - KafkaLeaderDemotion - DEBUG - [get_partition_metadata:433] - Found topic: secound1
2025-10-26 01:46:58,484 - KafkaLeaderDemotion - DEBUG - [get_partition_metadata:472] - Added partition: secound1-0, Leader=1004, Replicas=[1004, 1001, 1003], ISR=[1004, 1003, 1001]
2025-10-26 01:46:58,484 - KafkaLeaderDemotion - DEBUG - [get_partition_metadata:472] - Added partition: secound1-1, Leader=1002, Replicas=[1002, 1001, 1003], ISR=[1001, 1003, 1002]
2025-10-26 01:46:58,484 - KafkaLeaderDemotion - DEBUG - [get_partition_metadata:472] - Added partition: secound1-2, Leader=1002, Replicas=[1002, 1001, 1004], ISR=[1001, 1002, 1004]
2025-10-26 01:46:58,484 - KafkaLeaderDemotion - DEBUG - [get_partition_metadata:433] - Found topic: production
2025-10-26 01:46:58,484 - KafkaLeaderDemotion - DEBUG - [get_partition_metadata:472] - Added partition: production-0, Leader=1003, Replicas=[1003, 1001, 1004], ISR=[1004, 1003, 1001]
2025-10-26 01:46:58,484 - KafkaLeaderDemotion - DEBUG - [get_partition_metadata:472] - Added partition: production-1, Leader=1003, Replicas=[1003, 1002, 1001], ISR=[1001, 1003, 1002]
2025-10-26 01:46:58,484 - KafkaLeaderDemotion - DEBUG - [get_partition_metadata:472] - Added partition: production-2, Leader=1002, Replicas=[1002, 1001, 1004], ISR=[1002, 1001, 1004]
2025-10-26 01:46:58,485 - KafkaLeaderDemotion - DEBUG - [get_partition_metadata:472] - Added partition: production-3, Leader=1003, Replicas=[1003, 1004, 1002], ISR=[1002, 1004, 1003]
2025-10-26 01:46:58,485 - KafkaLeaderDemotion - DEBUG - [get_partition_metadata:472] - Added partition: production-4, Leader=1003, Replicas=[1003, 1001, 1004], ISR=[1001, 1004, 1003]
2025-10-26 01:46:58,485 - KafkaLeaderDemotion - DEBUG - [get_partition_metadata:472] - Added partition: production-5, Leader=1003, Replicas=[1003, 1002, 1001], ISR=[1002, 1001, 1003]
2025-10-26 01:46:58,485 - KafkaLeaderDemotion - DEBUG - [get_partition_metadata:472] - Added partition: production-6, Leader=1003, Replicas=[1003, 1004, 1002], ISR=[1002, 1004, 1003]
2025-10-26 01:46:58,485 - KafkaLeaderDemotion - INFO - [get_partition_metadata:483] - Retrieved metadata for 6 topics
2025-10-26 01:46:58,485 - KafkaLeaderDemotion - INFO - [get_partition_metadata:487] - Total partitions: 59
2025-10-26 01:46:58,485 - KafkaLeaderDemotion - DEBUG - [get_topic_config:542] - Fetching config for topic secound
2025-10-26 01:47:01,365 - KafkaLeaderDemotion - DEBUG - [get_topic_config:571] - Parsed config: min.insync.replicas=2
2025-10-26 01:47:01,365 - KafkaLeaderDemotion - DEBUG - [get_topic_config:571] - Parsed config: retention.ms=604800000
2025-10-26 01:47:01,365 - KafkaLeaderDemotion - DEBUG - [get_topic_config:571] - Parsed config: unclean.leader.election.enable=false
2025-10-26 01:47:01,365 - KafkaLeaderDemotion - DEBUG - [_check_min_isr:751] - Topic secound: min.insync.replicas=2 ✓
2025-10-26 01:47:01,365 - KafkaLeaderDemotion - DEBUG - [get_topic_config:542] - Fetching config for topic production2
2025-10-26 01:47:04,128 - KafkaLeaderDemotion - DEBUG - [get_topic_config:571] - Parsed config: min.insync.replicas=2
2025-10-26 01:47:04,128 - KafkaLeaderDemotion - DEBUG - [get_topic_config:571] - Parsed config: retention.ms=604800000
2025-10-26 01:47:04,128 - KafkaLeaderDemotion - DEBUG - [_check_min_isr:751] - Topic production2: min.insync.replicas=2 ✓
2025-10-26 01:47:04,128 - KafkaLeaderDemotion - DEBUG - [get_topic_config:542] - Fetching config for topic test.event
2025-10-26 01:47:06,986 - KafkaLeaderDemotion - DEBUG - [get_topic_config:571] - Parsed config: min.insync.replicas=2
2025-10-26 01:47:06,987 - KafkaLeaderDemotion - DEBUG - [get_topic_config:571] - Parsed config: retention.ms=604800000
2025-10-26 01:47:06,987 - KafkaLeaderDemotion - DEBUG - [get_topic_config:571] - Parsed config: unclean.leader.election.enable=false
2025-10-26 01:47:06,987 - KafkaLeaderDemotion - DEBUG - [_check_min_isr:751] - Topic test.event: min.insync.replicas=2 ✓
2025-10-26 01:47:06,987 - KafkaLeaderDemotion - DEBUG - [get_topic_config:542] - Fetching config for topic user-events
2025-10-26 01:47:09,812 - KafkaLeaderDemotion - DEBUG - [get_topic_config:571] - Parsed config: min.insync.replicas=2
2025-10-26 01:47:09,812 - KafkaLeaderDemotion - DEBUG - [get_topic_config:571] - Parsed config: retention.ms=604800000
2025-10-26 01:47:09,812 - KafkaLeaderDemotion - DEBUG - [_check_min_isr:751] - Topic user-events: min.insync.replicas=2 ✓
2025-10-26 01:47:09,812 - KafkaLeaderDemotion - DEBUG - [get_topic_config:542] - Fetching config for topic secound1
2025-10-26 01:47:12,739 - KafkaLeaderDemotion - DEBUG - [get_topic_config:571] - Parsed config: min.insync.replicas=2
2025-10-26 01:47:12,739 - KafkaLeaderDemotion - DEBUG - [get_topic_config:571] - Parsed config: retention.ms=604800000
2025-10-26 01:47:12,739 - KafkaLeaderDemotion - DEBUG - [get_topic_config:571] - Parsed config: unclean.leader.election.enable=false
2025-10-26 01:47:12,739 - KafkaLeaderDemotion - DEBUG - [_check_min_isr:751] - Topic secound1: min.insync.replicas=2 ✓
2025-10-26 01:47:12,740 - KafkaLeaderDemotion - DEBUG - [get_topic_config:542] - Fetching config for topic production
2025-10-26 01:47:15,616 - KafkaLeaderDemotion - DEBUG - [get_topic_config:571] - Parsed config: min.insync.replicas=2
2025-10-26 01:47:15,616 - KafkaLeaderDemotion - DEBUG - [get_topic_config:571] - Parsed config: retention.ms=259200000
2025-10-26 01:47:15,616 - KafkaLeaderDemotion - DEBUG - [_check_min_isr:751] - Topic production: min.insync.replicas=2 ✓
2025-10-26 01:47:15,617 - KafkaLeaderDemotion - INFO - [run_all_checks:681] - ✓ Topic Min ISR Configuration: PASSED
2025-10-26 01:47:15,617 - KafkaLeaderDemotion - INFO - [run_all_checks:675] - 
──────────────────────────────────────────────────────────────────────
2025-10-26 01:47:15,617 - KafkaLeaderDemotion - INFO - [run_all_checks:676] - CHECK: Follower ISR Status
2025-10-26 01:47:15,617 - KafkaLeaderDemotion - INFO - [run_all_checks:677] - ──────────────────────────────────────────────────────────────────────
2025-10-26 01:47:15,617 - KafkaLeaderDemotion - INFO - [get_partition_metadata:404] - Fetching partition metadata
2025-10-26 01:47:18,628 - KafkaLeaderDemotion - DEBUG - [get_partition_metadata:433] - Found topic: secound
2025-10-26 01:47:18,628 - KafkaLeaderDemotion - DEBUG - [get_partition_metadata:472] - Added partition: secound-0, Leader=1004, Replicas=[1004, 1002, 1001], ISR=[1002, 1001, 1004]
2025-10-26 01:47:18,628 - KafkaLeaderDemotion - DEBUG - [get_partition_metadata:472] - Added partition: secound-1, Leader=1002, Replicas=[1002, 1004, 1001], ISR=[1002, 1004, 1001]
2025-10-26 01:47:18,629 - KafkaLeaderDemotion - DEBUG - [get_partition_metadata:472] - Added partition: secound-2, Leader=1002, Replicas=[1002, 1001, 1004], ISR=[1001, 1004, 1002]
2025-10-26 01:47:18,629 - KafkaLeaderDemotion - DEBUG - [get_partition_metadata:433] - Found topic: production2
2025-10-26 01:47:18,629 - KafkaLeaderDemotion - DEBUG - [get_partition_metadata:472] - Added partition: production2-0, Leader=1003, Replicas=[1003, 1004, 1002], ISR=[1004, 1003, 1002]
2025-10-26 01:47:18,629 - KafkaLeaderDemotion - DEBUG - [get_partition_metadata:472] - Added partition: production2-1, Leader=1003, Replicas=[1003, 1001, 1004], ISR=[1004, 1003, 1001]
2025-10-26 01:47:18,629 - KafkaLeaderDemotion - DEBUG - [get_partition_metadata:472] - Added partition: production2-2, Leader=1003, Replicas=[1003, 1002, 1001], ISR=[1001, 1003, 1002]
2025-10-26 01:47:18,629 - KafkaLeaderDemotion - DEBUG - [get_partition_metadata:472] - Added partition: production2-3, Leader=1002, Replicas=[1002, 1004, 1001], ISR=[1001, 1002, 1004]
2025-10-26 01:47:18,629 - KafkaLeaderDemotion - DEBUG - [get_partition_metadata:472] - Added partition: production2-4, Leader=1003, Replicas=[1003, 1004, 1002], ISR=[1004, 1002, 1003]
2025-10-26 01:47:18,629 - KafkaLeaderDemotion - DEBUG - [get_partition_metadata:472] - Added partition: production2-5, Leader=1003, Replicas=[1003, 1001, 1004], ISR=[1004, 1001, 1003]
2025-10-26 01:47:18,629 - KafkaLeaderDemotion - DEBUG - [get_partition_metadata:472] - Added partition: production2-6, Leader=1003, Replicas=[1003, 1002, 1001], ISR=[1001, 1002, 1003]
2025-10-26 01:47:18,629 - KafkaLeaderDemotion - DEBUG - [get_partition_metadata:472] - Added partition: production2-7, Leader=1002, Replicas=[1002, 1003, 1004], ISR=[1002, 1004, 1003]
2025-10-26 01:47:18,629 - KafkaLeaderDemotion - DEBUG - [get_partition_metadata:472] - Added partition: production2-8, Leader=1004, Replicas=[1004, 1001, 1003], ISR=[1001, 1004, 1003]
2025-10-26 01:47:18,629 - KafkaLeaderDemotion - DEBUG - [get_partition_metadata:472] - Added partition: production2-9, Leader=1002, Replicas=[1002, 1001, 1003], ISR=[1002, 1001, 1003]
2025-10-26 01:47:18,629 - KafkaLeaderDemotion - DEBUG - [get_partition_metadata:433] - Found topic: test.event
2025-10-26 01:47:18,630 - KafkaLeaderDemotion - DEBUG - [get_partition_metadata:472] - Added partition: test.event-0, Leader=1002, Replicas=[1002, 1004, 1001], ISR=[1002, 1004, 1001]
2025-10-26 01:47:18,630 - KafkaLeaderDemotion - DEBUG - [get_partition_metadata:472] - Added partition: test.event-1, Leader=1004, Replicas=[1004, 1003, 1002], ISR=[1004, 1003, 1002]
2025-10-26 01:47:18,630 - KafkaLeaderDemotion - DEBUG - [get_partition_metadata:472] - Added partition: test.event-2, Leader=1004, Replicas=[1004, 1001, 1003], ISR=[1001, 1003, 1004]
2025-10-26 01:47:18,630 - KafkaLeaderDemotion - DEBUG - [get_partition_metadata:472] - Added partition: test.event-3, Leader=1002, Replicas=[1002, 1001, 1003], ISR=[1002, 1003, 1001]
2025-10-26 01:47:18,630 - KafkaLeaderDemotion - DEBUG - [get_partition_metadata:472] - Added partition: test.event-4, Leader=1004, Replicas=[1004, 1002, 1001], ISR=[1001, 1004, 1002]
2025-10-26 01:47:18,630 - KafkaLeaderDemotion - DEBUG - [get_partition_metadata:472] - Added partition: test.event-5, Leader=1004, Replicas=[1004, 1003, 1002], ISR=[1002, 1003, 1004]
2025-10-26 01:47:18,630 - KafkaLeaderDemotion - DEBUG - [get_partition_metadata:433] - Found topic: user-events
2025-10-26 01:47:18,630 - KafkaLeaderDemotion - DEBUG - [get_partition_metadata:472] - Added partition: user-events-0, Leader=1004, Replicas=[1004, 1002, 1001], ISR=[1002, 1001, 1004]
2025-10-26 01:47:18,630 - KafkaLeaderDemotion - DEBUG - [get_partition_metadata:472] - Added partition: user-events-1, Leader=1002, Replicas=[1002, 1004, 1001], ISR=[1002, 1004, 1001]
2025-10-26 01:47:18,630 - KafkaLeaderDemotion - DEBUG - [get_partition_metadata:472] - Added partition: user-events-2, Leader=1004, Replicas=[1004, 1002, 1001], ISR=[1001, 1004, 1002]
2025-10-26 01:47:18,630 - KafkaLeaderDemotion - DEBUG - [get_partition_metadata:472] - Added partition: user-events-3, Leader=1002, Replicas=[1002, 1001, 1004], ISR=[1002, 1001, 1004]
2025-10-26 01:47:18,630 - KafkaLeaderDemotion - DEBUG - [get_partition_metadata:472] - Added partition: user-events-4, Leader=1002, Replicas=[1002, 1004, 1001], ISR=[1002, 1004, 1001]
2025-10-26 01:47:18,631 - KafkaLeaderDemotion - DEBUG - [get_partition_metadata:472] - Added partition: user-events-5, Leader=1004, Replicas=[1004, 1002, 1001], ISR=[1001, 1004, 1002]
2025-10-26 01:47:18,631 - KafkaLeaderDemotion - DEBUG - [get_partition_metadata:472] - Added partition: user-events-6, Leader=1002, Replicas=[1002, 1001, 1004], ISR=[1002, 1001, 1004]
2025-10-26 01:47:18,631 - KafkaLeaderDemotion - DEBUG - [get_partition_metadata:472] - Added partition: user-events-7, Leader=1002, Replicas=[1002, 1001, 1004], ISR=[1002, 1004, 1001]
2025-10-26 01:47:18,631 - KafkaLeaderDemotion - DEBUG - [get_partition_metadata:472] - Added partition: user-events-8, Leader=1004, Replicas=[1004, 1002, 1001], ISR=[1001, 1004, 1002]
2025-10-26 01:47:18,631 - KafkaLeaderDemotion - DEBUG - [get_partition_metadata:472] - Added partition: user-events-9, Leader=1002, Replicas=[1002, 1001, 1004], ISR=[1002, 1001, 1004]
2025-10-26 01:47:18,631 - KafkaLeaderDemotion - DEBUG - [get_partition_metadata:472] - Added partition: user-events-10, Leader=1002, Replicas=[1002, 1001, 1004], ISR=[1002, 1004, 1001]
2025-10-26 01:47:18,631 - KafkaLeaderDemotion - DEBUG - [get_partition_metadata:472] - Added partition: user-events-11, Leader=1004, Replicas=[1004, 1002, 1001], ISR=[1001, 1004, 1002]
2025-10-26 01:47:18,631 - KafkaLeaderDemotion - DEBUG - [get_partition_metadata:472] - Added partition: user-events-12, Leader=1002, Replicas=[1002, 1001, 1004], ISR=[1002, 1001, 1004]
2025-10-26 01:47:18,631 - KafkaLeaderDemotion - DEBUG - [get_partition_metadata:472] - Added partition: user-events-13, Leader=1002, Replicas=[1002, 1001, 1004], ISR=[1002, 1004, 1001]
2025-10-26 01:47:18,631 - KafkaLeaderDemotion - DEBUG - [get_partition_metadata:472] - Added partition: user-events-14, Leader=1004, Replicas=[1004, 1002, 1001], ISR=[1001, 1004, 1002]
2025-10-26 01:47:18,631 - KafkaLeaderDemotion - DEBUG - [get_partition_metadata:472] - Added partition: user-events-15, Leader=1002, Replicas=[1002, 1001, 1004], ISR=[1002, 1001, 1004]
2025-10-26 01:47:18,631 - KafkaLeaderDemotion - DEBUG - [get_partition_metadata:472] - Added partition: user-events-16, Leader=1002, Replicas=[1002, 1001, 1004], ISR=[1002, 1004, 1001]
2025-10-26 01:47:18,631 - KafkaLeaderDemotion - DEBUG - [get_partition_metadata:472] - Added partition: user-events-17, Leader=1003, Replicas=[1003, 1002, 1001], ISR=[1001, 1003, 1002]
2025-10-26 01:47:18,632 - KafkaLeaderDemotion - DEBUG - [get_partition_metadata:472] - Added partition: user-events-18, Leader=1004, Replicas=[1004, 1002, 1001], ISR=[1002, 1001, 1004]
2025-10-26 01:47:18,632 - KafkaLeaderDemotion - DEBUG - [get_partition_metadata:472] - Added partition: user-events-19, Leader=1003, Replicas=[1003, 1004, 1002], ISR=[1002, 1004, 1003]
2025-10-26 01:47:18,632 - KafkaLeaderDemotion - DEBUG - [get_partition_metadata:472] - Added partition: user-events-20, Leader=1003, Replicas=[1003, 1004, 1001], ISR=[1001, 1004, 1003]
2025-10-26 01:47:18,632 - KafkaLeaderDemotion - DEBUG - [get_partition_metadata:472] - Added partition: user-events-21, Leader=1003, Replicas=[1003, 1004, 1002], ISR=[1002, 1003, 1004]
2025-10-26 01:47:18,632 - KafkaLeaderDemotion - DEBUG - [get_partition_metadata:472] - Added partition: user-events-22, Leader=1003, Replicas=[1003, 1001, 1004], ISR=[1004, 1003, 1001]
2025-10-26 01:47:18,632 - KafkaLeaderDemotion - DEBUG - [get_partition_metadata:472] - Added partition: user-events-23, Leader=1003, Replicas=[1003, 1002, 1001], ISR=[1001, 1003, 1002]
2025-10-26 01:47:18,632 - KafkaLeaderDemotion - DEBUG - [get_partition_metadata:472] - Added partition: user-events-24, Leader=1002, Replicas=[1002, 1001, 1004], ISR=[1002, 1001, 1004]
2025-10-26 01:47:18,632 - KafkaLeaderDemotion - DEBUG - [get_partition_metadata:472] - Added partition: user-events-25, Leader=1003, Replicas=[1003, 1004, 1002], ISR=[1002, 1004, 1003]
2025-10-26 01:47:18,632 - KafkaLeaderDemotion - DEBUG - [get_partition_metadata:472] - Added partition: user-events-26, Leader=1003, Replicas=[1003, 1001, 1004], ISR=[1001, 1004, 1003]
2025-10-26 01:47:18,632 - KafkaLeaderDemotion - DEBUG - [get_partition_metadata:472] - Added partition: user-events-27, Leader=1003, Replicas=[1003, 1002, 1001], ISR=[1002, 1001, 1003]
2025-10-26 01:47:18,632 - KafkaLeaderDemotion - DEBUG - [get_partition_metadata:472] - Added partition: user-events-28, Leader=1002, Replicas=[1002, 1004, 1001], ISR=[1002, 1004, 1001]
2025-10-26 01:47:18,632 - KafkaLeaderDemotion - DEBUG - [get_partition_metadata:472] - Added partition: user-events-29, Leader=1003, Replicas=[1003, 1004, 1002], ISR=[1004, 1003, 1002]
2025-10-26 01:47:18,633 - KafkaLeaderDemotion - DEBUG - [get_partition_metadata:433] - Found topic: secound1
2025-10-26 01:47:18,633 - KafkaLeaderDemotion - DEBUG - [get_partition_metadata:472] - Added partition: secound1-0, Leader=1004, Replicas=[1004, 1001, 1003], ISR=[1004, 1003, 1001]
2025-10-26 01:47:18,633 - KafkaLeaderDemotion - DEBUG - [get_partition_metadata:472] - Added partition: secound1-1, Leader=1002, Replicas=[1002, 1001, 1003], ISR=[1001, 1003, 1002]
2025-10-26 01:47:18,633 - KafkaLeaderDemotion - DEBUG - [get_partition_metadata:472] - Added partition: secound1-2, Leader=1002, Replicas=[1002, 1001, 1004], ISR=[1001, 1002, 1004]
2025-10-26 01:47:18,633 - KafkaLeaderDemotion - DEBUG - [get_partition_metadata:433] - Found topic: production
2025-10-26 01:47:18,633 - KafkaLeaderDemotion - DEBUG - [get_partition_metadata:472] - Added partition: production-0, Leader=1003, Replicas=[1003, 1001, 1004], ISR=[1004, 1003, 1001]
2025-10-26 01:47:18,633 - KafkaLeaderDemotion - DEBUG - [get_partition_metadata:472] - Added partition: production-1, Leader=1003, Replicas=[1003, 1002, 1001], ISR=[1001, 1003, 1002]
2025-10-26 01:47:18,633 - KafkaLeaderDemotion - DEBUG - [get_partition_metadata:472] - Added partition: production-2, Leader=1002, Replicas=[1002, 1001, 1004], ISR=[1002, 1001, 1004]
2025-10-26 01:47:18,633 - KafkaLeaderDemotion - DEBUG - [get_partition_metadata:472] - Added partition: production-3, Leader=1003, Replicas=[1003, 1004, 1002], ISR=[1002, 1004, 1003]
2025-10-26 01:47:18,633 - KafkaLeaderDemotion - DEBUG - [get_partition_metadata:472] - Added partition: production-4, Leader=1003, Replicas=[1003, 1001, 1004], ISR=[1001, 1004, 1003]
2025-10-26 01:47:18,633 - KafkaLeaderDemotion - DEBUG - [get_partition_metadata:472] - Added partition: production-5, Leader=1003, Replicas=[1003, 1002, 1001], ISR=[1002, 1001, 1003]
2025-10-26 01:47:18,633 - KafkaLeaderDemotion - DEBUG - [get_partition_metadata:472] - Added partition: production-6, Leader=1003, Replicas=[1003, 1004, 1002], ISR=[1002, 1004, 1003]
2025-10-26 01:47:18,633 - KafkaLeaderDemotion - INFO - [get_partition_metadata:483] - Retrieved metadata for 6 topics
2025-10-26 01:47:18,634 - KafkaLeaderDemotion - INFO - [get_partition_metadata:487] - Total partitions: 59
2025-10-26 01:47:18,634 - KafkaLeaderDemotion - INFO - [run_all_checks:681] - ✓ Follower ISR Status: PASSED
2025-10-26 01:47:18,634 - KafkaLeaderDemotion - INFO - [_print_summary:785] - 
======================================================================
2025-10-26 01:47:18,634 - KafkaLeaderDemotion - INFO - [_print_summary:786] - PRE-CHECK SUMMARY
2025-10-26 01:47:18,634 - KafkaLeaderDemotion - INFO - [_print_summary:787] - ======================================================================
2025-10-26 01:47:18,634 - KafkaLeaderDemotion - INFO - [_print_summary:788] - Passed: 5
2025-10-26 01:47:18,634 - KafkaLeaderDemotion - INFO - [_print_summary:789] - Failed: 0
2025-10-26 01:47:18,634 - KafkaLeaderDemotion - INFO - [_print_summary:797] - 
Passed Checks:
2025-10-26 01:47:18,635 - KafkaLeaderDemotion - INFO - [_print_summary:799] -   ✓ Controller Health
2025-10-26 01:47:18,635 - KafkaLeaderDemotion - INFO - [_print_summary:799] -   ✓ Broker Existence
2025-10-26 01:47:18,635 - KafkaLeaderDemotion - INFO - [_print_summary:799] -   ✓ Under-Replicated Partitions
2025-10-26 01:47:18,635 - KafkaLeaderDemotion - INFO - [_print_summary:799] -   ✓ Topic Min ISR Configuration
2025-10-26 01:47:18,635 - KafkaLeaderDemotion - INFO - [_print_summary:799] -   ✓ Follower ISR Status
2025-10-26 01:47:18,635 - KafkaLeaderDemotion - INFO - [_print_summary:801] - ======================================================================

2025-10-26 01:47:18,636 - KafkaLeaderDemotion - INFO - [demote_broker:1330] - ======================================================================
2025-10-26 01:47:18,636 - KafkaLeaderDemotion - INFO - [demote_broker:1334] - STARTING LEADER DEMOTION FOR BROKER 1001
2025-10-26 01:47:18,636 - KafkaLeaderDemotion - INFO - [demote_broker:1335] - ======================================================================
2025-10-26 01:47:18,636 - KafkaLeaderDemotion - INFO - [get_partition_metadata:404] - Fetching partition metadata
2025-10-26 01:47:21,468 - KafkaLeaderDemotion - DEBUG - [get_partition_metadata:433] - Found topic: secound
2025-10-26 01:47:21,468 - KafkaLeaderDemotion - DEBUG - [get_partition_metadata:472] - Added partition: secound-0, Leader=1004, Replicas=[1004, 1002, 1001], ISR=[1002, 1001, 1004]
2025-10-26 01:47:21,469 - KafkaLeaderDemotion - DEBUG - [get_partition_metadata:472] - Added partition: secound-1, Leader=1002, Replicas=[1002, 1004, 1001], ISR=[1002, 1004, 1001]
2025-10-26 01:47:21,469 - KafkaLeaderDemotion - DEBUG - [get_partition_metadata:472] - Added partition: secound-2, Leader=1002, Replicas=[1002, 1001, 1004], ISR=[1001, 1004, 1002]
2025-10-26 01:47:21,469 - KafkaLeaderDemotion - DEBUG - [get_partition_metadata:433] - Found topic: production2
2025-10-26 01:47:21,469 - KafkaLeaderDemotion - DEBUG - [get_partition_metadata:472] - Added partition: production2-0, Leader=1003, Replicas=[1003, 1004, 1002], ISR=[1004, 1003, 1002]
2025-10-26 01:47:21,469 - KafkaLeaderDemotion - DEBUG - [get_partition_metadata:472] - Added partition: production2-1, Leader=1003, Replicas=[1003, 1001, 1004], ISR=[1004, 1003, 1001]
2025-10-26 01:47:21,469 - KafkaLeaderDemotion - DEBUG - [get_partition_metadata:472] - Added partition: production2-2, Leader=1003, Replicas=[1003, 1002, 1001], ISR=[1001, 1003, 1002]
2025-10-26 01:47:21,469 - KafkaLeaderDemotion - DEBUG - [get_partition_metadata:472] - Added partition: production2-3, Leader=1002, Replicas=[1002, 1004, 1001], ISR=[1001, 1002, 1004]
2025-10-26 01:47:21,469 - KafkaLeaderDemotion - DEBUG - [get_partition_metadata:472] - Added partition: production2-4, Leader=1003, Replicas=[1003, 1004, 1002], ISR=[1004, 1002, 1003]
2025-10-26 01:47:21,469 - KafkaLeaderDemotion - DEBUG - [get_partition_metadata:472] - Added partition: production2-5, Leader=1003, Replicas=[1003, 1001, 1004], ISR=[1004, 1001, 1003]
2025-10-26 01:47:21,469 - KafkaLeaderDemotion - DEBUG - [get_partition_metadata:472] - Added partition: production2-6, Leader=1003, Replicas=[1003, 1002, 1001], ISR=[1001, 1002, 1003]
2025-10-26 01:47:21,469 - KafkaLeaderDemotion - DEBUG - [get_partition_metadata:472] - Added partition: production2-7, Leader=1002, Replicas=[1002, 1003, 1004], ISR=[1002, 1004, 1003]
2025-10-26 01:47:21,470 - KafkaLeaderDemotion - DEBUG - [get_partition_metadata:472] - Added partition: production2-8, Leader=1004, Replicas=[1004, 1001, 1003], ISR=[1001, 1004, 1003]
2025-10-26 01:47:21,470 - KafkaLeaderDemotion - DEBUG - [get_partition_metadata:472] - Added partition: production2-9, Leader=1002, Replicas=[1002, 1001, 1003], ISR=[1002, 1001, 1003]
2025-10-26 01:47:21,470 - KafkaLeaderDemotion - DEBUG - [get_partition_metadata:433] - Found topic: test.event
2025-10-26 01:47:21,470 - KafkaLeaderDemotion - DEBUG - [get_partition_metadata:472] - Added partition: test.event-0, Leader=1002, Replicas=[1002, 1004, 1001], ISR=[1002, 1004, 1001]
2025-10-26 01:47:21,470 - KafkaLeaderDemotion - DEBUG - [get_partition_metadata:472] - Added partition: test.event-1, Leader=1004, Replicas=[1004, 1003, 1002], ISR=[1004, 1003, 1002]
2025-10-26 01:47:21,470 - KafkaLeaderDemotion - DEBUG - [get_partition_metadata:472] - Added partition: test.event-2, Leader=1004, Replicas=[1004, 1001, 1003], ISR=[1001, 1003, 1004]
2025-10-26 01:47:21,470 - KafkaLeaderDemotion - DEBUG - [get_partition_metadata:472] - Added partition: test.event-3, Leader=1002, Replicas=[1002, 1001, 1003], ISR=[1002, 1003, 1001]
2025-10-26 01:47:21,470 - KafkaLeaderDemotion - DEBUG - [get_partition_metadata:472] - Added partition: test.event-4, Leader=1004, Replicas=[1004, 1002, 1001], ISR=[1001, 1004, 1002]
2025-10-26 01:47:21,470 - KafkaLeaderDemotion - DEBUG - [get_partition_metadata:472] - Added partition: test.event-5, Leader=1004, Replicas=[1004, 1003, 1002], ISR=[1002, 1003, 1004]
2025-10-26 01:47:21,470 - KafkaLeaderDemotion - DEBUG - [get_partition_metadata:433] - Found topic: user-events
2025-10-26 01:47:21,470 - KafkaLeaderDemotion - DEBUG - [get_partition_metadata:472] - Added partition: user-events-0, Leader=1004, Replicas=[1004, 1002, 1001], ISR=[1002, 1001, 1004]
2025-10-26 01:47:21,470 - KafkaLeaderDemotion - DEBUG - [get_partition_metadata:472] - Added partition: user-events-1, Leader=1002, Replicas=[1002, 1004, 1001], ISR=[1002, 1004, 1001]
2025-10-26 01:47:21,470 - KafkaLeaderDemotion - DEBUG - [get_partition_metadata:472] - Added partition: user-events-2, Leader=1004, Replicas=[1004, 1002, 1001], ISR=[1001, 1004, 1002]
2025-10-26 01:47:21,471 - KafkaLeaderDemotion - DEBUG - [get_partition_metadata:472] - Added partition: user-events-3, Leader=1002, Replicas=[1002, 1001, 1004], ISR=[1002, 1001, 1004]
2025-10-26 01:47:21,471 - KafkaLeaderDemotion - DEBUG - [get_partition_metadata:472] - Added partition: user-events-4, Leader=1002, Replicas=[1002, 1004, 1001], ISR=[1002, 1004, 1001]
2025-10-26 01:47:21,471 - KafkaLeaderDemotion - DEBUG - [get_partition_metadata:472] - Added partition: user-events-5, Leader=1004, Replicas=[1004, 1002, 1001], ISR=[1001, 1004, 1002]
2025-10-26 01:47:21,471 - KafkaLeaderDemotion - DEBUG - [get_partition_metadata:472] - Added partition: user-events-6, Leader=1002, Replicas=[1002, 1001, 1004], ISR=[1002, 1001, 1004]
2025-10-26 01:47:21,471 - KafkaLeaderDemotion - DEBUG - [get_partition_metadata:472] - Added partition: user-events-7, Leader=1002, Replicas=[1002, 1001, 1004], ISR=[1002, 1004, 1001]
2025-10-26 01:47:21,471 - KafkaLeaderDemotion - DEBUG - [get_partition_metadata:472] - Added partition: user-events-8, Leader=1004, Replicas=[1004, 1002, 1001], ISR=[1001, 1004, 1002]
2025-10-26 01:47:21,471 - KafkaLeaderDemotion - DEBUG - [get_partition_metadata:472] - Added partition: user-events-9, Leader=1002, Replicas=[1002, 1001, 1004], ISR=[1002, 1001, 1004]
2025-10-26 01:47:21,471 - KafkaLeaderDemotion - DEBUG - [get_partition_metadata:472] - Added partition: user-events-10, Leader=1002, Replicas=[1002, 1001, 1004], ISR=[1002, 1004, 1001]
2025-10-26 01:47:21,471 - KafkaLeaderDemotion - DEBUG - [get_partition_metadata:472] - Added partition: user-events-11, Leader=1004, Replicas=[1004, 1002, 1001], ISR=[1001, 1004, 1002]
2025-10-26 01:47:21,471 - KafkaLeaderDemotion - DEBUG - [get_partition_metadata:472] - Added partition: user-events-12, Leader=1002, Replicas=[1002, 1001, 1004], ISR=[1002, 1001, 1004]
2025-10-26 01:47:21,471 - KafkaLeaderDemotion - DEBUG - [get_partition_metadata:472] - Added partition: user-events-13, Leader=1002, Replicas=[1002, 1001, 1004], ISR=[1002, 1004, 1001]
2025-10-26 01:47:21,471 - KafkaLeaderDemotion - DEBUG - [get_partition_metadata:472] - Added partition: user-events-14, Leader=1004, Replicas=[1004, 1002, 1001], ISR=[1001, 1004, 1002]
2025-10-26 01:47:21,472 - KafkaLeaderDemotion - DEBUG - [get_partition_metadata:472] - Added partition: user-events-15, Leader=1002, Replicas=[1002, 1001, 1004], ISR=[1002, 1001, 1004]
2025-10-26 01:47:21,472 - KafkaLeaderDemotion - DEBUG - [get_partition_metadata:472] - Added partition: user-events-16, Leader=1002, Replicas=[1002, 1001, 1004], ISR=[1002, 1004, 1001]
2025-10-26 01:47:21,472 - KafkaLeaderDemotion - DEBUG - [get_partition_metadata:472] - Added partition: user-events-17, Leader=1003, Replicas=[1003, 1002, 1001], ISR=[1001, 1003, 1002]
2025-10-26 01:47:21,472 - KafkaLeaderDemotion - DEBUG - [get_partition_metadata:472] - Added partition: user-events-18, Leader=1004, Replicas=[1004, 1002, 1001], ISR=[1002, 1001, 1004]
2025-10-26 01:47:21,472 - KafkaLeaderDemotion - DEBUG - [get_partition_metadata:472] - Added partition: user-events-19, Leader=1003, Replicas=[1003, 1004, 1002], ISR=[1002, 1004, 1003]
2025-10-26 01:47:21,472 - KafkaLeaderDemotion - DEBUG - [get_partition_metadata:472] - Added partition: user-events-20, Leader=1003, Replicas=[1003, 1004, 1001], ISR=[1001, 1004, 1003]
2025-10-26 01:47:21,472 - KafkaLeaderDemotion - DEBUG - [get_partition_metadata:472] - Added partition: user-events-21, Leader=1003, Replicas=[1003, 1004, 1002], ISR=[1002, 1003, 1004]
2025-10-26 01:47:21,472 - KafkaLeaderDemotion - DEBUG - [get_partition_metadata:472] - Added partition: user-events-22, Leader=1003, Replicas=[1003, 1001, 1004], ISR=[1004, 1003, 1001]
2025-10-26 01:47:21,472 - KafkaLeaderDemotion - DEBUG - [get_partition_metadata:472] - Added partition: user-events-23, Leader=1003, Replicas=[1003, 1002, 1001], ISR=[1001, 1003, 1002]
2025-10-26 01:47:21,472 - KafkaLeaderDemotion - DEBUG - [get_partition_metadata:472] - Added partition: user-events-24, Leader=1002, Replicas=[1002, 1001, 1004], ISR=[1002, 1001, 1004]
2025-10-26 01:47:21,472 - KafkaLeaderDemotion - DEBUG - [get_partition_metadata:472] - Added partition: user-events-25, Leader=1003, Replicas=[1003, 1004, 1002], ISR=[1002, 1004, 1003]
2025-10-26 01:47:21,472 - KafkaLeaderDemotion - DEBUG - [get_partition_metadata:472] - Added partition: user-events-26, Leader=1003, Replicas=[1003, 1001, 1004], ISR=[1001, 1004, 1003]
2025-10-26 01:47:21,473 - KafkaLeaderDemotion - DEBUG - [get_partition_metadata:472] - Added partition: user-events-27, Leader=1003, Replicas=[1003, 1002, 1001], ISR=[1002, 1001, 1003]
2025-10-26 01:47:21,473 - KafkaLeaderDemotion - DEBUG - [get_partition_metadata:472] - Added partition: user-events-28, Leader=1002, Replicas=[1002, 1004, 1001], ISR=[1002, 1004, 1001]
2025-10-26 01:47:21,473 - KafkaLeaderDemotion - DEBUG - [get_partition_metadata:472] - Added partition: user-events-29, Leader=1003, Replicas=[1003, 1004, 1002], ISR=[1004, 1003, 1002]
2025-10-26 01:47:21,473 - KafkaLeaderDemotion - DEBUG - [get_partition_metadata:433] - Found topic: secound1
2025-10-26 01:47:21,473 - KafkaLeaderDemotion - DEBUG - [get_partition_metadata:472] - Added partition: secound1-0, Leader=1004, Replicas=[1004, 1001, 1003], ISR=[1004, 1003, 1001]
2025-10-26 01:47:21,473 - KafkaLeaderDemotion - DEBUG - [get_partition_metadata:472] - Added partition: secound1-1, Leader=1002, Replicas=[1002, 1001, 1003], ISR=[1001, 1003, 1002]
2025-10-26 01:47:21,473 - KafkaLeaderDemotion - DEBUG - [get_partition_metadata:472] - Added partition: secound1-2, Leader=1002, Replicas=[1002, 1001, 1004], ISR=[1001, 1002, 1004]
2025-10-26 01:47:21,473 - KafkaLeaderDemotion - DEBUG - [get_partition_metadata:433] - Found topic: production
2025-10-26 01:47:21,473 - KafkaLeaderDemotion - DEBUG - [get_partition_metadata:472] - Added partition: production-0, Leader=1003, Replicas=[1003, 1001, 1004], ISR=[1004, 1003, 1001]
2025-10-26 01:47:21,473 - KafkaLeaderDemotion - DEBUG - [get_partition_metadata:472] - Added partition: production-1, Leader=1003, Replicas=[1003, 1002, 1001], ISR=[1001, 1003, 1002]
2025-10-26 01:47:21,473 - KafkaLeaderDemotion - DEBUG - [get_partition_metadata:472] - Added partition: production-2, Leader=1002, Replicas=[1002, 1001, 1004], ISR=[1002, 1001, 1004]
2025-10-26 01:47:21,473 - KafkaLeaderDemotion - DEBUG - [get_partition_metadata:472] - Added partition: production-3, Leader=1003, Replicas=[1003, 1004, 1002], ISR=[1002, 1004, 1003]
2025-10-26 01:47:21,473 - KafkaLeaderDemotion - DEBUG - [get_partition_metadata:472] - Added partition: production-4, Leader=1003, Replicas=[1003, 1001, 1004], ISR=[1001, 1004, 1003]
2025-10-26 01:47:21,474 - KafkaLeaderDemotion - DEBUG - [get_partition_metadata:472] - Added partition: production-5, Leader=1003, Replicas=[1003, 1002, 1001], ISR=[1002, 1001, 1003]
2025-10-26 01:47:21,474 - KafkaLeaderDemotion - DEBUG - [get_partition_metadata:472] - Added partition: production-6, Leader=1003, Replicas=[1003, 1004, 1002], ISR=[1002, 1004, 1003]
2025-10-26 01:47:21,474 - KafkaLeaderDemotion - INFO - [get_partition_metadata:483] - Retrieved metadata for 6 topics
2025-10-26 01:47:21,474 - KafkaLeaderDemotion - INFO - [get_partition_metadata:487] - Total partitions: 59
2025-10-26 01:47:21,474 - KafkaLeaderDemotion - INFO - [find_partitions_to_demote:863] - Found 0 partitions where broker 1001 is leader
2025-10-26 01:47:21,474 - KafkaLeaderDemotion - WARNING - [demote_broker:1340] - No partitions found where broker 1001 is leader
2025-10-26 01:47:21,474 - KafkaLeaderDemotion - INFO - [main:1749] - ✓ Leader demotion completed successfully
2025-10-26 01:47:21,474 - KafkaLeaderDemotion - INFO - [main:1750] - To rollback: python kafka_leader_demotion.py --config leader-demoter-input.yaml --broker-id 1001 --rollback
