2025-10-27 15:05:57,817 - KafkaLeaderDemotion - INFO - [setup_logging:77] - Logging initialized. Log file: ./logs/kafka_leader_demotion_20251027_150557.log
2025-10-27 15:05:57,817 - KafkaLeaderDemotion - INFO - [main:1806] - Loading configuration from leader-demoter-input.yaml
2025-10-27 15:05:57,821 - KafkaLeaderDemotion - INFO - [_load_config:106] - Configuration loaded from leader-demoter-input.yaml
2025-10-27 15:05:57,821 - KafkaLeaderDemotion - INFO - [_validate_config:132] - Configuration validation passed
2025-10-27 15:05:57,821 - KafkaLeaderDemotion - INFO - [main:1810] - Initializing Kafka cluster manager
2025-10-27 15:05:57,821 - KafkaLeaderDemotion - INFO - [main:1835] - Operating in DEMOTION mode for broker 1001
2025-10-27 15:05:57,821 - KafkaLeaderDemotion - INFO - [run_all_checks:733] - ======================================================================
2025-10-27 15:05:57,821 - KafkaLeaderDemotion - INFO - [run_all_checks:734] - STARTING PRE-CHECK VALIDATION
2025-10-27 15:05:57,822 - KafkaLeaderDemotion - INFO - [run_all_checks:735] - ======================================================================
2025-10-27 15:05:57,822 - KafkaLeaderDemotion - INFO - [run_all_checks:748] - 
──────────────────────────────────────────────────────────────────────
2025-10-27 15:05:57,822 - KafkaLeaderDemotion - INFO - [run_all_checks:749] - CHECK: Controller Health
2025-10-27 15:05:57,822 - KafkaLeaderDemotion - INFO - [run_all_checks:750] - ──────────────────────────────────────────────────────────────────────
2025-10-27 15:05:57,822 - KafkaLeaderDemotion - INFO - [check_controller_health:595] - Checking controller health
2025-10-27 15:05:59,773 - KafkaLeaderDemotion - INFO - [check_controller_health:613] - Controller is broker 1003
2025-10-27 15:05:59,774 - KafkaLeaderDemotion - INFO - [run_all_checks:754] - ✓ Controller Health: PASSED
2025-10-27 15:05:59,774 - KafkaLeaderDemotion - INFO - [run_all_checks:748] - 
──────────────────────────────────────────────────────────────────────
2025-10-27 15:05:59,774 - KafkaLeaderDemotion - INFO - [run_all_checks:749] - CHECK: Broker Existence
2025-10-27 15:05:59,774 - KafkaLeaderDemotion - INFO - [run_all_checks:750] - ──────────────────────────────────────────────────────────────────────
2025-10-27 15:05:59,774 - KafkaLeaderDemotion - INFO - [get_all_brokers:355] - Fetching all broker IDs
2025-10-27 15:06:01,771 - KafkaLeaderDemotion - DEBUG - [get_broker_hostname:307] - Fetching hostname for broker 1001
2025-10-27 15:06:03,760 - KafkaLeaderDemotion - INFO - [get_broker_hostname:325] - Broker 1001 hostname: stg-hdpashique103.phonepe.nb6
2025-10-27 15:06:03,760 - KafkaLeaderDemotion - DEBUG - [get_broker_hostname:307] - Fetching hostname for broker 1002
2025-10-27 15:06:05,794 - KafkaLeaderDemotion - INFO - [get_broker_hostname:325] - Broker 1002 hostname: stg-hdpashique102.phonepe.nb6
2025-10-27 15:06:05,794 - KafkaLeaderDemotion - DEBUG - [get_broker_hostname:307] - Fetching hostname for broker 1003
2025-10-27 15:06:07,834 - KafkaLeaderDemotion - INFO - [get_broker_hostname:325] - Broker 1003 hostname: stg-hdpashique101.phonepe.nb6
2025-10-27 15:06:07,834 - KafkaLeaderDemotion - DEBUG - [get_broker_hostname:307] - Fetching hostname for broker 1004
2025-10-27 15:06:09,880 - KafkaLeaderDemotion - INFO - [get_broker_hostname:325] - Broker 1004 hostname: stg-hdpashique104.phonepe.nb6
2025-10-27 15:06:09,880 - KafkaLeaderDemotion - INFO - [get_all_brokers:383] - Found 4 brokers in cluster
2025-10-27 15:06:09,881 - KafkaLeaderDemotion - INFO - [_check_broker_exists:780] - Broker 1001 found: stg-hdpashique103.phonepe.nb6
2025-10-27 15:06:09,881 - KafkaLeaderDemotion - INFO - [run_all_checks:754] - ✓ Broker Existence: PASSED
2025-10-27 15:06:09,881 - KafkaLeaderDemotion - INFO - [run_all_checks:748] - 
──────────────────────────────────────────────────────────────────────
2025-10-27 15:06:09,881 - KafkaLeaderDemotion - INFO - [run_all_checks:749] - CHECK: Under-Replicated Partitions
2025-10-27 15:06:09,881 - KafkaLeaderDemotion - INFO - [run_all_checks:750] - ──────────────────────────────────────────────────────────────────────
2025-10-27 15:06:09,881 - KafkaLeaderDemotion - INFO - [get_partition_metadata:404] - Fetching partition metadata
2025-10-27 15:06:12,745 - KafkaLeaderDemotion - DEBUG - [get_partition_metadata:433] - Found topic: secound
2025-10-27 15:06:12,746 - KafkaLeaderDemotion - DEBUG - [get_partition_metadata:472] - Added partition: secound-0, Leader=1001, Replicas=[1004, 1001, 1002], ISR=[1002, 1001, 1004]
2025-10-27 15:06:12,746 - KafkaLeaderDemotion - DEBUG - [get_partition_metadata:472] - Added partition: secound-1, Leader=1001, Replicas=[1004, 1001, 1002], ISR=[1002, 1004, 1001]
2025-10-27 15:06:12,746 - KafkaLeaderDemotion - DEBUG - [get_partition_metadata:472] - Added partition: secound-2, Leader=1001, Replicas=[1004, 1001, 1002], ISR=[1001, 1004, 1002]
2025-10-27 15:06:12,746 - KafkaLeaderDemotion - DEBUG - [get_partition_metadata:433] - Found topic: user-events
2025-10-27 15:06:12,746 - KafkaLeaderDemotion - DEBUG - [get_partition_metadata:472] - Added partition: user-events-0, Leader=1002, Replicas=[1002, 1004, 1001], ISR=[1002, 1001, 1004]
2025-10-27 15:06:12,746 - KafkaLeaderDemotion - DEBUG - [get_partition_metadata:472] - Added partition: user-events-1, Leader=1002, Replicas=[1002, 1004, 1001], ISR=[1002, 1004, 1001]
2025-10-27 15:06:12,747 - KafkaLeaderDemotion - DEBUG - [get_partition_metadata:472] - Added partition: user-events-2, Leader=1002, Replicas=[1002, 1004, 1003], ISR=[1004, 1002, 1003]
2025-10-27 15:06:12,747 - KafkaLeaderDemotion - DEBUG - [get_partition_metadata:472] - Added partition: user-events-3, Leader=1001, Replicas=[1004, 1001, 1003], ISR=[1001, 1004, 1003]
2025-10-27 15:06:12,747 - KafkaLeaderDemotion - DEBUG - [get_partition_metadata:472] - Added partition: user-events-4, Leader=1001, Replicas=[1004, 1001, 1003], ISR=[1004, 1001, 1003]
2025-10-27 15:06:12,747 - KafkaLeaderDemotion - DEBUG - [get_partition_metadata:472] - Added partition: user-events-5, Leader=1002, Replicas=[1002, 1004, 1003], ISR=[1004, 1002, 1003]
2025-10-27 15:06:12,747 - KafkaLeaderDemotion - DEBUG - [get_partition_metadata:472] - Added partition: user-events-6, Leader=1001, Replicas=[1004, 1001, 1003], ISR=[1001, 1004, 1003]
2025-10-27 15:06:12,747 - KafkaLeaderDemotion - DEBUG - [get_partition_metadata:472] - Added partition: user-events-7, Leader=1002, Replicas=[1002, 1004, 1001], ISR=[1002, 1004, 1001]
2025-10-27 15:06:12,747 - KafkaLeaderDemotion - DEBUG - [get_partition_metadata:472] - Added partition: user-events-8, Leader=1002, Replicas=[1002, 1004, 1003], ISR=[1004, 1002, 1003]
2025-10-27 15:06:12,747 - KafkaLeaderDemotion - DEBUG - [get_partition_metadata:472] - Added partition: user-events-9, Leader=1001, Replicas=[1004, 1001, 1003], ISR=[1001, 1004, 1003]
2025-10-27 15:06:12,747 - KafkaLeaderDemotion - DEBUG - [get_partition_metadata:472] - Added partition: user-events-10, Leader=1002, Replicas=[1002, 1004, 1003], ISR=[1002, 1004, 1003]
2025-10-27 15:06:12,747 - KafkaLeaderDemotion - DEBUG - [get_partition_metadata:472] - Added partition: user-events-11, Leader=1001, Replicas=[1004, 1001, 1003], ISR=[1001, 1004, 1003]
2025-10-27 15:06:12,747 - KafkaLeaderDemotion - DEBUG - [get_partition_metadata:472] - Added partition: user-events-12, Leader=1002, Replicas=[1002, 1004, 1003], ISR=[1002, 1004, 1003]
2025-10-27 15:06:12,748 - KafkaLeaderDemotion - DEBUG - [get_partition_metadata:472] - Added partition: user-events-13, Leader=1001, Replicas=[1004, 1001, 1003], ISR=[1004, 1001, 1003]
2025-10-27 15:06:12,748 - KafkaLeaderDemotion - DEBUG - [get_partition_metadata:472] - Added partition: user-events-14, Leader=1001, Replicas=[1004, 1001, 1002], ISR=[1001, 1004, 1002]
2025-10-27 15:06:12,748 - KafkaLeaderDemotion - DEBUG - [get_partition_metadata:472] - Added partition: user-events-15, Leader=1001, Replicas=[1004, 1001, 1003], ISR=[1001, 1004, 1003]
2025-10-27 15:06:12,748 - KafkaLeaderDemotion - DEBUG - [get_partition_metadata:472] - Added partition: user-events-16, Leader=1003, Replicas=[1003, 1004, 1001], ISR=[1004, 1001, 1003]
2025-10-27 15:06:12,748 - KafkaLeaderDemotion - DEBUG - [get_partition_metadata:472] - Added partition: user-events-17, Leader=1002, Replicas=[1002, 1004, 1001], ISR=[1001, 1002, 1004]
2025-10-27 15:06:12,748 - KafkaLeaderDemotion - DEBUG - [get_partition_metadata:472] - Added partition: user-events-18, Leader=1001, Replicas=[1004, 1001, 1003], ISR=[1001, 1004, 1003]
2025-10-27 15:06:12,748 - KafkaLeaderDemotion - DEBUG - [get_partition_metadata:472] - Added partition: user-events-19, Leader=1002, Replicas=[1002, 1004, 1003], ISR=[1002, 1004, 1003]
2025-10-27 15:06:12,748 - KafkaLeaderDemotion - DEBUG - [get_partition_metadata:472] - Added partition: user-events-20, Leader=1004, Replicas=[1004, 1001, 1002], ISR=[1001, 1004, 1002]
2025-10-27 15:06:12,748 - KafkaLeaderDemotion - DEBUG - [get_partition_metadata:472] - Added partition: user-events-21, Leader=1004, Replicas=[1004, 1002, 1003], ISR=[1002, 1003, 1004]
2025-10-27 15:06:12,748 - KafkaLeaderDemotion - DEBUG - [get_partition_metadata:472] - Added partition: user-events-22, Leader=1004, Replicas=[1004, 1003, 1001], ISR=[1004, 1003, 1001]
2025-10-27 15:06:12,748 - KafkaLeaderDemotion - DEBUG - [get_partition_metadata:472] - Added partition: user-events-23, Leader=1004, Replicas=[1004, 1002, 1001], ISR=[1001, 1002, 1004]
2025-10-27 15:06:12,748 - KafkaLeaderDemotion - DEBUG - [get_partition_metadata:472] - Added partition: user-events-24, Leader=1004, Replicas=[1004, 1003, 1002], ISR=[1002, 1004, 1003]
2025-10-27 15:06:12,749 - KafkaLeaderDemotion - DEBUG - [get_partition_metadata:472] - Added partition: user-events-25, Leader=1004, Replicas=[1004, 1001, 1003], ISR=[1004, 1003, 1001]
2025-10-27 15:06:12,749 - KafkaLeaderDemotion - DEBUG - [get_partition_metadata:472] - Added partition: user-events-26, Leader=1004, Replicas=[1004, 1002, 1003], ISR=[1004, 1003, 1002]
2025-10-27 15:06:12,749 - KafkaLeaderDemotion - DEBUG - [get_partition_metadata:472] - Added partition: user-events-27, Leader=1004, Replicas=[1004, 1001, 1002], ISR=[1002, 1001, 1004]
2025-10-27 15:06:12,749 - KafkaLeaderDemotion - DEBUG - [get_partition_metadata:472] - Added partition: user-events-28, Leader=1004, Replicas=[1004, 1002, 1003], ISR=[1002, 1004, 1003]
2025-10-27 15:06:12,749 - KafkaLeaderDemotion - DEBUG - [get_partition_metadata:472] - Added partition: user-events-29, Leader=1004, Replicas=[1004, 1003, 1001], ISR=[1004, 1003, 1001]
2025-10-27 15:06:12,749 - KafkaLeaderDemotion - DEBUG - [get_partition_metadata:433] - Found topic: production
2025-10-27 15:06:12,749 - KafkaLeaderDemotion - DEBUG - [get_partition_metadata:472] - Added partition: production-0, Leader=1004, Replicas=[1004, 1003, 1001], ISR=[1004, 1003, 1001]
2025-10-27 15:06:12,749 - KafkaLeaderDemotion - DEBUG - [get_partition_metadata:472] - Added partition: production-1, Leader=1002, Replicas=[1002, 1003, 1001], ISR=[1001, 1003, 1002]
2025-10-27 15:06:12,750 - KafkaLeaderDemotion - DEBUG - [get_partition_metadata:472] - Added partition: production-2, Leader=1004, Replicas=[1004, 1002, 1001], ISR=[1002, 1001, 1004]
2025-10-27 15:06:12,750 - KafkaLeaderDemotion - DEBUG - [get_partition_metadata:472] - Added partition: production-3, Leader=1003, Replicas=[1003, 1004, 1002], ISR=[1002, 1004, 1003]
2025-10-27 15:06:12,750 - KafkaLeaderDemotion - DEBUG - [get_partition_metadata:472] - Added partition: production-4, Leader=1003, Replicas=[1003, 1001, 1004], ISR=[1001, 1004, 1003]
2025-10-27 15:06:12,750 - KafkaLeaderDemotion - DEBUG - [get_partition_metadata:472] - Added partition: production-5, Leader=1003, Replicas=[1003, 1002, 1001], ISR=[1002, 1001, 1003]
2025-10-27 15:06:12,750 - KafkaLeaderDemotion - DEBUG - [get_partition_metadata:472] - Added partition: production-6, Leader=1003, Replicas=[1003, 1004, 1002], ISR=[1002, 1004, 1003]
2025-10-27 15:06:12,750 - KafkaLeaderDemotion - DEBUG - [get_partition_metadata:433] - Found topic: secound10
2025-10-27 15:06:12,750 - KafkaLeaderDemotion - DEBUG - [get_partition_metadata:472] - Added partition: secound10-0, Leader=1003, Replicas=[1003, 1002, 1001], ISR=[1002, 1001, 1003]
2025-10-27 15:06:12,750 - KafkaLeaderDemotion - DEBUG - [get_partition_metadata:472] - Added partition: secound10-1, Leader=1003, Replicas=[1003, 1001, 1004], ISR=[1001, 1003, 1004]
2025-10-27 15:06:12,750 - KafkaLeaderDemotion - DEBUG - [get_partition_metadata:472] - Added partition: secound10-2, Leader=1002, Replicas=[1002, 1003, 1004], ISR=[1003, 1004, 1002]
2025-10-27 15:06:12,750 - KafkaLeaderDemotion - DEBUG - [get_partition_metadata:433] - Found topic: production2
2025-10-27 15:06:12,750 - KafkaLeaderDemotion - DEBUG - [get_partition_metadata:472] - Added partition: production2-0, Leader=1002, Replicas=[1002, 1003, 1004], ISR=[1004, 1003, 1002]
2025-10-27 15:06:12,750 - KafkaLeaderDemotion - DEBUG - [get_partition_metadata:472] - Added partition: production2-1, Leader=1003, Replicas=[1003, 1001, 1004], ISR=[1004, 1003, 1001]
2025-10-27 15:06:12,751 - KafkaLeaderDemotion - DEBUG - [get_partition_metadata:472] - Added partition: production2-2, Leader=1003, Replicas=[1003, 1002, 1001], ISR=[1001, 1003, 1002]
2025-10-27 15:06:12,751 - KafkaLeaderDemotion - DEBUG - [get_partition_metadata:472] - Added partition: production2-3, Leader=1001, Replicas=[1004, 1001, 1002], ISR=[1001, 1002, 1004]
2025-10-27 15:06:12,751 - KafkaLeaderDemotion - DEBUG - [get_partition_metadata:472] - Added partition: production2-4, Leader=1003, Replicas=[1003, 1004, 1002], ISR=[1004, 1002, 1003]
2025-10-27 15:06:12,751 - KafkaLeaderDemotion - DEBUG - [get_partition_metadata:472] - Added partition: production2-5, Leader=1003, Replicas=[1003, 1001, 1004], ISR=[1004, 1001, 1003]
2025-10-27 15:06:12,751 - KafkaLeaderDemotion - DEBUG - [get_partition_metadata:472] - Added partition: production2-6, Leader=1003, Replicas=[1003, 1002, 1001], ISR=[1001, 1002, 1003]
2025-10-27 15:06:12,751 - KafkaLeaderDemotion - DEBUG - [get_partition_metadata:472] - Added partition: production2-7, Leader=1003, Replicas=[1003, 1002, 1004], ISR=[1002, 1004, 1003]
2025-10-27 15:06:12,751 - KafkaLeaderDemotion - DEBUG - [get_partition_metadata:472] - Added partition: production2-8, Leader=1003, Replicas=[1003, 1004, 1001], ISR=[1001, 1004, 1003]
2025-10-27 15:06:12,751 - KafkaLeaderDemotion - DEBUG - [get_partition_metadata:472] - Added partition: production2-9, Leader=1003, Replicas=[1003, 1002, 1001], ISR=[1002, 1001, 1003]
2025-10-27 15:06:12,751 - KafkaLeaderDemotion - DEBUG - [get_partition_metadata:433] - Found topic: test.event
2025-10-27 15:06:12,751 - KafkaLeaderDemotion - DEBUG - [get_partition_metadata:472] - Added partition: test.event-0, Leader=1001, Replicas=[1004, 1001, 1002], ISR=[1002, 1004, 1001]
2025-10-27 15:06:12,751 - KafkaLeaderDemotion - DEBUG - [get_partition_metadata:472] - Added partition: test.event-1, Leader=1004, Replicas=[1004, 1002, 1003], ISR=[1004, 1003, 1002]
2025-10-27 15:06:12,751 - KafkaLeaderDemotion - DEBUG - [get_partition_metadata:472] - Added partition: test.event-2, Leader=1003, Replicas=[1003, 1004, 1001], ISR=[1001, 1003, 1004]
2025-10-27 15:06:12,751 - KafkaLeaderDemotion - DEBUG - [get_partition_metadata:472] - Added partition: test.event-3, Leader=1002, Replicas=[1002, 1001, 1003], ISR=[1002, 1003, 1001]
2025-10-27 15:06:12,752 - KafkaLeaderDemotion - DEBUG - [get_partition_metadata:472] - Added partition: test.event-4, Leader=1004, Replicas=[1004, 1002, 1001], ISR=[1001, 1004, 1002]
2025-10-27 15:06:12,752 - KafkaLeaderDemotion - DEBUG - [get_partition_metadata:472] - Added partition: test.event-5, Leader=1002, Replicas=[1002, 1004, 1003], ISR=[1002, 1003, 1004]
2025-10-27 15:06:12,752 - KafkaLeaderDemotion - DEBUG - [get_partition_metadata:433] - Found topic: secound3
2025-10-27 15:06:12,752 - KafkaLeaderDemotion - DEBUG - [get_partition_metadata:472] - Added partition: secound3-0, Leader=1004, Replicas=[1004, 1001, 1003], ISR=[1001, 1003, 1004]
2025-10-27 15:06:12,752 - KafkaLeaderDemotion - DEBUG - [get_partition_metadata:472] - Added partition: secound3-1, Leader=1004, Replicas=[1004, 1002, 1003], ISR=[1003, 1004, 1002]
2025-10-27 15:06:12,752 - KafkaLeaderDemotion - DEBUG - [get_partition_metadata:472] - Added partition: secound3-2, Leader=1002, Replicas=[1002, 1001, 1004], ISR=[1004, 1002, 1001]
2025-10-27 15:06:12,752 - KafkaLeaderDemotion - DEBUG - [get_partition_metadata:433] - Found topic: example.events.prod
2025-10-27 15:06:12,752 - KafkaLeaderDemotion - DEBUG - [get_partition_metadata:472] - Added partition: example.events.prod-0, Leader=1001, Replicas=[1004, 1001, 1003], ISR=[1001, 1003, 1004]
2025-10-27 15:06:12,752 - KafkaLeaderDemotion - DEBUG - [get_partition_metadata:472] - Added partition: example.events.prod-1, Leader=1004, Replicas=[1004, 1003, 1002], ISR=[1003, 1004, 1002]
2025-10-27 15:06:12,752 - KafkaLeaderDemotion - DEBUG - [get_partition_metadata:472] - Added partition: example.events.prod-2, Leader=1001, Replicas=[1004, 1001, 1002], ISR=[1004, 1002, 1001]
2025-10-27 15:06:12,752 - KafkaLeaderDemotion - DEBUG - [get_partition_metadata:472] - Added partition: example.events.prod-3, Leader=1001, Replicas=[1002, 1001, 1003], ISR=[1002, 1001, 1003]
2025-10-27 15:06:12,752 - KafkaLeaderDemotion - DEBUG - [get_partition_metadata:472] - Added partition: example.events.prod-4, Leader=1001, Replicas=[1004, 1001, 1002], ISR=[1001, 1004, 1002]
2025-10-27 15:06:12,753 - KafkaLeaderDemotion - DEBUG - [get_partition_metadata:472] - Added partition: example.events.prod-5, Leader=1002, Replicas=[1002, 1001, 1003], ISR=[1003, 1002, 1001]
2025-10-27 15:06:12,753 - KafkaLeaderDemotion - DEBUG - [get_partition_metadata:472] - Added partition: example.events.prod-6, Leader=1004, Replicas=[1004, 1003, 1001], ISR=[1004, 1001, 1003]
2025-10-27 15:06:12,753 - KafkaLeaderDemotion - DEBUG - [get_partition_metadata:472] - Added partition: example.events.prod-7, Leader=1003, Replicas=[1003, 1004, 1002], ISR=[1002, 1003, 1004]
2025-10-27 15:06:12,753 - KafkaLeaderDemotion - DEBUG - [get_partition_metadata:472] - Added partition: example.events.prod-8, Leader=1001, Replicas=[1002, 1001, 1003], ISR=[1001, 1002, 1003]
2025-10-27 15:06:12,753 - KafkaLeaderDemotion - DEBUG - [get_partition_metadata:472] - Added partition: example.events.prod-9, Leader=1004, Replicas=[1004, 1001, 1003], ISR=[1003, 1001, 1004]
2025-10-27 15:06:12,753 - KafkaLeaderDemotion - DEBUG - [get_partition_metadata:472] - Added partition: example.events.prod-10, Leader=1002, Replicas=[1002, 1003, 1004], ISR=[1004, 1003, 1002]
2025-10-27 15:06:12,753 - KafkaLeaderDemotion - DEBUG - [get_partition_metadata:472] - Added partition: example.events.prod-11, Leader=1001, Replicas=[1004, 1001, 1002], ISR=[1002, 1004, 1001]
2025-10-27 15:06:12,753 - KafkaLeaderDemotion - DEBUG - [get_partition_metadata:433] - Found topic: secound1
2025-10-27 15:06:12,753 - KafkaLeaderDemotion - DEBUG - [get_partition_metadata:472] - Added partition: secound1-0, Leader=1003, Replicas=[1003, 1001, 1004], ISR=[1004, 1003, 1001]
2025-10-27 15:06:12,753 - KafkaLeaderDemotion - DEBUG - [get_partition_metadata:472] - Added partition: secound1-1, Leader=1003, Replicas=[1003, 1002, 1001], ISR=[1001, 1003, 1002]
2025-10-27 15:06:12,753 - KafkaLeaderDemotion - DEBUG - [get_partition_metadata:472] - Added partition: secound1-2, Leader=1004, Replicas=[1004, 1002, 1001], ISR=[1001, 1002, 1004]
2025-10-27 15:06:12,753 - KafkaLeaderDemotion - INFO - [get_partition_metadata:483] - Retrieved metadata for 9 topics
2025-10-27 15:06:12,754 - KafkaLeaderDemotion - INFO - [get_partition_metadata:487] - Total partitions: 77
2025-10-27 15:06:12,754 - KafkaLeaderDemotion - INFO - [get_under_replicated_partitions:516] - Total under-replicated partitions: 0
2025-10-27 15:06:12,754 - KafkaLeaderDemotion - INFO - [_check_urp:794] - No under-replicated partitions found
2025-10-27 15:06:12,754 - KafkaLeaderDemotion - INFO - [run_all_checks:754] - ✓ Under-Replicated Partitions: PASSED
2025-10-27 15:06:12,754 - KafkaLeaderDemotion - INFO - [run_all_checks:748] - 
──────────────────────────────────────────────────────────────────────
2025-10-27 15:06:12,754 - KafkaLeaderDemotion - INFO - [run_all_checks:749] - CHECK: Topic Min ISR Configuration
2025-10-27 15:06:12,754 - KafkaLeaderDemotion - INFO - [run_all_checks:750] - ──────────────────────────────────────────────────────────────────────
2025-10-27 15:06:12,754 - KafkaLeaderDemotion - INFO - [get_partition_metadata:404] - Fetching partition metadata
2025-10-27 15:06:15,713 - KafkaLeaderDemotion - DEBUG - [get_partition_metadata:433] - Found topic: secound
2025-10-27 15:06:15,713 - KafkaLeaderDemotion - DEBUG - [get_partition_metadata:472] - Added partition: secound-0, Leader=1001, Replicas=[1004, 1001, 1002], ISR=[1002, 1001, 1004]
2025-10-27 15:06:15,714 - KafkaLeaderDemotion - DEBUG - [get_partition_metadata:472] - Added partition: secound-1, Leader=1001, Replicas=[1004, 1001, 1002], ISR=[1002, 1004, 1001]
2025-10-27 15:06:15,714 - KafkaLeaderDemotion - DEBUG - [get_partition_metadata:472] - Added partition: secound-2, Leader=1001, Replicas=[1004, 1001, 1002], ISR=[1001, 1004, 1002]
2025-10-27 15:06:15,714 - KafkaLeaderDemotion - DEBUG - [get_partition_metadata:433] - Found topic: user-events
2025-10-27 15:06:15,714 - KafkaLeaderDemotion - DEBUG - [get_partition_metadata:472] - Added partition: user-events-0, Leader=1002, Replicas=[1002, 1004, 1001], ISR=[1002, 1001, 1004]
2025-10-27 15:06:15,714 - KafkaLeaderDemotion - DEBUG - [get_partition_metadata:472] - Added partition: user-events-1, Leader=1002, Replicas=[1002, 1004, 1001], ISR=[1002, 1004, 1001]
2025-10-27 15:06:15,714 - KafkaLeaderDemotion - DEBUG - [get_partition_metadata:472] - Added partition: user-events-2, Leader=1002, Replicas=[1002, 1004, 1003], ISR=[1004, 1002, 1003]
2025-10-27 15:06:15,714 - KafkaLeaderDemotion - DEBUG - [get_partition_metadata:472] - Added partition: user-events-3, Leader=1001, Replicas=[1004, 1001, 1003], ISR=[1001, 1004, 1003]
2025-10-27 15:06:15,714 - KafkaLeaderDemotion - DEBUG - [get_partition_metadata:472] - Added partition: user-events-4, Leader=1001, Replicas=[1004, 1001, 1003], ISR=[1004, 1001, 1003]
2025-10-27 15:06:15,714 - KafkaLeaderDemotion - DEBUG - [get_partition_metadata:472] - Added partition: user-events-5, Leader=1002, Replicas=[1002, 1004, 1003], ISR=[1004, 1002, 1003]
2025-10-27 15:06:15,714 - KafkaLeaderDemotion - DEBUG - [get_partition_metadata:472] - Added partition: user-events-6, Leader=1001, Replicas=[1004, 1001, 1003], ISR=[1001, 1004, 1003]
2025-10-27 15:06:15,714 - KafkaLeaderDemotion - DEBUG - [get_partition_metadata:472] - Added partition: user-events-7, Leader=1002, Replicas=[1002, 1004, 1001], ISR=[1002, 1004, 1001]
2025-10-27 15:06:15,714 - KafkaLeaderDemotion - DEBUG - [get_partition_metadata:472] - Added partition: user-events-8, Leader=1002, Replicas=[1002, 1004, 1003], ISR=[1004, 1002, 1003]
2025-10-27 15:06:15,714 - KafkaLeaderDemotion - DEBUG - [get_partition_metadata:472] - Added partition: user-events-9, Leader=1001, Replicas=[1004, 1001, 1003], ISR=[1001, 1004, 1003]
2025-10-27 15:06:15,715 - KafkaLeaderDemotion - DEBUG - [get_partition_metadata:472] - Added partition: user-events-10, Leader=1002, Replicas=[1002, 1004, 1003], ISR=[1002, 1004, 1003]
2025-10-27 15:06:15,715 - KafkaLeaderDemotion - DEBUG - [get_partition_metadata:472] - Added partition: user-events-11, Leader=1001, Replicas=[1004, 1001, 1003], ISR=[1001, 1004, 1003]
2025-10-27 15:06:15,715 - KafkaLeaderDemotion - DEBUG - [get_partition_metadata:472] - Added partition: user-events-12, Leader=1002, Replicas=[1002, 1004, 1003], ISR=[1002, 1004, 1003]
2025-10-27 15:06:15,715 - KafkaLeaderDemotion - DEBUG - [get_partition_metadata:472] - Added partition: user-events-13, Leader=1001, Replicas=[1004, 1001, 1003], ISR=[1004, 1001, 1003]
2025-10-27 15:06:15,715 - KafkaLeaderDemotion - DEBUG - [get_partition_metadata:472] - Added partition: user-events-14, Leader=1001, Replicas=[1004, 1001, 1002], ISR=[1001, 1004, 1002]
2025-10-27 15:06:15,715 - KafkaLeaderDemotion - DEBUG - [get_partition_metadata:472] - Added partition: user-events-15, Leader=1001, Replicas=[1004, 1001, 1003], ISR=[1001, 1004, 1003]
2025-10-27 15:06:15,715 - KafkaLeaderDemotion - DEBUG - [get_partition_metadata:472] - Added partition: user-events-16, Leader=1003, Replicas=[1003, 1004, 1001], ISR=[1004, 1001, 1003]
2025-10-27 15:06:15,715 - KafkaLeaderDemotion - DEBUG - [get_partition_metadata:472] - Added partition: user-events-17, Leader=1002, Replicas=[1002, 1004, 1001], ISR=[1001, 1002, 1004]
2025-10-27 15:06:15,715 - KafkaLeaderDemotion - DEBUG - [get_partition_metadata:472] - Added partition: user-events-18, Leader=1001, Replicas=[1004, 1001, 1003], ISR=[1001, 1004, 1003]
2025-10-27 15:06:15,715 - KafkaLeaderDemotion - DEBUG - [get_partition_metadata:472] - Added partition: user-events-19, Leader=1002, Replicas=[1002, 1004, 1003], ISR=[1002, 1004, 1003]
2025-10-27 15:06:15,715 - KafkaLeaderDemotion - DEBUG - [get_partition_metadata:472] - Added partition: user-events-20, Leader=1004, Replicas=[1004, 1001, 1002], ISR=[1001, 1004, 1002]
2025-10-27 15:06:15,715 - KafkaLeaderDemotion - DEBUG - [get_partition_metadata:472] - Added partition: user-events-21, Leader=1004, Replicas=[1004, 1002, 1003], ISR=[1002, 1003, 1004]
2025-10-27 15:06:15,716 - KafkaLeaderDemotion - DEBUG - [get_partition_metadata:472] - Added partition: user-events-22, Leader=1004, Replicas=[1004, 1003, 1001], ISR=[1004, 1003, 1001]
2025-10-27 15:06:15,716 - KafkaLeaderDemotion - DEBUG - [get_partition_metadata:472] - Added partition: user-events-23, Leader=1004, Replicas=[1004, 1002, 1001], ISR=[1001, 1002, 1004]
2025-10-27 15:06:15,716 - KafkaLeaderDemotion - DEBUG - [get_partition_metadata:472] - Added partition: user-events-24, Leader=1004, Replicas=[1004, 1003, 1002], ISR=[1002, 1004, 1003]
2025-10-27 15:06:15,716 - KafkaLeaderDemotion - DEBUG - [get_partition_metadata:472] - Added partition: user-events-25, Leader=1004, Replicas=[1004, 1001, 1003], ISR=[1004, 1003, 1001]
2025-10-27 15:06:15,716 - KafkaLeaderDemotion - DEBUG - [get_partition_metadata:472] - Added partition: user-events-26, Leader=1004, Replicas=[1004, 1002, 1003], ISR=[1004, 1003, 1002]
2025-10-27 15:06:15,716 - KafkaLeaderDemotion - DEBUG - [get_partition_metadata:472] - Added partition: user-events-27, Leader=1004, Replicas=[1004, 1001, 1002], ISR=[1002, 1001, 1004]
2025-10-27 15:06:15,716 - KafkaLeaderDemotion - DEBUG - [get_partition_metadata:472] - Added partition: user-events-28, Leader=1004, Replicas=[1004, 1002, 1003], ISR=[1002, 1004, 1003]
2025-10-27 15:06:15,716 - KafkaLeaderDemotion - DEBUG - [get_partition_metadata:472] - Added partition: user-events-29, Leader=1004, Replicas=[1004, 1003, 1001], ISR=[1004, 1003, 1001]
2025-10-27 15:06:15,716 - KafkaLeaderDemotion - DEBUG - [get_partition_metadata:433] - Found topic: production
2025-10-27 15:06:15,716 - KafkaLeaderDemotion - DEBUG - [get_partition_metadata:472] - Added partition: production-0, Leader=1004, Replicas=[1004, 1003, 1001], ISR=[1004, 1003, 1001]
2025-10-27 15:06:15,716 - KafkaLeaderDemotion - DEBUG - [get_partition_metadata:472] - Added partition: production-1, Leader=1002, Replicas=[1002, 1003, 1001], ISR=[1001, 1003, 1002]
2025-10-27 15:06:15,716 - KafkaLeaderDemotion - DEBUG - [get_partition_metadata:472] - Added partition: production-2, Leader=1004, Replicas=[1004, 1002, 1001], ISR=[1002, 1001, 1004]
2025-10-27 15:06:15,717 - KafkaLeaderDemotion - DEBUG - [get_partition_metadata:472] - Added partition: production-3, Leader=1003, Replicas=[1003, 1004, 1002], ISR=[1002, 1004, 1003]
2025-10-27 15:06:15,717 - KafkaLeaderDemotion - DEBUG - [get_partition_metadata:472] - Added partition: production-4, Leader=1003, Replicas=[1003, 1001, 1004], ISR=[1001, 1004, 1003]
2025-10-27 15:06:15,717 - KafkaLeaderDemotion - DEBUG - [get_partition_metadata:472] - Added partition: production-5, Leader=1003, Replicas=[1003, 1002, 1001], ISR=[1002, 1001, 1003]
2025-10-27 15:06:15,717 - KafkaLeaderDemotion - DEBUG - [get_partition_metadata:472] - Added partition: production-6, Leader=1003, Replicas=[1003, 1004, 1002], ISR=[1002, 1004, 1003]
2025-10-27 15:06:15,717 - KafkaLeaderDemotion - DEBUG - [get_partition_metadata:433] - Found topic: secound10
2025-10-27 15:06:15,717 - KafkaLeaderDemotion - DEBUG - [get_partition_metadata:472] - Added partition: secound10-0, Leader=1003, Replicas=[1003, 1002, 1001], ISR=[1002, 1001, 1003]
2025-10-27 15:06:15,717 - KafkaLeaderDemotion - DEBUG - [get_partition_metadata:472] - Added partition: secound10-1, Leader=1003, Replicas=[1003, 1001, 1004], ISR=[1001, 1003, 1004]
2025-10-27 15:06:15,717 - KafkaLeaderDemotion - DEBUG - [get_partition_metadata:472] - Added partition: secound10-2, Leader=1002, Replicas=[1002, 1003, 1004], ISR=[1003, 1004, 1002]
2025-10-27 15:06:15,717 - KafkaLeaderDemotion - DEBUG - [get_partition_metadata:433] - Found topic: production2
2025-10-27 15:06:15,717 - KafkaLeaderDemotion - DEBUG - [get_partition_metadata:472] - Added partition: production2-0, Leader=1002, Replicas=[1002, 1003, 1004], ISR=[1004, 1003, 1002]
2025-10-27 15:06:15,717 - KafkaLeaderDemotion - DEBUG - [get_partition_metadata:472] - Added partition: production2-1, Leader=1003, Replicas=[1003, 1001, 1004], ISR=[1004, 1003, 1001]
2025-10-27 15:06:15,717 - KafkaLeaderDemotion - DEBUG - [get_partition_metadata:472] - Added partition: production2-2, Leader=1003, Replicas=[1003, 1002, 1001], ISR=[1001, 1003, 1002]
2025-10-27 15:06:15,717 - KafkaLeaderDemotion - DEBUG - [get_partition_metadata:472] - Added partition: production2-3, Leader=1001, Replicas=[1004, 1001, 1002], ISR=[1001, 1002, 1004]
2025-10-27 15:06:15,718 - KafkaLeaderDemotion - DEBUG - [get_partition_metadata:472] - Added partition: production2-4, Leader=1003, Replicas=[1003, 1004, 1002], ISR=[1004, 1002, 1003]
2025-10-27 15:06:15,718 - KafkaLeaderDemotion - DEBUG - [get_partition_metadata:472] - Added partition: production2-5, Leader=1003, Replicas=[1003, 1001, 1004], ISR=[1004, 1001, 1003]
2025-10-27 15:06:15,718 - KafkaLeaderDemotion - DEBUG - [get_partition_metadata:472] - Added partition: production2-6, Leader=1003, Replicas=[1003, 1002, 1001], ISR=[1001, 1002, 1003]
2025-10-27 15:06:15,718 - KafkaLeaderDemotion - DEBUG - [get_partition_metadata:472] - Added partition: production2-7, Leader=1003, Replicas=[1003, 1002, 1004], ISR=[1002, 1004, 1003]
2025-10-27 15:06:15,718 - KafkaLeaderDemotion - DEBUG - [get_partition_metadata:472] - Added partition: production2-8, Leader=1003, Replicas=[1003, 1004, 1001], ISR=[1001, 1004, 1003]
2025-10-27 15:06:15,718 - KafkaLeaderDemotion - DEBUG - [get_partition_metadata:472] - Added partition: production2-9, Leader=1003, Replicas=[1003, 1002, 1001], ISR=[1002, 1001, 1003]
2025-10-27 15:06:15,718 - KafkaLeaderDemotion - DEBUG - [get_partition_metadata:433] - Found topic: test.event
2025-10-27 15:06:15,718 - KafkaLeaderDemotion - DEBUG - [get_partition_metadata:472] - Added partition: test.event-0, Leader=1001, Replicas=[1004, 1001, 1002], ISR=[1002, 1004, 1001]
2025-10-27 15:06:15,718 - KafkaLeaderDemotion - DEBUG - [get_partition_metadata:472] - Added partition: test.event-1, Leader=1004, Replicas=[1004, 1002, 1003], ISR=[1004, 1003, 1002]
2025-10-27 15:06:15,718 - KafkaLeaderDemotion - DEBUG - [get_partition_metadata:472] - Added partition: test.event-2, Leader=1003, Replicas=[1003, 1004, 1001], ISR=[1001, 1003, 1004]
2025-10-27 15:06:15,718 - KafkaLeaderDemotion - DEBUG - [get_partition_metadata:472] - Added partition: test.event-3, Leader=1002, Replicas=[1002, 1001, 1003], ISR=[1002, 1003, 1001]
2025-10-27 15:06:15,718 - KafkaLeaderDemotion - DEBUG - [get_partition_metadata:472] - Added partition: test.event-4, Leader=1004, Replicas=[1004, 1002, 1001], ISR=[1001, 1004, 1002]
2025-10-27 15:06:15,719 - KafkaLeaderDemotion - DEBUG - [get_partition_metadata:472] - Added partition: test.event-5, Leader=1002, Replicas=[1002, 1004, 1003], ISR=[1002, 1003, 1004]
2025-10-27 15:06:15,719 - KafkaLeaderDemotion - DEBUG - [get_partition_metadata:433] - Found topic: secound3
2025-10-27 15:06:15,719 - KafkaLeaderDemotion - DEBUG - [get_partition_metadata:472] - Added partition: secound3-0, Leader=1004, Replicas=[1004, 1001, 1003], ISR=[1001, 1003, 1004]
2025-10-27 15:06:15,719 - KafkaLeaderDemotion - DEBUG - [get_partition_metadata:472] - Added partition: secound3-1, Leader=1004, Replicas=[1004, 1002, 1003], ISR=[1003, 1004, 1002]
2025-10-27 15:06:15,719 - KafkaLeaderDemotion - DEBUG - [get_partition_metadata:472] - Added partition: secound3-2, Leader=1002, Replicas=[1002, 1001, 1004], ISR=[1004, 1002, 1001]
2025-10-27 15:06:15,719 - KafkaLeaderDemotion - DEBUG - [get_partition_metadata:433] - Found topic: example.events.prod
2025-10-27 15:06:15,719 - KafkaLeaderDemotion - DEBUG - [get_partition_metadata:472] - Added partition: example.events.prod-0, Leader=1001, Replicas=[1004, 1001, 1003], ISR=[1001, 1003, 1004]
2025-10-27 15:06:15,719 - KafkaLeaderDemotion - DEBUG - [get_partition_metadata:472] - Added partition: example.events.prod-1, Leader=1004, Replicas=[1004, 1003, 1002], ISR=[1003, 1004, 1002]
2025-10-27 15:06:15,719 - KafkaLeaderDemotion - DEBUG - [get_partition_metadata:472] - Added partition: example.events.prod-2, Leader=1001, Replicas=[1004, 1001, 1002], ISR=[1004, 1002, 1001]
2025-10-27 15:06:15,719 - KafkaLeaderDemotion - DEBUG - [get_partition_metadata:472] - Added partition: example.events.prod-3, Leader=1001, Replicas=[1002, 1001, 1003], ISR=[1002, 1001, 1003]
2025-10-27 15:06:15,719 - KafkaLeaderDemotion - DEBUG - [get_partition_metadata:472] - Added partition: example.events.prod-4, Leader=1001, Replicas=[1004, 1001, 1002], ISR=[1001, 1004, 1002]
2025-10-27 15:06:15,719 - KafkaLeaderDemotion - DEBUG - [get_partition_metadata:472] - Added partition: example.events.prod-5, Leader=1002, Replicas=[1002, 1001, 1003], ISR=[1003, 1002, 1001]
2025-10-27 15:06:15,719 - KafkaLeaderDemotion - DEBUG - [get_partition_metadata:472] - Added partition: example.events.prod-6, Leader=1004, Replicas=[1004, 1003, 1001], ISR=[1004, 1001, 1003]
2025-10-27 15:06:15,720 - KafkaLeaderDemotion - DEBUG - [get_partition_metadata:472] - Added partition: example.events.prod-7, Leader=1003, Replicas=[1003, 1004, 1002], ISR=[1002, 1003, 1004]
2025-10-27 15:06:15,720 - KafkaLeaderDemotion - DEBUG - [get_partition_metadata:472] - Added partition: example.events.prod-8, Leader=1001, Replicas=[1002, 1001, 1003], ISR=[1001, 1002, 1003]
2025-10-27 15:06:15,720 - KafkaLeaderDemotion - DEBUG - [get_partition_metadata:472] - Added partition: example.events.prod-9, Leader=1004, Replicas=[1004, 1001, 1003], ISR=[1003, 1001, 1004]
2025-10-27 15:06:15,720 - KafkaLeaderDemotion - DEBUG - [get_partition_metadata:472] - Added partition: example.events.prod-10, Leader=1002, Replicas=[1002, 1003, 1004], ISR=[1004, 1003, 1002]
2025-10-27 15:06:15,720 - KafkaLeaderDemotion - DEBUG - [get_partition_metadata:472] - Added partition: example.events.prod-11, Leader=1001, Replicas=[1004, 1001, 1002], ISR=[1002, 1004, 1001]
2025-10-27 15:06:15,720 - KafkaLeaderDemotion - DEBUG - [get_partition_metadata:433] - Found topic: secound1
2025-10-27 15:06:15,720 - KafkaLeaderDemotion - DEBUG - [get_partition_metadata:472] - Added partition: secound1-0, Leader=1003, Replicas=[1003, 1001, 1004], ISR=[1004, 1003, 1001]
2025-10-27 15:06:15,720 - KafkaLeaderDemotion - DEBUG - [get_partition_metadata:472] - Added partition: secound1-1, Leader=1003, Replicas=[1003, 1002, 1001], ISR=[1001, 1003, 1002]
2025-10-27 15:06:15,720 - KafkaLeaderDemotion - DEBUG - [get_partition_metadata:472] - Added partition: secound1-2, Leader=1004, Replicas=[1004, 1002, 1001], ISR=[1001, 1002, 1004]
2025-10-27 15:06:15,720 - KafkaLeaderDemotion - INFO - [get_partition_metadata:483] - Retrieved metadata for 9 topics
2025-10-27 15:06:15,720 - KafkaLeaderDemotion - INFO - [get_partition_metadata:487] - Total partitions: 77
2025-10-27 15:06:15,720 - KafkaLeaderDemotion - DEBUG - [get_topic_config:542] - Fetching config for topic secound
2025-10-27 15:06:18,562 - KafkaLeaderDemotion - DEBUG - [get_topic_config:571] - Parsed config: min.insync.replicas=2
2025-10-27 15:06:18,562 - KafkaLeaderDemotion - DEBUG - [get_topic_config:571] - Parsed config: retention.ms=604800000
2025-10-27 15:06:18,562 - KafkaLeaderDemotion - DEBUG - [get_topic_config:571] - Parsed config: unclean.leader.election.enable=false
2025-10-27 15:06:18,563 - KafkaLeaderDemotion - DEBUG - [_check_min_isr:824] - Topic secound: min.insync.replicas=2 ✓
2025-10-27 15:06:18,563 - KafkaLeaderDemotion - DEBUG - [get_topic_config:542] - Fetching config for topic user-events
2025-10-27 15:06:21,448 - KafkaLeaderDemotion - DEBUG - [get_topic_config:571] - Parsed config: min.insync.replicas=2
2025-10-27 15:06:21,448 - KafkaLeaderDemotion - DEBUG - [get_topic_config:571] - Parsed config: retention.ms=604800000
2025-10-27 15:06:21,449 - KafkaLeaderDemotion - DEBUG - [_check_min_isr:824] - Topic user-events: min.insync.replicas=2 ✓
2025-10-27 15:06:21,449 - KafkaLeaderDemotion - DEBUG - [get_topic_config:542] - Fetching config for topic production
2025-10-27 15:06:24,299 - KafkaLeaderDemotion - DEBUG - [get_topic_config:571] - Parsed config: min.insync.replicas=2
2025-10-27 15:06:24,300 - KafkaLeaderDemotion - DEBUG - [get_topic_config:571] - Parsed config: retention.ms=259200000
2025-10-27 15:06:24,300 - KafkaLeaderDemotion - DEBUG - [_check_min_isr:824] - Topic production: min.insync.replicas=2 ✓
2025-10-27 15:06:24,300 - KafkaLeaderDemotion - DEBUG - [get_topic_config:542] - Fetching config for topic secound10
2025-10-27 15:06:27,162 - KafkaLeaderDemotion - DEBUG - [get_topic_config:571] - Parsed config: compression.type=producer
2025-10-27 15:06:27,163 - KafkaLeaderDemotion - DEBUG - [get_topic_config:571] - Parsed config: min.insync.replicas=2
2025-10-27 15:06:27,163 - KafkaLeaderDemotion - DEBUG - [get_topic_config:571] - Parsed config: cleanup.policy=delete
2025-10-27 15:06:27,163 - KafkaLeaderDemotion - DEBUG - [get_topic_config:571] - Parsed config: segment.bytes=1073741824
2025-10-27 15:06:27,163 - KafkaLeaderDemotion - DEBUG - [get_topic_config:571] - Parsed config: retention.ms=604800000
2025-10-27 15:06:27,163 - KafkaLeaderDemotion - DEBUG - [get_topic_config:571] - Parsed config: max.message.bytes=1048576
2025-10-27 15:06:27,163 - KafkaLeaderDemotion - DEBUG - [get_topic_config:571] - Parsed config: unclean.leader.election.enable=false
2025-10-27 15:06:27,163 - KafkaLeaderDemotion - DEBUG - [get_topic_config:571] - Parsed config: retention.bytes=10737418240
2025-10-27 15:06:27,163 - KafkaLeaderDemotion - DEBUG - [get_topic_config:571] - Parsed config: delete.retention.ms=86400000
2025-10-27 15:06:27,163 - KafkaLeaderDemotion - DEBUG - [get_topic_config:571] - Parsed config: segment.ms=604800000
2025-10-27 15:06:27,163 - KafkaLeaderDemotion - DEBUG - [_check_min_isr:824] - Topic secound10: min.insync.replicas=2 ✓
2025-10-27 15:06:27,163 - KafkaLeaderDemotion - DEBUG - [get_topic_config:542] - Fetching config for topic production2
2025-10-27 15:06:29,932 - KafkaLeaderDemotion - DEBUG - [get_topic_config:571] - Parsed config: min.insync.replicas=2
2025-10-27 15:06:29,932 - KafkaLeaderDemotion - DEBUG - [get_topic_config:571] - Parsed config: retention.ms=604800000
2025-10-27 15:06:29,932 - KafkaLeaderDemotion - DEBUG - [_check_min_isr:824] - Topic production2: min.insync.replicas=2 ✓
2025-10-27 15:06:29,932 - KafkaLeaderDemotion - DEBUG - [get_topic_config:542] - Fetching config for topic test.event
2025-10-27 15:06:32,710 - KafkaLeaderDemotion - DEBUG - [get_topic_config:571] - Parsed config: min.insync.replicas=2
2025-10-27 15:06:32,710 - KafkaLeaderDemotion - DEBUG - [get_topic_config:571] - Parsed config: retention.ms=604800000
2025-10-27 15:06:32,710 - KafkaLeaderDemotion - DEBUG - [get_topic_config:571] - Parsed config: unclean.leader.election.enable=false
2025-10-27 15:06:32,711 - KafkaLeaderDemotion - DEBUG - [_check_min_isr:824] - Topic test.event: min.insync.replicas=2 ✓
2025-10-27 15:06:32,711 - KafkaLeaderDemotion - DEBUG - [get_topic_config:542] - Fetching config for topic secound3
2025-10-27 15:06:35,527 - KafkaLeaderDemotion - DEBUG - [get_topic_config:571] - Parsed config: compression.type=producer
2025-10-27 15:06:35,527 - KafkaLeaderDemotion - DEBUG - [get_topic_config:571] - Parsed config: min.insync.replicas=2
2025-10-27 15:06:35,527 - KafkaLeaderDemotion - DEBUG - [get_topic_config:571] - Parsed config: cleanup.policy=delete
2025-10-27 15:06:35,527 - KafkaLeaderDemotion - DEBUG - [get_topic_config:571] - Parsed config: segment.bytes=1073741824
2025-10-27 15:06:35,527 - KafkaLeaderDemotion - DEBUG - [get_topic_config:571] - Parsed config: retention.ms=604800000
2025-10-27 15:06:35,527 - KafkaLeaderDemotion - DEBUG - [get_topic_config:571] - Parsed config: max.message.bytes=1048576
2025-10-27 15:06:35,527 - KafkaLeaderDemotion - DEBUG - [get_topic_config:571] - Parsed config: unclean.leader.election.enable=false
2025-10-27 15:06:35,528 - KafkaLeaderDemotion - DEBUG - [get_topic_config:571] - Parsed config: retention.bytes=10737418240
2025-10-27 15:06:35,528 - KafkaLeaderDemotion - DEBUG - [get_topic_config:571] - Parsed config: delete.retention.ms=86400000
2025-10-27 15:06:35,528 - KafkaLeaderDemotion - DEBUG - [get_topic_config:571] - Parsed config: segment.ms=604800000
2025-10-27 15:06:35,528 - KafkaLeaderDemotion - DEBUG - [_check_min_isr:824] - Topic secound3: min.insync.replicas=2 ✓
2025-10-27 15:06:35,528 - KafkaLeaderDemotion - DEBUG - [get_topic_config:542] - Fetching config for topic example.events.prod
2025-10-27 15:06:38,339 - KafkaLeaderDemotion - DEBUG - [get_topic_config:571] - Parsed config: compression.type=producer
2025-10-27 15:06:38,340 - KafkaLeaderDemotion - DEBUG - [get_topic_config:571] - Parsed config: min.insync.replicas=2
2025-10-27 15:06:38,340 - KafkaLeaderDemotion - DEBUG - [get_topic_config:571] - Parsed config: cleanup.policy=delete
2025-10-27 15:06:38,340 - KafkaLeaderDemotion - DEBUG - [get_topic_config:571] - Parsed config: segment.bytes=1073741824
2025-10-27 15:06:38,340 - KafkaLeaderDemotion - DEBUG - [get_topic_config:571] - Parsed config: retention.ms=604800000
2025-10-27 15:06:38,340 - KafkaLeaderDemotion - DEBUG - [get_topic_config:571] - Parsed config: max.message.bytes=1048576
2025-10-27 15:06:38,340 - KafkaLeaderDemotion - DEBUG - [get_topic_config:571] - Parsed config: unclean.leader.election.enable=false
2025-10-27 15:06:38,340 - KafkaLeaderDemotion - DEBUG - [get_topic_config:571] - Parsed config: retention.bytes=10737418240
2025-10-27 15:06:38,340 - KafkaLeaderDemotion - DEBUG - [get_topic_config:571] - Parsed config: delete.retention.ms=86400000
2025-10-27 15:06:38,340 - KafkaLeaderDemotion - DEBUG - [get_topic_config:571] - Parsed config: segment.ms=604800000
2025-10-27 15:06:38,340 - KafkaLeaderDemotion - DEBUG - [_check_min_isr:824] - Topic example.events.prod: min.insync.replicas=2 ✓
2025-10-27 15:06:38,340 - KafkaLeaderDemotion - DEBUG - [get_topic_config:542] - Fetching config for topic secound1
2025-10-27 15:06:41,100 - KafkaLeaderDemotion - DEBUG - [get_topic_config:571] - Parsed config: min.insync.replicas=2
2025-10-27 15:06:41,100 - KafkaLeaderDemotion - DEBUG - [get_topic_config:571] - Parsed config: retention.ms=604800000
2025-10-27 15:06:41,101 - KafkaLeaderDemotion - DEBUG - [get_topic_config:571] - Parsed config: unclean.leader.election.enable=false
2025-10-27 15:06:41,101 - KafkaLeaderDemotion - DEBUG - [_check_min_isr:824] - Topic secound1: min.insync.replicas=2 ✓
2025-10-27 15:06:41,101 - KafkaLeaderDemotion - INFO - [run_all_checks:754] - ✓ Topic Min ISR Configuration: PASSED
2025-10-27 15:06:41,101 - KafkaLeaderDemotion - INFO - [run_all_checks:748] - 
──────────────────────────────────────────────────────────────────────
2025-10-27 15:06:41,101 - KafkaLeaderDemotion - INFO - [run_all_checks:749] - CHECK: Follower ISR Status
2025-10-27 15:06:41,101 - KafkaLeaderDemotion - INFO - [run_all_checks:750] - ──────────────────────────────────────────────────────────────────────
2025-10-27 15:06:41,101 - KafkaLeaderDemotion - INFO - [get_partition_metadata:404] - Fetching partition metadata
2025-10-27 15:06:43,980 - KafkaLeaderDemotion - DEBUG - [get_partition_metadata:433] - Found topic: secound
2025-10-27 15:06:43,980 - KafkaLeaderDemotion - DEBUG - [get_partition_metadata:472] - Added partition: secound-0, Leader=1001, Replicas=[1004, 1001, 1002], ISR=[1002, 1001, 1004]
2025-10-27 15:06:43,980 - KafkaLeaderDemotion - DEBUG - [get_partition_metadata:472] - Added partition: secound-1, Leader=1001, Replicas=[1004, 1001, 1002], ISR=[1002, 1004, 1001]
2025-10-27 15:06:43,981 - KafkaLeaderDemotion - DEBUG - [get_partition_metadata:472] - Added partition: secound-2, Leader=1001, Replicas=[1004, 1001, 1002], ISR=[1001, 1004, 1002]
2025-10-27 15:06:43,981 - KafkaLeaderDemotion - DEBUG - [get_partition_metadata:433] - Found topic: user-events
2025-10-27 15:06:43,981 - KafkaLeaderDemotion - DEBUG - [get_partition_metadata:472] - Added partition: user-events-0, Leader=1002, Replicas=[1002, 1004, 1001], ISR=[1002, 1001, 1004]
2025-10-27 15:06:43,981 - KafkaLeaderDemotion - DEBUG - [get_partition_metadata:472] - Added partition: user-events-1, Leader=1002, Replicas=[1002, 1004, 1001], ISR=[1002, 1004, 1001]
2025-10-27 15:06:43,981 - KafkaLeaderDemotion - DEBUG - [get_partition_metadata:472] - Added partition: user-events-2, Leader=1002, Replicas=[1002, 1004, 1003], ISR=[1004, 1002, 1003]
2025-10-27 15:06:43,981 - KafkaLeaderDemotion - DEBUG - [get_partition_metadata:472] - Added partition: user-events-3, Leader=1001, Replicas=[1004, 1001, 1003], ISR=[1001, 1004, 1003]
2025-10-27 15:06:43,981 - KafkaLeaderDemotion - DEBUG - [get_partition_metadata:472] - Added partition: user-events-4, Leader=1001, Replicas=[1004, 1001, 1003], ISR=[1004, 1001, 1003]
2025-10-27 15:06:43,981 - KafkaLeaderDemotion - DEBUG - [get_partition_metadata:472] - Added partition: user-events-5, Leader=1002, Replicas=[1002, 1004, 1003], ISR=[1004, 1002, 1003]
2025-10-27 15:06:43,981 - KafkaLeaderDemotion - DEBUG - [get_partition_metadata:472] - Added partition: user-events-6, Leader=1001, Replicas=[1004, 1001, 1003], ISR=[1001, 1004, 1003]
2025-10-27 15:06:43,981 - KafkaLeaderDemotion - DEBUG - [get_partition_metadata:472] - Added partition: user-events-7, Leader=1002, Replicas=[1002, 1004, 1001], ISR=[1002, 1004, 1001]
2025-10-27 15:06:43,981 - KafkaLeaderDemotion - DEBUG - [get_partition_metadata:472] - Added partition: user-events-8, Leader=1002, Replicas=[1002, 1004, 1003], ISR=[1004, 1002, 1003]
2025-10-27 15:06:43,981 - KafkaLeaderDemotion - DEBUG - [get_partition_metadata:472] - Added partition: user-events-9, Leader=1001, Replicas=[1004, 1001, 1003], ISR=[1001, 1004, 1003]
2025-10-27 15:06:43,981 - KafkaLeaderDemotion - DEBUG - [get_partition_metadata:472] - Added partition: user-events-10, Leader=1002, Replicas=[1002, 1004, 1003], ISR=[1002, 1004, 1003]
2025-10-27 15:06:43,982 - KafkaLeaderDemotion - DEBUG - [get_partition_metadata:472] - Added partition: user-events-11, Leader=1001, Replicas=[1004, 1001, 1003], ISR=[1001, 1004, 1003]
2025-10-27 15:06:43,982 - KafkaLeaderDemotion - DEBUG - [get_partition_metadata:472] - Added partition: user-events-12, Leader=1002, Replicas=[1002, 1004, 1003], ISR=[1002, 1004, 1003]
2025-10-27 15:06:43,982 - KafkaLeaderDemotion - DEBUG - [get_partition_metadata:472] - Added partition: user-events-13, Leader=1001, Replicas=[1004, 1001, 1003], ISR=[1004, 1001, 1003]
2025-10-27 15:06:43,982 - KafkaLeaderDemotion - DEBUG - [get_partition_metadata:472] - Added partition: user-events-14, Leader=1001, Replicas=[1004, 1001, 1002], ISR=[1001, 1004, 1002]
2025-10-27 15:06:43,982 - KafkaLeaderDemotion - DEBUG - [get_partition_metadata:472] - Added partition: user-events-15, Leader=1001, Replicas=[1004, 1001, 1003], ISR=[1001, 1004, 1003]
2025-10-27 15:06:43,982 - KafkaLeaderDemotion - DEBUG - [get_partition_metadata:472] - Added partition: user-events-16, Leader=1003, Replicas=[1003, 1004, 1001], ISR=[1004, 1001, 1003]
2025-10-27 15:06:43,982 - KafkaLeaderDemotion - DEBUG - [get_partition_metadata:472] - Added partition: user-events-17, Leader=1002, Replicas=[1002, 1004, 1001], ISR=[1001, 1002, 1004]
2025-10-27 15:06:43,982 - KafkaLeaderDemotion - DEBUG - [get_partition_metadata:472] - Added partition: user-events-18, Leader=1001, Replicas=[1004, 1001, 1003], ISR=[1001, 1004, 1003]
2025-10-27 15:06:43,982 - KafkaLeaderDemotion - DEBUG - [get_partition_metadata:472] - Added partition: user-events-19, Leader=1002, Replicas=[1002, 1004, 1003], ISR=[1002, 1004, 1003]
2025-10-27 15:06:43,982 - KafkaLeaderDemotion - DEBUG - [get_partition_metadata:472] - Added partition: user-events-20, Leader=1004, Replicas=[1004, 1001, 1002], ISR=[1001, 1004, 1002]
2025-10-27 15:06:43,982 - KafkaLeaderDemotion - DEBUG - [get_partition_metadata:472] - Added partition: user-events-21, Leader=1004, Replicas=[1004, 1002, 1003], ISR=[1002, 1003, 1004]
2025-10-27 15:06:43,982 - KafkaLeaderDemotion - DEBUG - [get_partition_metadata:472] - Added partition: user-events-22, Leader=1004, Replicas=[1004, 1003, 1001], ISR=[1004, 1003, 1001]
2025-10-27 15:06:43,983 - KafkaLeaderDemotion - DEBUG - [get_partition_metadata:472] - Added partition: user-events-23, Leader=1004, Replicas=[1004, 1002, 1001], ISR=[1001, 1002, 1004]
2025-10-27 15:06:43,983 - KafkaLeaderDemotion - DEBUG - [get_partition_metadata:472] - Added partition: user-events-24, Leader=1004, Replicas=[1004, 1003, 1002], ISR=[1002, 1004, 1003]
2025-10-27 15:06:43,983 - KafkaLeaderDemotion - DEBUG - [get_partition_metadata:472] - Added partition: user-events-25, Leader=1004, Replicas=[1004, 1001, 1003], ISR=[1004, 1003, 1001]
2025-10-27 15:06:43,983 - KafkaLeaderDemotion - DEBUG - [get_partition_metadata:472] - Added partition: user-events-26, Leader=1004, Replicas=[1004, 1002, 1003], ISR=[1004, 1003, 1002]
2025-10-27 15:06:43,983 - KafkaLeaderDemotion - DEBUG - [get_partition_metadata:472] - Added partition: user-events-27, Leader=1004, Replicas=[1004, 1001, 1002], ISR=[1002, 1001, 1004]
2025-10-27 15:06:43,983 - KafkaLeaderDemotion - DEBUG - [get_partition_metadata:472] - Added partition: user-events-28, Leader=1004, Replicas=[1004, 1002, 1003], ISR=[1002, 1004, 1003]
2025-10-27 15:06:43,983 - KafkaLeaderDemotion - DEBUG - [get_partition_metadata:472] - Added partition: user-events-29, Leader=1004, Replicas=[1004, 1003, 1001], ISR=[1004, 1003, 1001]
2025-10-27 15:06:43,983 - KafkaLeaderDemotion - DEBUG - [get_partition_metadata:433] - Found topic: production
2025-10-27 15:06:43,983 - KafkaLeaderDemotion - DEBUG - [get_partition_metadata:472] - Added partition: production-0, Leader=1004, Replicas=[1004, 1003, 1001], ISR=[1004, 1003, 1001]
2025-10-27 15:06:43,983 - KafkaLeaderDemotion - DEBUG - [get_partition_metadata:472] - Added partition: production-1, Leader=1002, Replicas=[1002, 1003, 1001], ISR=[1001, 1003, 1002]
2025-10-27 15:06:43,983 - KafkaLeaderDemotion - DEBUG - [get_partition_metadata:472] - Added partition: production-2, Leader=1004, Replicas=[1004, 1002, 1001], ISR=[1002, 1001, 1004]
2025-10-27 15:06:43,983 - KafkaLeaderDemotion - DEBUG - [get_partition_metadata:472] - Added partition: production-3, Leader=1003, Replicas=[1003, 1004, 1002], ISR=[1002, 1004, 1003]
2025-10-27 15:06:43,983 - KafkaLeaderDemotion - DEBUG - [get_partition_metadata:472] - Added partition: production-4, Leader=1003, Replicas=[1003, 1001, 1004], ISR=[1001, 1004, 1003]
2025-10-27 15:06:43,984 - KafkaLeaderDemotion - DEBUG - [get_partition_metadata:472] - Added partition: production-5, Leader=1003, Replicas=[1003, 1002, 1001], ISR=[1002, 1001, 1003]
2025-10-27 15:06:43,984 - KafkaLeaderDemotion - DEBUG - [get_partition_metadata:472] - Added partition: production-6, Leader=1003, Replicas=[1003, 1004, 1002], ISR=[1002, 1004, 1003]
2025-10-27 15:06:43,984 - KafkaLeaderDemotion - DEBUG - [get_partition_metadata:433] - Found topic: secound10
2025-10-27 15:06:43,984 - KafkaLeaderDemotion - DEBUG - [get_partition_metadata:472] - Added partition: secound10-0, Leader=1003, Replicas=[1003, 1002, 1001], ISR=[1002, 1001, 1003]
2025-10-27 15:06:43,984 - KafkaLeaderDemotion - DEBUG - [get_partition_metadata:472] - Added partition: secound10-1, Leader=1003, Replicas=[1003, 1001, 1004], ISR=[1001, 1003, 1004]
2025-10-27 15:06:43,984 - KafkaLeaderDemotion - DEBUG - [get_partition_metadata:472] - Added partition: secound10-2, Leader=1002, Replicas=[1002, 1003, 1004], ISR=[1003, 1004, 1002]
2025-10-27 15:06:43,984 - KafkaLeaderDemotion - DEBUG - [get_partition_metadata:433] - Found topic: production2
2025-10-27 15:06:43,984 - KafkaLeaderDemotion - DEBUG - [get_partition_metadata:472] - Added partition: production2-0, Leader=1002, Replicas=[1002, 1003, 1004], ISR=[1004, 1003, 1002]
2025-10-27 15:06:43,984 - KafkaLeaderDemotion - DEBUG - [get_partition_metadata:472] - Added partition: production2-1, Leader=1003, Replicas=[1003, 1001, 1004], ISR=[1004, 1003, 1001]
2025-10-27 15:06:43,984 - KafkaLeaderDemotion - DEBUG - [get_partition_metadata:472] - Added partition: production2-2, Leader=1003, Replicas=[1003, 1002, 1001], ISR=[1001, 1003, 1002]
2025-10-27 15:06:43,984 - KafkaLeaderDemotion - DEBUG - [get_partition_metadata:472] - Added partition: production2-3, Leader=1001, Replicas=[1004, 1001, 1002], ISR=[1001, 1002, 1004]
2025-10-27 15:06:43,984 - KafkaLeaderDemotion - DEBUG - [get_partition_metadata:472] - Added partition: production2-4, Leader=1003, Replicas=[1003, 1004, 1002], ISR=[1004, 1002, 1003]
2025-10-27 15:06:43,984 - KafkaLeaderDemotion - DEBUG - [get_partition_metadata:472] - Added partition: production2-5, Leader=1003, Replicas=[1003, 1001, 1004], ISR=[1004, 1001, 1003]
2025-10-27 15:06:43,985 - KafkaLeaderDemotion - DEBUG - [get_partition_metadata:472] - Added partition: production2-6, Leader=1003, Replicas=[1003, 1002, 1001], ISR=[1001, 1002, 1003]
2025-10-27 15:06:43,985 - KafkaLeaderDemotion - DEBUG - [get_partition_metadata:472] - Added partition: production2-7, Leader=1003, Replicas=[1003, 1002, 1004], ISR=[1002, 1004, 1003]
2025-10-27 15:06:43,985 - KafkaLeaderDemotion - DEBUG - [get_partition_metadata:472] - Added partition: production2-8, Leader=1003, Replicas=[1003, 1004, 1001], ISR=[1001, 1004, 1003]
2025-10-27 15:06:43,985 - KafkaLeaderDemotion - DEBUG - [get_partition_metadata:472] - Added partition: production2-9, Leader=1003, Replicas=[1003, 1002, 1001], ISR=[1002, 1001, 1003]
2025-10-27 15:06:43,985 - KafkaLeaderDemotion - DEBUG - [get_partition_metadata:433] - Found topic: test.event
2025-10-27 15:06:43,985 - KafkaLeaderDemotion - DEBUG - [get_partition_metadata:472] - Added partition: test.event-0, Leader=1001, Replicas=[1004, 1001, 1002], ISR=[1002, 1004, 1001]
2025-10-27 15:06:43,985 - KafkaLeaderDemotion - DEBUG - [get_partition_metadata:472] - Added partition: test.event-1, Leader=1004, Replicas=[1004, 1002, 1003], ISR=[1004, 1003, 1002]
2025-10-27 15:06:43,985 - KafkaLeaderDemotion - DEBUG - [get_partition_metadata:472] - Added partition: test.event-2, Leader=1003, Replicas=[1003, 1004, 1001], ISR=[1001, 1003, 1004]
2025-10-27 15:06:43,985 - KafkaLeaderDemotion - DEBUG - [get_partition_metadata:472] - Added partition: test.event-3, Leader=1002, Replicas=[1002, 1001, 1003], ISR=[1002, 1003, 1001]
2025-10-27 15:06:43,985 - KafkaLeaderDemotion - DEBUG - [get_partition_metadata:472] - Added partition: test.event-4, Leader=1004, Replicas=[1004, 1002, 1001], ISR=[1001, 1004, 1002]
2025-10-27 15:06:43,985 - KafkaLeaderDemotion - DEBUG - [get_partition_metadata:472] - Added partition: test.event-5, Leader=1002, Replicas=[1002, 1004, 1003], ISR=[1002, 1003, 1004]
2025-10-27 15:06:43,985 - KafkaLeaderDemotion - DEBUG - [get_partition_metadata:433] - Found topic: secound3
2025-10-27 15:06:43,985 - KafkaLeaderDemotion - DEBUG - [get_partition_metadata:472] - Added partition: secound3-0, Leader=1004, Replicas=[1004, 1001, 1003], ISR=[1001, 1003, 1004]
2025-10-27 15:06:43,986 - KafkaLeaderDemotion - DEBUG - [get_partition_metadata:472] - Added partition: secound3-1, Leader=1004, Replicas=[1004, 1002, 1003], ISR=[1003, 1004, 1002]
2025-10-27 15:06:43,986 - KafkaLeaderDemotion - DEBUG - [get_partition_metadata:472] - Added partition: secound3-2, Leader=1002, Replicas=[1002, 1001, 1004], ISR=[1004, 1002, 1001]
2025-10-27 15:06:43,986 - KafkaLeaderDemotion - DEBUG - [get_partition_metadata:433] - Found topic: example.events.prod
2025-10-27 15:06:43,986 - KafkaLeaderDemotion - DEBUG - [get_partition_metadata:472] - Added partition: example.events.prod-0, Leader=1001, Replicas=[1004, 1001, 1003], ISR=[1001, 1003, 1004]
2025-10-27 15:06:43,986 - KafkaLeaderDemotion - DEBUG - [get_partition_metadata:472] - Added partition: example.events.prod-1, Leader=1004, Replicas=[1004, 1003, 1002], ISR=[1003, 1004, 1002]
2025-10-27 15:06:43,986 - KafkaLeaderDemotion - DEBUG - [get_partition_metadata:472] - Added partition: example.events.prod-2, Leader=1001, Replicas=[1004, 1001, 1002], ISR=[1004, 1002, 1001]
2025-10-27 15:06:43,986 - KafkaLeaderDemotion - DEBUG - [get_partition_metadata:472] - Added partition: example.events.prod-3, Leader=1001, Replicas=[1002, 1001, 1003], ISR=[1002, 1001, 1003]
2025-10-27 15:06:43,986 - KafkaLeaderDemotion - DEBUG - [get_partition_metadata:472] - Added partition: example.events.prod-4, Leader=1001, Replicas=[1004, 1001, 1002], ISR=[1001, 1004, 1002]
2025-10-27 15:06:43,986 - KafkaLeaderDemotion - DEBUG - [get_partition_metadata:472] - Added partition: example.events.prod-5, Leader=1002, Replicas=[1002, 1001, 1003], ISR=[1003, 1002, 1001]
2025-10-27 15:06:43,986 - KafkaLeaderDemotion - DEBUG - [get_partition_metadata:472] - Added partition: example.events.prod-6, Leader=1004, Replicas=[1004, 1003, 1001], ISR=[1004, 1001, 1003]
2025-10-27 15:06:43,986 - KafkaLeaderDemotion - DEBUG - [get_partition_metadata:472] - Added partition: example.events.prod-7, Leader=1003, Replicas=[1003, 1004, 1002], ISR=[1002, 1003, 1004]
2025-10-27 15:06:43,986 - KafkaLeaderDemotion - DEBUG - [get_partition_metadata:472] - Added partition: example.events.prod-8, Leader=1001, Replicas=[1002, 1001, 1003], ISR=[1001, 1002, 1003]
2025-10-27 15:06:43,986 - KafkaLeaderDemotion - DEBUG - [get_partition_metadata:472] - Added partition: example.events.prod-9, Leader=1004, Replicas=[1004, 1001, 1003], ISR=[1003, 1001, 1004]
2025-10-27 15:06:43,987 - KafkaLeaderDemotion - DEBUG - [get_partition_metadata:472] - Added partition: example.events.prod-10, Leader=1002, Replicas=[1002, 1003, 1004], ISR=[1004, 1003, 1002]
2025-10-27 15:06:43,987 - KafkaLeaderDemotion - DEBUG - [get_partition_metadata:472] - Added partition: example.events.prod-11, Leader=1001, Replicas=[1004, 1001, 1002], ISR=[1002, 1004, 1001]
2025-10-27 15:06:43,987 - KafkaLeaderDemotion - DEBUG - [get_partition_metadata:433] - Found topic: secound1
2025-10-27 15:06:43,987 - KafkaLeaderDemotion - DEBUG - [get_partition_metadata:472] - Added partition: secound1-0, Leader=1003, Replicas=[1003, 1001, 1004], ISR=[1004, 1003, 1001]
2025-10-27 15:06:43,987 - KafkaLeaderDemotion - DEBUG - [get_partition_metadata:472] - Added partition: secound1-1, Leader=1003, Replicas=[1003, 1002, 1001], ISR=[1001, 1003, 1002]
2025-10-27 15:06:43,987 - KafkaLeaderDemotion - DEBUG - [get_partition_metadata:472] - Added partition: secound1-2, Leader=1004, Replicas=[1004, 1002, 1001], ISR=[1001, 1002, 1004]
2025-10-27 15:06:43,987 - KafkaLeaderDemotion - INFO - [get_partition_metadata:483] - Retrieved metadata for 9 topics
2025-10-27 15:06:43,987 - KafkaLeaderDemotion - INFO - [get_partition_metadata:487] - Total partitions: 77
2025-10-27 15:06:43,987 - KafkaLeaderDemotion - DEBUG - [_check_followers_in_sync:850] - Partition secound-0 - all replicas in sync
2025-10-27 15:06:43,987 - KafkaLeaderDemotion - DEBUG - [_check_followers_in_sync:850] - Partition secound-1 - all replicas in sync
2025-10-27 15:06:43,987 - KafkaLeaderDemotion - DEBUG - [_check_followers_in_sync:850] - Partition secound-2 - all replicas in sync
2025-10-27 15:06:43,987 - KafkaLeaderDemotion - DEBUG - [_check_followers_in_sync:850] - Partition user-events-3 - all replicas in sync
2025-10-27 15:06:43,988 - KafkaLeaderDemotion - DEBUG - [_check_followers_in_sync:850] - Partition user-events-4 - all replicas in sync
2025-10-27 15:06:43,988 - KafkaLeaderDemotion - DEBUG - [_check_followers_in_sync:850] - Partition user-events-6 - all replicas in sync
2025-10-27 15:06:43,988 - KafkaLeaderDemotion - DEBUG - [_check_followers_in_sync:850] - Partition user-events-9 - all replicas in sync
2025-10-27 15:06:43,988 - KafkaLeaderDemotion - DEBUG - [_check_followers_in_sync:850] - Partition user-events-11 - all replicas in sync
2025-10-27 15:06:43,988 - KafkaLeaderDemotion - DEBUG - [_check_followers_in_sync:850] - Partition user-events-13 - all replicas in sync
2025-10-27 15:06:43,988 - KafkaLeaderDemotion - DEBUG - [_check_followers_in_sync:850] - Partition user-events-14 - all replicas in sync
2025-10-27 15:06:43,988 - KafkaLeaderDemotion - DEBUG - [_check_followers_in_sync:850] - Partition user-events-15 - all replicas in sync
2025-10-27 15:06:43,988 - KafkaLeaderDemotion - DEBUG - [_check_followers_in_sync:850] - Partition user-events-18 - all replicas in sync
2025-10-27 15:06:43,988 - KafkaLeaderDemotion - DEBUG - [_check_followers_in_sync:850] - Partition production2-3 - all replicas in sync
2025-10-27 15:06:43,988 - KafkaLeaderDemotion - DEBUG - [_check_followers_in_sync:850] - Partition test.event-0 - all replicas in sync
2025-10-27 15:06:43,988 - KafkaLeaderDemotion - DEBUG - [_check_followers_in_sync:850] - Partition example.events.prod-0 - all replicas in sync
2025-10-27 15:06:43,988 - KafkaLeaderDemotion - DEBUG - [_check_followers_in_sync:850] - Partition example.events.prod-2 - all replicas in sync
2025-10-27 15:06:43,988 - KafkaLeaderDemotion - DEBUG - [_check_followers_in_sync:850] - Partition example.events.prod-3 - all replicas in sync
2025-10-27 15:06:43,988 - KafkaLeaderDemotion - DEBUG - [_check_followers_in_sync:850] - Partition example.events.prod-4 - all replicas in sync
2025-10-27 15:06:43,988 - KafkaLeaderDemotion - DEBUG - [_check_followers_in_sync:850] - Partition example.events.prod-8 - all replicas in sync
2025-10-27 15:06:43,988 - KafkaLeaderDemotion - DEBUG - [_check_followers_in_sync:850] - Partition example.events.prod-11 - all replicas in sync
2025-10-27 15:06:43,989 - KafkaLeaderDemotion - INFO - [run_all_checks:754] - ✓ Follower ISR Status: PASSED
2025-10-27 15:06:43,989 - KafkaLeaderDemotion - INFO - [_print_summary:858] - 
======================================================================
2025-10-27 15:06:43,989 - KafkaLeaderDemotion - INFO - [_print_summary:859] - PRE-CHECK SUMMARY
2025-10-27 15:06:43,989 - KafkaLeaderDemotion - INFO - [_print_summary:860] - ======================================================================
2025-10-27 15:06:43,989 - KafkaLeaderDemotion - INFO - [_print_summary:861] - Passed: 5
2025-10-27 15:06:43,989 - KafkaLeaderDemotion - INFO - [_print_summary:862] - Failed: 0
2025-10-27 15:06:43,989 - KafkaLeaderDemotion - INFO - [_print_summary:870] - 
Passed Checks:
2025-10-27 15:06:43,989 - KafkaLeaderDemotion - INFO - [_print_summary:872] -   ✓ Controller Health
2025-10-27 15:06:43,989 - KafkaLeaderDemotion - INFO - [_print_summary:872] -   ✓ Broker Existence
2025-10-27 15:06:43,989 - KafkaLeaderDemotion - INFO - [_print_summary:872] -   ✓ Under-Replicated Partitions
2025-10-27 15:06:43,990 - KafkaLeaderDemotion - INFO - [_print_summary:872] -   ✓ Topic Min ISR Configuration
2025-10-27 15:06:43,990 - KafkaLeaderDemotion - INFO - [_print_summary:872] -   ✓ Follower ISR Status
2025-10-27 15:06:43,990 - KafkaLeaderDemotion - INFO - [_print_summary:874] - ======================================================================

2025-10-27 15:06:43,990 - KafkaLeaderDemotion - INFO - [demote_broker:1403] - ======================================================================
2025-10-27 15:06:43,990 - KafkaLeaderDemotion - INFO - [demote_broker:1407] - STARTING LEADER DEMOTION FOR BROKER 1001
2025-10-27 15:06:43,990 - KafkaLeaderDemotion - INFO - [demote_broker:1408] - ======================================================================
2025-10-27 15:06:43,990 - KafkaLeaderDemotion - INFO - [get_partition_metadata:404] - Fetching partition metadata
2025-10-27 15:06:46,956 - KafkaLeaderDemotion - DEBUG - [get_partition_metadata:433] - Found topic: secound
2025-10-27 15:06:46,956 - KafkaLeaderDemotion - DEBUG - [get_partition_metadata:472] - Added partition: secound-0, Leader=1001, Replicas=[1004, 1001, 1002], ISR=[1002, 1001, 1004]
2025-10-27 15:06:46,956 - KafkaLeaderDemotion - DEBUG - [get_partition_metadata:472] - Added partition: secound-1, Leader=1001, Replicas=[1004, 1001, 1002], ISR=[1002, 1004, 1001]
2025-10-27 15:06:46,956 - KafkaLeaderDemotion - DEBUG - [get_partition_metadata:472] - Added partition: secound-2, Leader=1001, Replicas=[1004, 1001, 1002], ISR=[1001, 1004, 1002]
2025-10-27 15:06:46,956 - KafkaLeaderDemotion - DEBUG - [get_partition_metadata:433] - Found topic: user-events
2025-10-27 15:06:46,956 - KafkaLeaderDemotion - DEBUG - [get_partition_metadata:472] - Added partition: user-events-0, Leader=1002, Replicas=[1002, 1004, 1001], ISR=[1002, 1001, 1004]
2025-10-27 15:06:46,956 - KafkaLeaderDemotion - DEBUG - [get_partition_metadata:472] - Added partition: user-events-1, Leader=1002, Replicas=[1002, 1004, 1001], ISR=[1002, 1004, 1001]
2025-10-27 15:06:46,957 - KafkaLeaderDemotion - DEBUG - [get_partition_metadata:472] - Added partition: user-events-2, Leader=1002, Replicas=[1002, 1004, 1003], ISR=[1004, 1002, 1003]
2025-10-27 15:06:46,957 - KafkaLeaderDemotion - DEBUG - [get_partition_metadata:472] - Added partition: user-events-3, Leader=1001, Replicas=[1004, 1001, 1003], ISR=[1001, 1004, 1003]
2025-10-27 15:06:46,957 - KafkaLeaderDemotion - DEBUG - [get_partition_metadata:472] - Added partition: user-events-4, Leader=1001, Replicas=[1004, 1001, 1003], ISR=[1004, 1001, 1003]
2025-10-27 15:06:46,957 - KafkaLeaderDemotion - DEBUG - [get_partition_metadata:472] - Added partition: user-events-5, Leader=1002, Replicas=[1002, 1004, 1003], ISR=[1004, 1002, 1003]
2025-10-27 15:06:46,957 - KafkaLeaderDemotion - DEBUG - [get_partition_metadata:472] - Added partition: user-events-6, Leader=1001, Replicas=[1004, 1001, 1003], ISR=[1001, 1004, 1003]
2025-10-27 15:06:46,957 - KafkaLeaderDemotion - DEBUG - [get_partition_metadata:472] - Added partition: user-events-7, Leader=1002, Replicas=[1002, 1004, 1001], ISR=[1002, 1004, 1001]
2025-10-27 15:06:46,957 - KafkaLeaderDemotion - DEBUG - [get_partition_metadata:472] - Added partition: user-events-8, Leader=1002, Replicas=[1002, 1004, 1003], ISR=[1004, 1002, 1003]
2025-10-27 15:06:46,957 - KafkaLeaderDemotion - DEBUG - [get_partition_metadata:472] - Added partition: user-events-9, Leader=1001, Replicas=[1004, 1001, 1003], ISR=[1001, 1004, 1003]
2025-10-27 15:06:46,957 - KafkaLeaderDemotion - DEBUG - [get_partition_metadata:472] - Added partition: user-events-10, Leader=1002, Replicas=[1002, 1004, 1003], ISR=[1002, 1004, 1003]
2025-10-27 15:06:46,957 - KafkaLeaderDemotion - DEBUG - [get_partition_metadata:472] - Added partition: user-events-11, Leader=1001, Replicas=[1004, 1001, 1003], ISR=[1001, 1004, 1003]
2025-10-27 15:06:46,957 - KafkaLeaderDemotion - DEBUG - [get_partition_metadata:472] - Added partition: user-events-12, Leader=1002, Replicas=[1002, 1004, 1003], ISR=[1002, 1004, 1003]
2025-10-27 15:06:46,957 - KafkaLeaderDemotion - DEBUG - [get_partition_metadata:472] - Added partition: user-events-13, Leader=1001, Replicas=[1004, 1001, 1003], ISR=[1004, 1001, 1003]
2025-10-27 15:06:46,957 - KafkaLeaderDemotion - DEBUG - [get_partition_metadata:472] - Added partition: user-events-14, Leader=1001, Replicas=[1004, 1001, 1002], ISR=[1001, 1004, 1002]
2025-10-27 15:06:46,958 - KafkaLeaderDemotion - DEBUG - [get_partition_metadata:472] - Added partition: user-events-15, Leader=1001, Replicas=[1004, 1001, 1003], ISR=[1001, 1004, 1003]
2025-10-27 15:06:46,958 - KafkaLeaderDemotion - DEBUG - [get_partition_metadata:472] - Added partition: user-events-16, Leader=1003, Replicas=[1003, 1004, 1001], ISR=[1004, 1001, 1003]
2025-10-27 15:06:46,958 - KafkaLeaderDemotion - DEBUG - [get_partition_metadata:472] - Added partition: user-events-17, Leader=1002, Replicas=[1002, 1004, 1001], ISR=[1001, 1002, 1004]
2025-10-27 15:06:46,958 - KafkaLeaderDemotion - DEBUG - [get_partition_metadata:472] - Added partition: user-events-18, Leader=1001, Replicas=[1004, 1001, 1003], ISR=[1001, 1004, 1003]
2025-10-27 15:06:46,958 - KafkaLeaderDemotion - DEBUG - [get_partition_metadata:472] - Added partition: user-events-19, Leader=1002, Replicas=[1002, 1004, 1003], ISR=[1002, 1004, 1003]
2025-10-27 15:06:46,958 - KafkaLeaderDemotion - DEBUG - [get_partition_metadata:472] - Added partition: user-events-20, Leader=1004, Replicas=[1004, 1001, 1002], ISR=[1001, 1004, 1002]
2025-10-27 15:06:46,958 - KafkaLeaderDemotion - DEBUG - [get_partition_metadata:472] - Added partition: user-events-21, Leader=1004, Replicas=[1004, 1002, 1003], ISR=[1002, 1003, 1004]
2025-10-27 15:06:46,958 - KafkaLeaderDemotion - DEBUG - [get_partition_metadata:472] - Added partition: user-events-22, Leader=1004, Replicas=[1004, 1003, 1001], ISR=[1004, 1003, 1001]
2025-10-27 15:06:46,958 - KafkaLeaderDemotion - DEBUG - [get_partition_metadata:472] - Added partition: user-events-23, Leader=1004, Replicas=[1004, 1002, 1001], ISR=[1001, 1002, 1004]
2025-10-27 15:06:46,958 - KafkaLeaderDemotion - DEBUG - [get_partition_metadata:472] - Added partition: user-events-24, Leader=1004, Replicas=[1004, 1003, 1002], ISR=[1002, 1004, 1003]
2025-10-27 15:06:46,958 - KafkaLeaderDemotion - DEBUG - [get_partition_metadata:472] - Added partition: user-events-25, Leader=1004, Replicas=[1004, 1001, 1003], ISR=[1004, 1003, 1001]
2025-10-27 15:06:46,958 - KafkaLeaderDemotion - DEBUG - [get_partition_metadata:472] - Added partition: user-events-26, Leader=1004, Replicas=[1004, 1002, 1003], ISR=[1004, 1003, 1002]
2025-10-27 15:06:46,959 - KafkaLeaderDemotion - DEBUG - [get_partition_metadata:472] - Added partition: user-events-27, Leader=1004, Replicas=[1004, 1001, 1002], ISR=[1002, 1001, 1004]
2025-10-27 15:06:46,959 - KafkaLeaderDemotion - DEBUG - [get_partition_metadata:472] - Added partition: user-events-28, Leader=1004, Replicas=[1004, 1002, 1003], ISR=[1002, 1004, 1003]
2025-10-27 15:06:46,959 - KafkaLeaderDemotion - DEBUG - [get_partition_metadata:472] - Added partition: user-events-29, Leader=1004, Replicas=[1004, 1003, 1001], ISR=[1004, 1003, 1001]
2025-10-27 15:06:46,959 - KafkaLeaderDemotion - DEBUG - [get_partition_metadata:433] - Found topic: production
2025-10-27 15:06:46,959 - KafkaLeaderDemotion - DEBUG - [get_partition_metadata:472] - Added partition: production-0, Leader=1004, Replicas=[1004, 1003, 1001], ISR=[1004, 1003, 1001]
2025-10-27 15:06:46,959 - KafkaLeaderDemotion - DEBUG - [get_partition_metadata:472] - Added partition: production-1, Leader=1002, Replicas=[1002, 1003, 1001], ISR=[1001, 1003, 1002]
2025-10-27 15:06:46,959 - KafkaLeaderDemotion - DEBUG - [get_partition_metadata:472] - Added partition: production-2, Leader=1004, Replicas=[1004, 1002, 1001], ISR=[1002, 1001, 1004]
2025-10-27 15:06:46,959 - KafkaLeaderDemotion - DEBUG - [get_partition_metadata:472] - Added partition: production-3, Leader=1003, Replicas=[1003, 1004, 1002], ISR=[1002, 1004, 1003]
2025-10-27 15:06:46,959 - KafkaLeaderDemotion - DEBUG - [get_partition_metadata:472] - Added partition: production-4, Leader=1003, Replicas=[1003, 1001, 1004], ISR=[1001, 1004, 1003]
2025-10-27 15:06:46,959 - KafkaLeaderDemotion - DEBUG - [get_partition_metadata:472] - Added partition: production-5, Leader=1003, Replicas=[1003, 1002, 1001], ISR=[1002, 1001, 1003]
2025-10-27 15:06:46,959 - KafkaLeaderDemotion - DEBUG - [get_partition_metadata:472] - Added partition: production-6, Leader=1003, Replicas=[1003, 1004, 1002], ISR=[1002, 1004, 1003]
2025-10-27 15:06:46,959 - KafkaLeaderDemotion - DEBUG - [get_partition_metadata:433] - Found topic: secound10
2025-10-27 15:06:46,959 - KafkaLeaderDemotion - DEBUG - [get_partition_metadata:472] - Added partition: secound10-0, Leader=1003, Replicas=[1003, 1002, 1001], ISR=[1002, 1001, 1003]
2025-10-27 15:06:46,960 - KafkaLeaderDemotion - DEBUG - [get_partition_metadata:472] - Added partition: secound10-1, Leader=1003, Replicas=[1003, 1001, 1004], ISR=[1001, 1003, 1004]
2025-10-27 15:06:46,960 - KafkaLeaderDemotion - DEBUG - [get_partition_metadata:472] - Added partition: secound10-2, Leader=1002, Replicas=[1002, 1003, 1004], ISR=[1003, 1004, 1002]
2025-10-27 15:06:46,960 - KafkaLeaderDemotion - DEBUG - [get_partition_metadata:433] - Found topic: production2
2025-10-27 15:06:46,960 - KafkaLeaderDemotion - DEBUG - [get_partition_metadata:472] - Added partition: production2-0, Leader=1002, Replicas=[1002, 1003, 1004], ISR=[1004, 1003, 1002]
2025-10-27 15:06:46,960 - KafkaLeaderDemotion - DEBUG - [get_partition_metadata:472] - Added partition: production2-1, Leader=1003, Replicas=[1003, 1001, 1004], ISR=[1004, 1003, 1001]
2025-10-27 15:06:46,960 - KafkaLeaderDemotion - DEBUG - [get_partition_metadata:472] - Added partition: production2-2, Leader=1003, Replicas=[1003, 1002, 1001], ISR=[1001, 1003, 1002]
2025-10-27 15:06:46,960 - KafkaLeaderDemotion - DEBUG - [get_partition_metadata:472] - Added partition: production2-3, Leader=1001, Replicas=[1004, 1001, 1002], ISR=[1001, 1002, 1004]
2025-10-27 15:06:46,960 - KafkaLeaderDemotion - DEBUG - [get_partition_metadata:472] - Added partition: production2-4, Leader=1003, Replicas=[1003, 1004, 1002], ISR=[1004, 1002, 1003]
2025-10-27 15:06:46,960 - KafkaLeaderDemotion - DEBUG - [get_partition_metadata:472] - Added partition: production2-5, Leader=1003, Replicas=[1003, 1001, 1004], ISR=[1004, 1001, 1003]
2025-10-27 15:06:46,960 - KafkaLeaderDemotion - DEBUG - [get_partition_metadata:472] - Added partition: production2-6, Leader=1003, Replicas=[1003, 1002, 1001], ISR=[1001, 1002, 1003]
2025-10-27 15:06:46,960 - KafkaLeaderDemotion - DEBUG - [get_partition_metadata:472] - Added partition: production2-7, Leader=1003, Replicas=[1003, 1002, 1004], ISR=[1002, 1004, 1003]
2025-10-27 15:06:46,960 - KafkaLeaderDemotion - DEBUG - [get_partition_metadata:472] - Added partition: production2-8, Leader=1003, Replicas=[1003, 1004, 1001], ISR=[1001, 1004, 1003]
2025-10-27 15:06:46,961 - KafkaLeaderDemotion - DEBUG - [get_partition_metadata:472] - Added partition: production2-9, Leader=1003, Replicas=[1003, 1002, 1001], ISR=[1002, 1001, 1003]
2025-10-27 15:06:46,961 - KafkaLeaderDemotion - DEBUG - [get_partition_metadata:433] - Found topic: test.event
2025-10-27 15:06:46,961 - KafkaLeaderDemotion - DEBUG - [get_partition_metadata:472] - Added partition: test.event-0, Leader=1001, Replicas=[1004, 1001, 1002], ISR=[1002, 1004, 1001]
2025-10-27 15:06:46,961 - KafkaLeaderDemotion - DEBUG - [get_partition_metadata:472] - Added partition: test.event-1, Leader=1004, Replicas=[1004, 1002, 1003], ISR=[1004, 1003, 1002]
2025-10-27 15:06:46,961 - KafkaLeaderDemotion - DEBUG - [get_partition_metadata:472] - Added partition: test.event-2, Leader=1003, Replicas=[1003, 1004, 1001], ISR=[1001, 1003, 1004]
2025-10-27 15:06:46,961 - KafkaLeaderDemotion - DEBUG - [get_partition_metadata:472] - Added partition: test.event-3, Leader=1002, Replicas=[1002, 1001, 1003], ISR=[1002, 1003, 1001]
2025-10-27 15:06:46,961 - KafkaLeaderDemotion - DEBUG - [get_partition_metadata:472] - Added partition: test.event-4, Leader=1004, Replicas=[1004, 1002, 1001], ISR=[1001, 1004, 1002]
2025-10-27 15:06:46,961 - KafkaLeaderDemotion - DEBUG - [get_partition_metadata:472] - Added partition: test.event-5, Leader=1002, Replicas=[1002, 1004, 1003], ISR=[1002, 1003, 1004]
2025-10-27 15:06:46,961 - KafkaLeaderDemotion - DEBUG - [get_partition_metadata:433] - Found topic: secound3
2025-10-27 15:06:46,961 - KafkaLeaderDemotion - DEBUG - [get_partition_metadata:472] - Added partition: secound3-0, Leader=1004, Replicas=[1004, 1001, 1003], ISR=[1001, 1003, 1004]
2025-10-27 15:06:46,961 - KafkaLeaderDemotion - DEBUG - [get_partition_metadata:472] - Added partition: secound3-1, Leader=1004, Replicas=[1004, 1002, 1003], ISR=[1003, 1004, 1002]
2025-10-27 15:06:46,961 - KafkaLeaderDemotion - DEBUG - [get_partition_metadata:472] - Added partition: secound3-2, Leader=1002, Replicas=[1002, 1001, 1004], ISR=[1004, 1002, 1001]
2025-10-27 15:06:46,962 - KafkaLeaderDemotion - DEBUG - [get_partition_metadata:433] - Found topic: example.events.prod
2025-10-27 15:06:46,962 - KafkaLeaderDemotion - DEBUG - [get_partition_metadata:472] - Added partition: example.events.prod-0, Leader=1001, Replicas=[1004, 1001, 1003], ISR=[1001, 1003, 1004]
2025-10-27 15:06:46,962 - KafkaLeaderDemotion - DEBUG - [get_partition_metadata:472] - Added partition: example.events.prod-1, Leader=1004, Replicas=[1004, 1003, 1002], ISR=[1003, 1004, 1002]
2025-10-27 15:06:46,962 - KafkaLeaderDemotion - DEBUG - [get_partition_metadata:472] - Added partition: example.events.prod-2, Leader=1001, Replicas=[1004, 1001, 1002], ISR=[1004, 1002, 1001]
2025-10-27 15:06:46,962 - KafkaLeaderDemotion - DEBUG - [get_partition_metadata:472] - Added partition: example.events.prod-3, Leader=1001, Replicas=[1002, 1001, 1003], ISR=[1002, 1001, 1003]
2025-10-27 15:06:46,962 - KafkaLeaderDemotion - DEBUG - [get_partition_metadata:472] - Added partition: example.events.prod-4, Leader=1001, Replicas=[1004, 1001, 1002], ISR=[1001, 1004, 1002]
2025-10-27 15:06:46,962 - KafkaLeaderDemotion - DEBUG - [get_partition_metadata:472] - Added partition: example.events.prod-5, Leader=1002, Replicas=[1002, 1001, 1003], ISR=[1003, 1002, 1001]
2025-10-27 15:06:46,962 - KafkaLeaderDemotion - DEBUG - [get_partition_metadata:472] - Added partition: example.events.prod-6, Leader=1004, Replicas=[1004, 1003, 1001], ISR=[1004, 1001, 1003]
2025-10-27 15:06:46,962 - KafkaLeaderDemotion - DEBUG - [get_partition_metadata:472] - Added partition: example.events.prod-7, Leader=1003, Replicas=[1003, 1004, 1002], ISR=[1002, 1003, 1004]
2025-10-27 15:06:46,962 - KafkaLeaderDemotion - DEBUG - [get_partition_metadata:472] - Added partition: example.events.prod-8, Leader=1001, Replicas=[1002, 1001, 1003], ISR=[1001, 1002, 1003]
2025-10-27 15:06:46,962 - KafkaLeaderDemotion - DEBUG - [get_partition_metadata:472] - Added partition: example.events.prod-9, Leader=1004, Replicas=[1004, 1001, 1003], ISR=[1003, 1001, 1004]
2025-10-27 15:06:46,962 - KafkaLeaderDemotion - DEBUG - [get_partition_metadata:472] - Added partition: example.events.prod-10, Leader=1002, Replicas=[1002, 1003, 1004], ISR=[1004, 1003, 1002]
2025-10-27 15:06:46,963 - KafkaLeaderDemotion - DEBUG - [get_partition_metadata:472] - Added partition: example.events.prod-11, Leader=1001, Replicas=[1004, 1001, 1002], ISR=[1002, 1004, 1001]
2025-10-27 15:06:46,963 - KafkaLeaderDemotion - DEBUG - [get_partition_metadata:433] - Found topic: secound1
2025-10-27 15:06:46,963 - KafkaLeaderDemotion - DEBUG - [get_partition_metadata:472] - Added partition: secound1-0, Leader=1003, Replicas=[1003, 1001, 1004], ISR=[1004, 1003, 1001]
2025-10-27 15:06:46,963 - KafkaLeaderDemotion - DEBUG - [get_partition_metadata:472] - Added partition: secound1-1, Leader=1003, Replicas=[1003, 1002, 1001], ISR=[1001, 1003, 1002]
2025-10-27 15:06:46,963 - KafkaLeaderDemotion - DEBUG - [get_partition_metadata:472] - Added partition: secound1-2, Leader=1004, Replicas=[1004, 1002, 1001], ISR=[1001, 1002, 1004]
2025-10-27 15:06:46,963 - KafkaLeaderDemotion - INFO - [get_partition_metadata:483] - Retrieved metadata for 9 topics
2025-10-27 15:06:46,963 - KafkaLeaderDemotion - INFO - [get_partition_metadata:487] - Total partitions: 77
2025-10-27 15:06:46,963 - KafkaLeaderDemotion - INFO - [find_partitions_to_demote:936] - Found 20 partitions where broker 1001 is leader
2025-10-27 15:06:46,965 - KafkaLeaderDemotion - INFO - [save_current_state:1062] - Current state saved to /data/kafka_demotion_state/demotion_state_broker_1001_20251027_150646.json
2025-10-27 15:06:46,965 - KafkaLeaderDemotion - INFO - [get_brokers_resource_info:1002] - Gathering resource information for brokers
2025-10-27 15:06:46,965 - KafkaLeaderDemotion - DEBUG - [get_broker_hostname:307] - Fetching hostname for broker 1001
2025-10-27 15:06:49,047 - KafkaLeaderDemotion - INFO - [get_broker_hostname:325] - Broker 1001 hostname: stg-hdpashique103.phonepe.nb6
2025-10-27 15:06:49,047 - KafkaLeaderDemotion - DEBUG - [get_broker_cpu_usage:181] - Querying CPU metrics for stg-hdpashique103.phonepe.nb6
2025-10-27 15:06:49,184 - KafkaLeaderDemotion - INFO - [get_broker_cpu_usage:200] - CPU usage for stg-hdpashique103.phonepe.nb6: 6.73%
2025-10-27 15:06:49,184 - KafkaLeaderDemotion - DEBUG - [get_broker_disk_usage:235] - Querying disk metrics for stg-hdpashique103.phonepe.nb6:/data
2025-10-27 15:06:49,210 - KafkaLeaderDemotion - INFO - [get_broker_disk_usage:253] - Disk usage for stg-hdpashique103.phonepe.nb6:/data: 1.45%
2025-10-27 15:06:49,211 - KafkaLeaderDemotion - DEBUG - [get_broker_hostname:307] - Fetching hostname for broker 1002
2025-10-27 15:06:51,182 - KafkaLeaderDemotion - INFO - [get_broker_hostname:325] - Broker 1002 hostname: stg-hdpashique102.phonepe.nb6
2025-10-27 15:06:51,182 - KafkaLeaderDemotion - DEBUG - [get_broker_cpu_usage:181] - Querying CPU metrics for stg-hdpashique102.phonepe.nb6
2025-10-27 15:06:51,388 - KafkaLeaderDemotion - INFO - [get_broker_cpu_usage:200] - CPU usage for stg-hdpashique102.phonepe.nb6: 7.58%
2025-10-27 15:06:51,388 - KafkaLeaderDemotion - DEBUG - [get_broker_disk_usage:235] - Querying disk metrics for stg-hdpashique102.phonepe.nb6:/data
2025-10-27 15:06:51,408 - KafkaLeaderDemotion - INFO - [get_broker_disk_usage:253] - Disk usage for stg-hdpashique102.phonepe.nb6:/data: 1.44%
2025-10-27 15:06:51,408 - KafkaLeaderDemotion - DEBUG - [get_broker_hostname:307] - Fetching hostname for broker 1003
2025-10-27 15:06:53,423 - KafkaLeaderDemotion - INFO - [get_broker_hostname:325] - Broker 1003 hostname: stg-hdpashique101.phonepe.nb6
2025-10-27 15:06:53,423 - KafkaLeaderDemotion - DEBUG - [get_broker_cpu_usage:181] - Querying CPU metrics for stg-hdpashique101.phonepe.nb6
2025-10-27 15:06:53,510 - KafkaLeaderDemotion - INFO - [get_broker_cpu_usage:200] - CPU usage for stg-hdpashique101.phonepe.nb6: 26.91%
2025-10-27 15:06:53,510 - KafkaLeaderDemotion - DEBUG - [get_broker_disk_usage:235] - Querying disk metrics for stg-hdpashique101.phonepe.nb6:/data
2025-10-27 15:06:53,533 - KafkaLeaderDemotion - INFO - [get_broker_disk_usage:253] - Disk usage for stg-hdpashique101.phonepe.nb6:/data: 1.49%
2025-10-27 15:06:53,533 - KafkaLeaderDemotion - DEBUG - [get_broker_hostname:307] - Fetching hostname for broker 1004
2025-10-27 15:06:55,621 - KafkaLeaderDemotion - INFO - [get_broker_hostname:325] - Broker 1004 hostname: stg-hdpashique104.phonepe.nb6
2025-10-27 15:06:55,621 - KafkaLeaderDemotion - DEBUG - [get_broker_cpu_usage:181] - Querying CPU metrics for stg-hdpashique104.phonepe.nb6
2025-10-27 15:06:55,823 - KafkaLeaderDemotion - INFO - [get_broker_cpu_usage:200] - CPU usage for stg-hdpashique104.phonepe.nb6: 4.42%
2025-10-27 15:06:55,824 - KafkaLeaderDemotion - DEBUG - [get_broker_disk_usage:235] - Querying disk metrics for stg-hdpashique104.phonepe.nb6:/data
2025-10-27 15:06:55,846 - KafkaLeaderDemotion - INFO - [get_broker_disk_usage:253] - Disk usage for stg-hdpashique104.phonepe.nb6:/data: 0.00%
2025-10-27 15:06:55,847 - KafkaLeaderDemotion - DEBUG - [select_best_replica:969] - Broker 1004 eligible: CPU=4.42%, Disk=0.00%
2025-10-27 15:06:55,847 - KafkaLeaderDemotion - DEBUG - [select_best_replica:969] - Broker 1002 eligible: CPU=7.58%, Disk=1.44%
2025-10-27 15:06:55,847 - KafkaLeaderDemotion - INFO - [select_best_replica:986] - Selected broker 1004 as new leader (CPU=4.42%, Disk=0.00%)
2025-10-27 15:06:55,847 - KafkaLeaderDemotion - DEBUG - [select_best_replica:969] - Broker 1004 eligible: CPU=4.42%, Disk=0.00%
2025-10-27 15:06:55,847 - KafkaLeaderDemotion - DEBUG - [select_best_replica:969] - Broker 1002 eligible: CPU=7.58%, Disk=1.44%
2025-10-27 15:06:55,847 - KafkaLeaderDemotion - INFO - [select_best_replica:986] - Selected broker 1004 as new leader (CPU=4.42%, Disk=0.00%)
2025-10-27 15:06:55,847 - KafkaLeaderDemotion - DEBUG - [select_best_replica:969] - Broker 1004 eligible: CPU=4.42%, Disk=0.00%
2025-10-27 15:06:55,847 - KafkaLeaderDemotion - DEBUG - [select_best_replica:969] - Broker 1002 eligible: CPU=7.58%, Disk=1.44%
2025-10-27 15:06:55,847 - KafkaLeaderDemotion - INFO - [select_best_replica:986] - Selected broker 1004 as new leader (CPU=4.42%, Disk=0.00%)
2025-10-27 15:06:55,847 - KafkaLeaderDemotion - DEBUG - [select_best_replica:969] - Broker 1004 eligible: CPU=4.42%, Disk=0.00%
2025-10-27 15:06:55,847 - KafkaLeaderDemotion - DEBUG - [select_best_replica:969] - Broker 1003 eligible: CPU=26.91%, Disk=1.49%
2025-10-27 15:06:55,848 - KafkaLeaderDemotion - INFO - [select_best_replica:986] - Selected broker 1004 as new leader (CPU=4.42%, Disk=0.00%)
2025-10-27 15:06:55,848 - KafkaLeaderDemotion - DEBUG - [select_best_replica:969] - Broker 1004 eligible: CPU=4.42%, Disk=0.00%
2025-10-27 15:06:55,848 - KafkaLeaderDemotion - DEBUG - [select_best_replica:969] - Broker 1003 eligible: CPU=26.91%, Disk=1.49%
2025-10-27 15:06:55,848 - KafkaLeaderDemotion - INFO - [select_best_replica:986] - Selected broker 1004 as new leader (CPU=4.42%, Disk=0.00%)
2025-10-27 15:06:55,848 - KafkaLeaderDemotion - DEBUG - [select_best_replica:969] - Broker 1004 eligible: CPU=4.42%, Disk=0.00%
2025-10-27 15:06:55,848 - KafkaLeaderDemotion - DEBUG - [select_best_replica:969] - Broker 1003 eligible: CPU=26.91%, Disk=1.49%
2025-10-27 15:06:55,848 - KafkaLeaderDemotion - INFO - [select_best_replica:986] - Selected broker 1004 as new leader (CPU=4.42%, Disk=0.00%)
2025-10-27 15:06:55,848 - KafkaLeaderDemotion - DEBUG - [select_best_replica:969] - Broker 1004 eligible: CPU=4.42%, Disk=0.00%
2025-10-27 15:06:55,848 - KafkaLeaderDemotion - DEBUG - [select_best_replica:969] - Broker 1003 eligible: CPU=26.91%, Disk=1.49%
2025-10-27 15:06:55,848 - KafkaLeaderDemotion - INFO - [select_best_replica:986] - Selected broker 1004 as new leader (CPU=4.42%, Disk=0.00%)
2025-10-27 15:06:55,848 - KafkaLeaderDemotion - DEBUG - [select_best_replica:969] - Broker 1004 eligible: CPU=4.42%, Disk=0.00%
2025-10-27 15:06:55,848 - KafkaLeaderDemotion - DEBUG - [select_best_replica:969] - Broker 1003 eligible: CPU=26.91%, Disk=1.49%
2025-10-27 15:06:55,849 - KafkaLeaderDemotion - INFO - [select_best_replica:986] - Selected broker 1004 as new leader (CPU=4.42%, Disk=0.00%)
2025-10-27 15:06:55,849 - KafkaLeaderDemotion - DEBUG - [select_best_replica:969] - Broker 1004 eligible: CPU=4.42%, Disk=0.00%
2025-10-27 15:06:55,849 - KafkaLeaderDemotion - DEBUG - [select_best_replica:969] - Broker 1003 eligible: CPU=26.91%, Disk=1.49%
2025-10-27 15:06:55,849 - KafkaLeaderDemotion - INFO - [select_best_replica:986] - Selected broker 1004 as new leader (CPU=4.42%, Disk=0.00%)
2025-10-27 15:06:55,849 - KafkaLeaderDemotion - DEBUG - [select_best_replica:969] - Broker 1004 eligible: CPU=4.42%, Disk=0.00%
2025-10-27 15:06:55,849 - KafkaLeaderDemotion - DEBUG - [select_best_replica:969] - Broker 1002 eligible: CPU=7.58%, Disk=1.44%
2025-10-27 15:06:55,849 - KafkaLeaderDemotion - INFO - [select_best_replica:986] - Selected broker 1004 as new leader (CPU=4.42%, Disk=0.00%)
2025-10-27 15:06:55,849 - KafkaLeaderDemotion - DEBUG - [select_best_replica:969] - Broker 1004 eligible: CPU=4.42%, Disk=0.00%
2025-10-27 15:06:55,849 - KafkaLeaderDemotion - DEBUG - [select_best_replica:969] - Broker 1003 eligible: CPU=26.91%, Disk=1.49%
2025-10-27 15:06:55,849 - KafkaLeaderDemotion - INFO - [select_best_replica:986] - Selected broker 1004 as new leader (CPU=4.42%, Disk=0.00%)
2025-10-27 15:06:55,849 - KafkaLeaderDemotion - DEBUG - [select_best_replica:969] - Broker 1004 eligible: CPU=4.42%, Disk=0.00%
2025-10-27 15:06:55,849 - KafkaLeaderDemotion - DEBUG - [select_best_replica:969] - Broker 1003 eligible: CPU=26.91%, Disk=1.49%
2025-10-27 15:06:55,849 - KafkaLeaderDemotion - INFO - [select_best_replica:986] - Selected broker 1004 as new leader (CPU=4.42%, Disk=0.00%)
2025-10-27 15:06:55,850 - KafkaLeaderDemotion - DEBUG - [select_best_replica:969] - Broker 1004 eligible: CPU=4.42%, Disk=0.00%
2025-10-27 15:06:55,850 - KafkaLeaderDemotion - DEBUG - [select_best_replica:969] - Broker 1002 eligible: CPU=7.58%, Disk=1.44%
2025-10-27 15:06:55,850 - KafkaLeaderDemotion - INFO - [select_best_replica:986] - Selected broker 1004 as new leader (CPU=4.42%, Disk=0.00%)
2025-10-27 15:06:55,850 - KafkaLeaderDemotion - DEBUG - [select_best_replica:969] - Broker 1004 eligible: CPU=4.42%, Disk=0.00%
2025-10-27 15:06:55,850 - KafkaLeaderDemotion - DEBUG - [select_best_replica:969] - Broker 1002 eligible: CPU=7.58%, Disk=1.44%
2025-10-27 15:06:55,850 - KafkaLeaderDemotion - INFO - [select_best_replica:986] - Selected broker 1004 as new leader (CPU=4.42%, Disk=0.00%)
2025-10-27 15:06:55,850 - KafkaLeaderDemotion - DEBUG - [select_best_replica:969] - Broker 1004 eligible: CPU=4.42%, Disk=0.00%
2025-10-27 15:06:55,850 - KafkaLeaderDemotion - DEBUG - [select_best_replica:969] - Broker 1003 eligible: CPU=26.91%, Disk=1.49%
2025-10-27 15:06:55,850 - KafkaLeaderDemotion - INFO - [select_best_replica:986] - Selected broker 1004 as new leader (CPU=4.42%, Disk=0.00%)
2025-10-27 15:06:55,850 - KafkaLeaderDemotion - DEBUG - [select_best_replica:969] - Broker 1004 eligible: CPU=4.42%, Disk=0.00%
2025-10-27 15:06:55,850 - KafkaLeaderDemotion - DEBUG - [select_best_replica:969] - Broker 1002 eligible: CPU=7.58%, Disk=1.44%
2025-10-27 15:06:55,850 - KafkaLeaderDemotion - INFO - [select_best_replica:986] - Selected broker 1004 as new leader (CPU=4.42%, Disk=0.00%)
2025-10-27 15:06:55,850 - KafkaLeaderDemotion - DEBUG - [select_best_replica:969] - Broker 1002 eligible: CPU=7.58%, Disk=1.44%
2025-10-27 15:06:55,851 - KafkaLeaderDemotion - DEBUG - [select_best_replica:969] - Broker 1003 eligible: CPU=26.91%, Disk=1.49%
2025-10-27 15:06:55,851 - KafkaLeaderDemotion - INFO - [select_best_replica:986] - Selected broker 1002 as new leader (CPU=7.58%, Disk=1.44%)
2025-10-27 15:06:55,851 - KafkaLeaderDemotion - DEBUG - [select_best_replica:969] - Broker 1004 eligible: CPU=4.42%, Disk=0.00%
2025-10-27 15:06:55,851 - KafkaLeaderDemotion - DEBUG - [select_best_replica:969] - Broker 1002 eligible: CPU=7.58%, Disk=1.44%
2025-10-27 15:06:55,851 - KafkaLeaderDemotion - INFO - [select_best_replica:986] - Selected broker 1004 as new leader (CPU=4.42%, Disk=0.00%)
2025-10-27 15:06:55,851 - KafkaLeaderDemotion - DEBUG - [select_best_replica:969] - Broker 1002 eligible: CPU=7.58%, Disk=1.44%
2025-10-27 15:06:55,851 - KafkaLeaderDemotion - DEBUG - [select_best_replica:969] - Broker 1003 eligible: CPU=26.91%, Disk=1.49%
2025-10-27 15:06:55,851 - KafkaLeaderDemotion - INFO - [select_best_replica:986] - Selected broker 1002 as new leader (CPU=7.58%, Disk=1.44%)
2025-10-27 15:06:55,851 - KafkaLeaderDemotion - DEBUG - [select_best_replica:969] - Broker 1004 eligible: CPU=4.42%, Disk=0.00%
2025-10-27 15:06:55,851 - KafkaLeaderDemotion - DEBUG - [select_best_replica:969] - Broker 1002 eligible: CPU=7.58%, Disk=1.44%
2025-10-27 15:06:55,851 - KafkaLeaderDemotion - INFO - [select_best_replica:986] - Selected broker 1004 as new leader (CPU=4.42%, Disk=0.00%)
2025-10-27 15:06:55,853 - KafkaLeaderDemotion - INFO - [create_reassignment_json:1122] - Reassignment JSON created: /data/kafka_demotion_state/reassignment_20251027_150655.json
2025-10-27 15:06:55,853 - KafkaLeaderDemotion - INFO - [demote_broker:1438] - 
Leadership Transfer Plan:
2025-10-27 15:06:55,853 - KafkaLeaderDemotion - INFO - [demote_broker:1439] - ──────────────────────────────────────────────────────────────────────
2025-10-27 15:06:55,853 - KafkaLeaderDemotion - INFO - [demote_broker:1444] - secound-0: 1001 → 1004
2025-10-27 15:06:55,853 - KafkaLeaderDemotion - INFO - [demote_broker:1444] - secound-1: 1001 → 1004
2025-10-27 15:06:55,853 - KafkaLeaderDemotion - INFO - [demote_broker:1444] - secound-2: 1001 → 1004
2025-10-27 15:06:55,853 - KafkaLeaderDemotion - INFO - [demote_broker:1444] - user-events-3: 1001 → 1004
2025-10-27 15:06:55,853 - KafkaLeaderDemotion - INFO - [demote_broker:1444] - user-events-4: 1001 → 1004
2025-10-27 15:06:55,853 - KafkaLeaderDemotion - INFO - [demote_broker:1444] - user-events-6: 1001 → 1004
2025-10-27 15:06:55,853 - KafkaLeaderDemotion - INFO - [demote_broker:1444] - user-events-9: 1001 → 1004
2025-10-27 15:06:55,854 - KafkaLeaderDemotion - INFO - [demote_broker:1444] - user-events-11: 1001 → 1004
2025-10-27 15:06:55,854 - KafkaLeaderDemotion - INFO - [demote_broker:1444] - user-events-13: 1001 → 1004
2025-10-27 15:06:55,854 - KafkaLeaderDemotion - INFO - [demote_broker:1444] - user-events-14: 1001 → 1004
2025-10-27 15:06:55,854 - KafkaLeaderDemotion - INFO - [demote_broker:1444] - user-events-15: 1001 → 1004
2025-10-27 15:06:55,854 - KafkaLeaderDemotion - INFO - [demote_broker:1444] - user-events-18: 1001 → 1004
2025-10-27 15:06:55,854 - KafkaLeaderDemotion - INFO - [demote_broker:1444] - production2-3: 1001 → 1004
2025-10-27 15:06:55,854 - KafkaLeaderDemotion - INFO - [demote_broker:1444] - test.event-0: 1001 → 1004
2025-10-27 15:06:55,854 - KafkaLeaderDemotion - INFO - [demote_broker:1444] - example.events.prod-0: 1001 → 1004
2025-10-27 15:06:55,854 - KafkaLeaderDemotion - INFO - [demote_broker:1444] - example.events.prod-2: 1001 → 1004
2025-10-27 15:06:55,854 - KafkaLeaderDemotion - INFO - [demote_broker:1444] - example.events.prod-3: 1001 → 1002
2025-10-27 15:06:55,855 - KafkaLeaderDemotion - INFO - [demote_broker:1444] - example.events.prod-4: 1001 → 1004
2025-10-27 15:06:55,855 - KafkaLeaderDemotion - INFO - [demote_broker:1444] - example.events.prod-8: 1001 → 1002
2025-10-27 15:06:55,855 - KafkaLeaderDemotion - INFO - [demote_broker:1444] - example.events.prod-11: 1001 → 1004
2025-10-27 15:06:55,855 - KafkaLeaderDemotion - INFO - [demote_broker:1445] - ──────────────────────────────────────────────────────────────────────
2025-10-27 15:06:55,855 - KafkaLeaderDemotion - INFO - [execute_reassignment:1163] - Executing partition reassignment
2025-10-27 15:06:55,855 - KafkaLeaderDemotion - DEBUG - [execute_reassignment:1164] - Command: /usr/odp/3.2.2.0-1/kafka/bin/kafka-reassign-partitions.sh --bootstrap-server stg-hdpashique103:6667 --reassignment-json-file /data/kafka_demotion_state/reassignment_20251027_150655.json --execute
2025-10-27 15:06:59,016 - KafkaLeaderDemotion - INFO - [execute_reassignment:1173] - Reassignment output:
Current partition replica assignment

{"version":1,"partitions":[{"topic":"example.events.prod","partition":0,"replicas":[1004,1001,1003],"log_dirs":["any","any","any"]},{"topic":"example.events.prod","partition":2,"replicas":[1004,1001,1002],"log_dirs":["any","any","any"]},{"topic":"example.events.prod","partition":3,"replicas":[1002,1001,1003],"log_dirs":["any","any","any"]},{"topic":"example.events.prod","partition":4,"replicas":[1004,1001,1002],"log_dirs":["any","any","any"]},{"topic":"example.events.prod","partition":8,"replicas":[1002,1001,1003],"log_dirs":["any","any","any"]},{"topic":"example.events.prod","partition":11,"replicas":[1004,1001,1002],"log_dirs":["any","any","any"]},{"topic":"production2","partition":3,"replicas":[1004,1001,1002],"log_dirs":["any","any","any"]},{"topic":"secound","partition":0,"replicas":[1004,1001,1002],"log_dirs":["any","any","any"]},{"topic":"secound","partition":1,"replicas":[1004,1001,1002],"log_dirs":["any","any","any"]},{"topic":"secound","partition":2,"replicas":[1004,1001,1002],"log_dirs":["any","any","any"]},{"topic":"test.event","partition":0,"replicas":[1004,1001,1002],"log_dirs":["any","any","any"]},{"topic":"user-events","partition":3,"replicas":[1004,1001,1003],"log_dirs":["any","any","any"]},{"topic":"user-events","partition":4,"replicas":[1004,1001,1003],"log_dirs":["any","any","any"]},{"topic":"user-events","partition":6,"replicas":[1004,1001,1003],"log_dirs":["any","any","any"]},{"topic":"user-events","partition":9,"replicas":[1004,1001,1003],"log_dirs":["any","any","any"]},{"topic":"user-events","partition":11,"replicas":[1004,1001,1003],"log_dirs":["any","any","any"]},{"topic":"user-events","partition":13,"replicas":[1004,1001,1003],"log_dirs":["any","any","any"]},{"topic":"user-events","partition":14,"replicas":[1004,1001,1002],"log_dirs":["any","any","any"]},{"topic":"user-events","partition":15,"replicas":[1004,1001,1003],"log_dirs":["any","any","any"]},{"topic":"user-events","partition":18,"replicas":[1004,1001,1003],"log_dirs":["any","any","any"]}]}

Save this to use as the --reassignment-json-file option during rollback
Successfully started partition reassignments for example.events.prod-0,example.events.prod-2,example.events.prod-3,example.events.prod-4,example.events.prod-8,example.events.prod-11,production2-3,secound-0,secound-1,secound-2,test.event-0,user-events-3,user-events-4,user-events-6,user-events-9,user-events-11,user-events-13,user-events-14,user-events-15,user-events-18

2025-10-27 15:06:59,017 - KafkaLeaderDemotion - INFO - [verify_reassignment:1213] - Verifying partition reassignment
2025-10-27 15:07:01,981 - KafkaLeaderDemotion - DEBUG - [verify_reassignment:1229] - Initial verification output:
Status of partition reassignment:
Reassignment of partition example.events.prod-0 is complete.
Reassignment of partition example.events.prod-2 is complete.
Reassignment of partition example.events.prod-3 is complete.
Reassignment of partition example.events.prod-4 is complete.
Reassignment of partition example.events.prod-8 is complete.
Reassignment of partition example.events.prod-11 is complete.
Reassignment of partition production2-3 is complete.
Reassignment of partition secound-0 is complete.
Reassignment of partition secound-1 is complete.
Reassignment of partition secound-2 is complete.
Reassignment of partition test.event-0 is complete.
Reassignment of partition user-events-3 is complete.
Reassignment of partition user-events-4 is complete.
Reassignment of partition user-events-6 is complete.
Reassignment of partition user-events-9 is complete.
Reassignment of partition user-events-11 is complete.
Reassignment of partition user-events-13 is complete.
Reassignment of partition user-events-14 is complete.
Reassignment of partition user-events-15 is complete.
Reassignment of partition user-events-18 is complete.

Clearing broker-level throttles on brokers 1001,1002,1003,1004
Clearing topic-level throttles on topics test.event,secound,example.events.prod,user-events,production2
2025-10-27 15:07:01,982 - KafkaLeaderDemotion - INFO - [verify_reassignment:1252] - Partition reassignment completed successfully (20 partitions)
2025-10-27 15:07:01,982 - KafkaLeaderDemotion - INFO - [demote_broker:1457] - ======================================================================
2025-10-27 15:07:01,982 - KafkaLeaderDemotion - INFO - [demote_broker:1467] - BROKER 1001 SUCCESSFULLY DEMOTED
2025-10-27 15:07:01,982 - KafkaLeaderDemotion - INFO - [demote_broker:1468] - State file for rollback: /data/kafka_demotion_state/demotion_state_broker_1001_20251027_150646.json
2025-10-27 15:07:01,982 - KafkaLeaderDemotion - INFO - [demote_broker:1469] - ======================================================================
2025-10-27 15:07:01,982 - KafkaLeaderDemotion - INFO - [main:1859] - ✓ Leader demotion completed successfully
2025-10-27 15:07:01,982 - KafkaLeaderDemotion - INFO - [main:1860] - To rollback: python kafka_leader_demotion.py --config leader-demoter-input.yaml --broker-id 1001 --rollback
